| | eu-west-1 | us-west-1 | ap-southeast-1 | ca-central-1 | sa-east-1 |
|:---:|:---:|:---:|:---:|:---:|:---:|
| __eu-west-1__ | 0 | 141 | 186 | 72 | 183 |
| __us-west-1__ | 141 | 0 | 181 | 78 | 190 |
| __ap-southeast-1__ | 186 | 181 | 0 | 221 | 338 |
| __ca-central-1__ | 72 | 78 | 221 | 0 | 123 |
| __sa-east-1__ | 183 | 190 | 338 | 123 | 0 |

POOL_SIZE: 1
CONFLICTS: 0
4:
  process metrics:
fast_path_reads: 324
stable: 31936
fast_path: 6400

  executor metrics:
chain_size: avg=1     std=0     p95=1     p99=1     p99.9=1     p99.99=1     min=1     max=1    
execution_delay: avg=0     std=0     p95=0     p99=0     p99.9=0     p99.99=0     min=0     max=0    

2:
  process metrics:
fast_path: 6400
fast_path_reads: 308
stable: 31936

  executor metrics:
chain_size: avg=1     std=0     p95=1     p99=1     p99.9=1     p99.99=1     min=1     max=1    
execution_delay: avg=0     std=0     p95=0     p99=0     p99.9=0     p99.99=0     min=0     max=0    

1:
  process metrics:
fast_path_reads: 296
stable: 31936
fast_path: 6400

  executor metrics:
chain_size: avg=1     std=0     p95=1     p99=1     p99.9=1     p99.99=1     min=1     max=1    
execution_delay: avg=0     std=0     p95=0     p99=0     p99.9=0     p99.99=0     min=0     max=0    

5:
  process metrics:
fast_path: 6400
stable: 31936
fast_path_reads: 302

  executor metrics:
chain_size: avg=1     std=0     p95=1     p99=1     p99.9=1     p99.99=1     min=1     max=1    
execution_delay: avg=0     std=0     p95=0     p99=0     p99.9=0     p99.99=0     min=0     max=0    

3:
  process metrics:
fast_path: 6400
stable: 31936
fast_path_reads: 326

  executor metrics:
chain_size: avg=1     std=0     p95=1     p99=1     p99.9=1     p99.99=1     min=1     max=1    
execution_delay: avg=0     std=0     p95=0     p99=0     p99.9=0     p99.99=0     min=0     max=0    

region = eu-west-1      | avg=140   std=0     p95=140   p99=140   p99.9=140   p99.99=140   min=140   max=140  
region = ap-southeast-1 | avg=186   std=0     p95=186   p99=186   p99.9=186   p99.99=186   min=186   max=186  
region = us-west-1      | avg=140   std=0     p95=140   p99=140   p99.9=140   p99.99=140   min=140   max=140  
region = sa-east-1      | avg=182   std=0     p95=182   p99=182   p99.9=182   p99.99=182   min=182   max=182  
region = ca-central-1   | avg=78    std=0     p95=78    p99=78    p99.9=78    p99.99=78    min=78    max=78   
EPaxos   n = 5 f = 0 c = 32  | wait condition delay: (empty)
EPaxos   n = 5 f = 0 c = 32  | commit latency      : (empty)
EPaxos   n = 5 f = 0 c = 32  | execution latency   : avg=145   std=39    p95=186   p99=186   p99.9=186   p99.99=186   min=78    max=186  
EPaxos   n = 5 f = 0 c = 32  | execution delay     : avg=0     std=0     p95=0     p99=0     p99.9=0     p99.99=0     min=0     max=0    
EPaxos   n = 5 f = 0 c = 32  | fast path rate      : 100.0  
EPaxos   n = 5 f = 0 c = 32  | total orders        : 32000
EPaxos   n = 5 f = 0 c = 32  | throughput          : 1370.5409
3:
  process metrics:
stable: 31936
fast_path_reads: 322
fast_path: 6400

  executor metrics:
execution_delay: avg=0     std=0     p95=0     p99=0     p99.9=0     p99.99=0     min=0     max=0    
chain_size: avg=1     std=0     p95=1     p99=1     p99.9=1     p99.99=1     min=1     max=1    

1:
  process metrics:
fast_path: 6400
fast_path_reads: 297
stable: 31936

  executor metrics:
execution_delay: avg=0     std=0     p95=0     p99=0     p99.9=0     p99.99=0     min=0     max=0    
chain_size: avg=1     std=0     p95=1     p99=1     p99.9=1     p99.99=1     min=1     max=1    

2:
  process metrics:
fast_path_reads: 326
stable: 31936
fast_path: 6400

  executor metrics:
chain_size: avg=1     std=0     p95=1     p99=1     p99.9=1     p99.99=1     min=1     max=1    
execution_delay: avg=0     std=0     p95=0     p99=0     p99.9=0     p99.99=0     min=0     max=0    

4:
  process metrics:
fast_path: 6400
fast_path_reads: 322
stable: 31936

  executor metrics:
execution_delay: avg=0     std=0     p95=0     p99=0     p99.9=0     p99.99=0     min=0     max=0    
chain_size: avg=1     std=0     p95=1     p99=1     p99.9=1     p99.99=1     min=1     max=1    

5:
  process metrics:
fast_path_reads: 314
stable: 31936
fast_path: 6400

  executor metrics:
chain_size: avg=1     std=0     p95=1     p99=1     p99.9=1     p99.99=1     min=1     max=1    
execution_delay: avg=0     std=0     p95=0     p99=0     p99.9=0     p99.99=0     min=0     max=0    

region = eu-west-1      | avg=140   std=0     p95=140   p99=140   p99.9=140   p99.99=140   min=140   max=140  
region = sa-east-1      | avg=182   std=0     p95=182   p99=182   p99.9=182   p99.99=182   min=182   max=182  
region = us-west-1      | avg=140   std=0     p95=140   p99=140   p99.9=140   p99.99=140   min=140   max=140  
region = ap-southeast-1 | avg=186   std=0     p95=186   p99=186   p99.9=186   p99.99=186   min=186   max=186  
region = ca-central-1   | avg=78    std=0     p95=78    p99=78    p99.9=78    p99.99=78    min=78    max=78   
EPaxosMRV n = 5 f = 0 c = 32  | wait condition delay: (empty)
EPaxosMRV n = 5 f = 0 c = 32  | commit latency      : (empty)
EPaxosMRV n = 5 f = 0 c = 32  | execution latency   : avg=145   std=39    p95=186   p99=186   p99.9=186   p99.99=186   min=78    max=186  
EPaxosMRV n = 5 f = 0 c = 32  | execution delay     : avg=0     std=0     p95=0     p99=0     p99.9=0     p99.99=0     min=0     max=0    
EPaxosMRV n = 5 f = 0 c = 32  | fast path rate      : 100.0  
EPaxosMRV n = 5 f = 0 c = 32  | total orders        : 32000
EPaxosMRV n = 5 f = 0 c = 32  | throughput          : 1212.5282
CONFLICTS: 2
4:
  process metrics:
stable: 31998
slow_path: 75
fast_path: 6325
slow_path_reads: 3
fast_path_reads: 366

  executor metrics:
execution_delay: avg=1     std=16    p95=0     p99=45    p99.9=242   p99.99=326   min=0     max=344  
chain_size: avg=1     std=0     p95=1     p99=1     p99.9=4     p99.99=6     min=1     max=8    
out_requests: 0

2:
  process metrics:
slow_path: 67
fast_path: 6333
fast_path_reads: 329
stable: 31998
slow_path_reads: 3

  executor metrics:
chain_size: avg=1     std=0     p95=1     p99=1     p99.9=4     p99.99=6     min=1     max=8    
execution_delay: avg=1     std=15    p95=0     p99=37    p99.9=231   p99.99=286   min=0     max=323  
out_requests: 0

1:
  process metrics:
fast_path_reads: 320
slow_path: 80
fast_path: 6320
slow_path_reads: 6
stable: 31998

  executor metrics:
chain_size: avg=1     std=0     p95=1     p99=1     p99.9=4     p99.99=6     min=1     max=8    
execution_delay: avg=1     std=15    p95=0     p99=39    p99.9=219   p99.99=286   min=0     max=291  
out_requests: 0

3:
  process metrics:
fast_path: 6320
fast_path_reads: 314
slow_path_reads: 3
slow_path: 80
stable: 31998

  executor metrics:
execution_delay: avg=1     std=13    p95=0     p99=24    p99.9=206   p99.99=274   min=0     max=326  
chain_size: avg=1     std=0     p95=1     p99=1     p99.9=4     p99.99=6     min=1     max=8    
out_requests: 0

5:
  process metrics:
stable: 31998
slow_path_reads: 3
fast_path: 6332
slow_path: 68
fast_path_reads: 333

  executor metrics:
chain_size: avg=1     std=0     p95=1     p99=1     p99.9=4     p99.99=6     min=1     max=8    
execution_delay: avg=2     std=16    p95=0     p99=49    p99.9=256   p99.99=342   min=0     max=379  
out_requests: 0

region = ap-southeast-1 | avg=190   std=31    p95=186   p99=380   p99.9=515   p99.99=583   min=186   max=590  
region = eu-west-1      | avg=144   std=29    p95=140   p99=346   p99.9=456   p99.99=476   min=140   max=513  
region = sa-east-1      | avg=186   std=30    p95=182   p99=364   p99.9=534   p99.99=601   min=182   max=637  
region = ca-central-1   | avg=82    std=33    p95=78    p99=295   p99.9=422   p99.99=460   min=78    max=481  
region = us-west-1      | avg=144   std=28    p95=140   p99=316   p99.9=445   p99.99=468   min=140   max=476  
EPaxos   n = 5 f = 0 c = 32  | wait condition delay: (empty)
EPaxos   n = 5 f = 0 c = 32  | commit latency      : (empty)
EPaxos   n = 5 f = 0 c = 32  | execution latency   : avg=149   std=49    p95=186   p99=358   p99.9=484   p99.99=583   min=78    max=637  
EPaxos   n = 5 f = 0 c = 32  | execution delay     : avg=1     std=15    p95=0     p99=38    p99.9=233   p99.99=314   min=0     max=379  
EPaxos   n = 5 f = 0 c = 32  | fast path rate      : 98.8   
EPaxos   n = 5 f = 0 c = 32  | total orders        : 32000
EPaxos   n = 5 f = 0 c = 32  | throughput          : 1216.7483
5:
  process metrics:
fast_path_reads: 310
slow_path: 31
stable: 31998
fast_path: 6369
slow_path_reads: 3

  executor metrics:
chain_size: avg=1     std=0     p95=1     p99=1     p99.9=1     p99.99=3     min=1     max=5    
execution_delay: avg=0     std=7     p95=0     p99=0     p99.9=120   p99.99=245   min=0     max=288  
out_requests: 0

3:
  process metrics:
fast_path_reads: 296
fast_path: 6355
stable: 31998
slow_path_reads: 7
slow_path: 45

  executor metrics:
chain_size: avg=1     std=0     p95=1     p99=1     p99.9=1     p99.99=3     min=1     max=5    
execution_delay: avg=0     std=4     p95=0     p99=0     p99.9=73    p99.99=190   min=0     max=203  
out_requests: 0

2:
  process metrics:
slow_path_reads: 11
stable: 31998
fast_path: 6358
fast_path_reads: 302
slow_path: 42

  executor metrics:
chain_size: avg=1     std=0     p95=1     p99=1     p99.9=1     p99.99=3     min=1     max=5    
execution_delay: avg=0     std=5     p95=0     p99=0     p99.9=103   p99.99=210   min=0     max=231  
out_requests: 0

1:
  process metrics:
slow_path: 46
stable: 31998
fast_path_reads: 306
slow_path_reads: 5
fast_path: 6354

  executor metrics:
execution_delay: avg=0     std=5     p95=0     p99=0     p99.9=91    p99.99=194   min=0     max=245  
chain_size: avg=1     std=0     p95=1     p99=1     p99.9=1     p99.99=3     min=1     max=5    
out_requests: 0

4:
  process metrics:
fast_path: 6363
fast_path_reads: 317
slow_path: 37
slow_path_reads: 8
stable: 31998

  executor metrics:
chain_size: avg=1     std=0     p95=1     p99=1     p99.9=1     p99.99=3     min=1     max=5    
execution_delay: avg=0     std=6     p95=0     p99=0     p99.9=108   p99.99=229   min=0     max=290  
out_requests: 0

region = sa-east-1      | avg=183   std=14    p95=182   p99=182   p99.9=364   p99.99=441   min=182   max=451  
region = ca-central-1   | avg=79    std=15    p95=78    p99=78    p99.9=326   p99.99=385   min=78    max=406  
region = ap-southeast-1 | avg=188   std=17    p95=186   p99=186   p99.9=389   p99.99=463   min=186   max=476  
region = eu-west-1      | avg=141   std=15    p95=140   p99=140   p99.9=375   p99.99=416   min=140   max=462  
region = us-west-1      | avg=141   std=16    p95=140   p99=140   p99.9=404   p99.99=420   min=140   max=442  
EPaxosMRV n = 5 f = 0 c = 32  | wait condition delay: (empty)
EPaxosMRV n = 5 f = 0 c = 32  | commit latency      : (empty)
EPaxosMRV n = 5 f = 0 c = 32  | execution latency   : avg=147   std=42    p95=186   p99=186   p99.9=376   p99.99=451   min=78    max=476  
EPaxosMRV n = 5 f = 0 c = 32  | execution delay     : avg=0     std=6     p95=0     p99=0     p99.9=100   p99.99=216   min=0     max=290  
EPaxosMRV n = 5 f = 0 c = 32  | fast path rate      : 99.4   
EPaxosMRV n = 5 f = 0 c = 32  | total orders        : 32000
EPaxosMRV n = 5 f = 0 c = 32  | throughput          : 1141.1317
CONFLICTS: 10
1:
  process metrics:
fast_path: 5853
stable: 31998
slow_path: 547
slow_path_reads: 35
fast_path_reads: 294

  executor metrics:
chain_size: avg=1     std=1     p95=1     p99=1     p99.9=25    p99.99=55    min=1     max=79   
execution_delay: avg=18    std=72    p95=160   p99=378   p99.9=674   p99.99=824   min=0     max=868  
out_requests: 0

2:
  process metrics:
slow_path: 485
fast_path: 5915
stable: 31998
slow_path_reads: 19
fast_path_reads: 306

  executor metrics:
execution_delay: avg=18    std=72    p95=157   p99=379   p99.9=666   p99.99=810   min=0     max=869  
chain_size: avg=1     std=1     p95=1     p99=1     p99.9=25    p99.99=55    min=1     max=79   
out_requests: 0

5:
  process metrics:
slow_path_reads: 19
fast_path_reads: 289
fast_path: 5936
stable: 31998
slow_path: 464

  executor metrics:
chain_size: avg=1     std=1     p95=1     p99=1     p99.9=25    p99.99=55    min=1     max=79   
execution_delay: avg=21    std=80    p95=185   p99=411   p99.9=714   p99.99=851   min=0     max=907  
out_requests: 0

4:
  process metrics:
slow_path: 510
stable: 31998
slow_path_reads: 25
fast_path_reads: 310
fast_path: 5890

  executor metrics:
execution_delay: avg=19    std=76    p95=163   p99=395   p99.9=699   p99.99=829   min=0     max=909  
chain_size: avg=1     std=1     p95=1     p99=1     p99.9=25    p99.99=55    min=1     max=79   
out_requests: 0

3:
  process metrics:
fast_path_reads: 295
slow_path: 537
fast_path: 5863
stable: 31998
slow_path_reads: 25

  executor metrics:
execution_delay: avg=19    std=73    p95=162   p99=382   p99.9=673   p99.99=840   min=0     max=890  
chain_size: avg=1     std=1     p95=1     p99=1     p99.9=25    p99.99=55    min=1     max=79   
out_requests: 0

region = us-west-1      | avg=175   std=110   p95=452   p99=642   p99.9=946   p99.99=1076  min=140   max=1076 
region = ca-central-1   | avg=117   std=127   p95=446   p99=648   p99.9=936   p99.99=1065  min=78    max=1065 
region = eu-west-1      | avg=175   std=112   p95=450   p99=672   p99.9=921   p99.99=1031  min=140   max=1069 
region = ap-southeast-1 | avg=223   std=117   p95=527   p99=737   p99.9=1005  p99.99=1076  min=186   max=1084 
region = sa-east-1      | avg=218   std=119   p95=535   p99=753   p99.9=954   p99.99=1205  min=182   max=1215 
EPaxos   n = 5 f = 0 c = 32  | wait condition delay: (empty)
EPaxos   n = 5 f = 0 c = 32  | commit latency      : (empty)
EPaxos   n = 5 f = 0 c = 32  | execution latency   : avg=182   std=123   p95=488   p99=690   p99.9=950   p99.99=1084  min=78    max=1215 
EPaxos   n = 5 f = 0 c = 32  | execution delay     : avg=19    std=75    p95=165   p99=390   p99.9=686   p99.99=840   min=0     max=909  
EPaxos   n = 5 f = 0 c = 32  | fast path rate      : 92.1   
EPaxos   n = 5 f = 0 c = 32  | total orders        : 32000
EPaxos   n = 5 f = 0 c = 32  | throughput          : 1188.8145
1:
  process metrics:
slow_path_reads: 35
slow_path: 330
fast_path_reads: 295
fast_path: 6070
stable: 31998

  executor metrics:
chain_size: avg=1     std=0     p95=1     p99=1     p99.9=7     p99.99=15    min=1     max=23   
execution_delay: avg=5     std=28    p95=0     p99=168   p99.9=278   p99.99=484   min=0     max=526  
out_requests: 0

4:
  process metrics:
slow_path_reads: 28
slow_path: 274
fast_path_reads: 297
stable: 31998
fast_path: 6126

  executor metrics:
chain_size: avg=1     std=0     p95=1     p99=1     p99.9=7     p99.99=15    min=1     max=23   
execution_delay: avg=5     std=30    p95=0     p99=179   p99.9=321   p99.99=534   min=0     max=576  
out_requests: 0

2:
  process metrics:
fast_path_reads: 303
slow_path: 229
stable: 31998
fast_path: 6171
slow_path_reads: 28

  executor metrics:
chain_size: avg=1     std=0     p95=1     p99=1     p99.9=7     p99.99=15    min=1     max=23   
execution_delay: avg=5     std=28    p95=0     p99=170   p99.9=284   p99.99=475   min=0     max=517  
out_requests: 0

3:
  process metrics:
slow_path: 366
stable: 31998
fast_path_reads: 276
fast_path: 6034
slow_path_reads: 42

  executor metrics:
execution_delay: avg=5     std=27    p95=0     p99=161   p99.9=284   p99.99=470   min=0     max=512  
chain_size: avg=1     std=0     p95=1     p99=1     p99.9=7     p99.99=15    min=1     max=23   
out_requests: 0

5:
  process metrics:
slow_path: 295
slow_path_reads: 31
stable: 31998
fast_path_reads: 282
fast_path: 6105

  executor metrics:
execution_delay: avg=6     std=32    p95=0     p99=186   p99.9=322   p99.99=542   min=0     max=574  
chain_size: avg=1     std=0     p95=1     p99=1     p99.9=7     p99.99=15    min=1     max=23   
out_requests: 0

region = ca-central-1   | avg=93    std=63    p95=213   p99=414   p99.9=501   p99.99=643   min=78    max=732  
region = us-west-1      | avg=152   std=53    p95=280   p99=426   p99.9=496   p99.99=606   min=140   max=716  
region = sa-east-1      | avg=197   std=61    p95=364   p99=516   p99.9=594   p99.99=617   min=182   max=724  
region = eu-west-1      | avg=154   std=56    p95=280   p99=428   p99.9=513   p99.99=562   min=140   max=667  
region = ap-southeast-1 | avg=203   std=64    p95=372   p99=511   p99.9=596   p99.99=625   min=186   max=749  
EPaxosMRV n = 5 f = 0 c = 32  | wait condition delay: (empty)
EPaxosMRV n = 5 f = 0 c = 32  | commit latency      : (empty)
EPaxosMRV n = 5 f = 0 c = 32  | execution latency   : avg=160   std=71    p95=299   p99=463   p99.9=582   p99.99=716   min=78    max=749  
EPaxosMRV n = 5 f = 0 c = 32  | execution delay     : avg=5     std=29    p95=0     p99=173   p99.9=306   p99.99=501   min=0     max=576  
EPaxosMRV n = 5 f = 0 c = 32  | fast path rate      : 95.3   
EPaxosMRV n = 5 f = 0 c = 32  | total orders        : 32000
EPaxosMRV n = 5 f = 0 c = 32  | throughput          : 1087.8329
CONFLICTS: 30
4:
  process metrics:
slow_path: 1038
stable: 31998
fast_path: 5362
fast_path_reads: 241
slow_path_reads: 104

  executor metrics:
execution_delay: avg=28    std=78    p95=224   p99=364   p99.9=504   p99.99=632   min=0     max=636  
chain_size: avg=1     std=2     p95=1     p99=2     p99.9=30    p99.99=61    min=1     max=85   
out_requests: 0

3:
  process metrics:
fast_path: 5361
stable: 31997
slow_path: 1039
fast_path_reads: 211
slow_path_reads: 90

  executor metrics:
chain_size: avg=1     std=2     p95=1     p99=2     p99.9=30    p99.99=61    min=1     max=85   
execution_delay: avg=27    std=73    p95=201   p99=330   p99.9=504   p99.99=589   min=0     max=646  
out_requests: 0

1:
  process metrics:
fast_path_reads: 228
stable: 31998
slow_path: 1106
fast_path: 5294
slow_path_reads: 101

  executor metrics:
chain_size: avg=1     std=2     p95=1     p99=2     p99.9=30    p99.99=61    min=1     max=85   
execution_delay: avg=26    std=72    p95=200   p99=334   p99.9=475   p99.99=581   min=0     max=588  
out_requests: 0

5:
  process metrics:
slow_path_reads: 85
slow_path: 861
fast_path: 5539
fast_path_reads: 236
stable: 31998

  executor metrics:
chain_size: avg=1     std=2     p95=1     p99=2     p99.9=30    p99.99=61    min=1     max=85   
execution_delay: avg=32    std=84    p95=240   p99=378   p99.9=549   p99.99=634   min=0     max=731  
out_requests: 0

2:
  process metrics:
slow_path_reads: 110
stable: 31998
slow_path: 943
fast_path: 5457
fast_path_reads: 207

  executor metrics:
execution_delay: avg=26    std=72    p95=201   p99=336   p99.9=467   p99.99=586   min=0     max=662  
chain_size: avg=1     std=2     p95=1     p99=2     p99.9=30    p99.99=61    min=1     max=85   
out_requests: 0

region = us-west-1      | avg=199   std=123   p95=470   p99=601   p99.9=758   p99.99=802   min=140   max=805  
region = sa-east-1      | avg=242   std=132   p95=551   p99=687   p99.9=794   p99.99=917   min=182   max=951  
region = ap-southeast-1 | avg=247   std=130   p95=542   p99=655   p99.9=872   p99.99=922   min=186   max=930  
region = ca-central-1   | avg=146   std=143   p95=472   p99=601   p99.9=714   p99.99=792   min=78    max=792  
region = eu-west-1      | avg=200   std=123   p95=471   p99=586   p99.9=721   p99.99=794   min=140   max=807  
EPaxosMRV n = 5 f = 0 c = 32  | wait condition delay: (empty)
EPaxosMRV n = 5 f = 0 c = 32  | commit latency      : (empty)
EPaxosMRV n = 5 f = 0 c = 32  | execution latency   : avg=207   std=135   p95=520   p99=621   p99.9=766   p99.99=917   min=78    max=951  
EPaxosMRV n = 5 f = 0 c = 32  | execution delay     : avg=28    std=76    p95=212   p99=350   p99.9=504   p99.99=612   min=0     max=731  
EPaxosMRV n = 5 f = 0 c = 32  | fast path rate      : 84.4   
EPaxosMRV n = 5 f = 0 c = 32  | total orders        : 32000
EPaxosMRV n = 5 f = 0 c = 32  | throughput          : 997.8436
3:
  process metrics:
slow_path: 1577
slow_path_reads: 60
fast_path: 4823
fast_path_reads: 247
stable: 31998

  executor metrics:
execution_delay: avg=66    std=141   p95=386   p99=638   p99.9=841   p99.99=976   min=0     max=1010 
chain_size: avg=1     std=5     p95=1     p99=5     p99.9=89    p99.99=131   min=1     max=137  
out_requests: 0

2:
  process metrics:
slow_path: 1579
stable: 31998
fast_path: 4821
fast_path_reads: 232
slow_path_reads: 71

  executor metrics:
execution_delay: avg=61    std=137   p95=384   p99=604   p99.9=802   p99.99=973   min=0     max=986  
chain_size: avg=1     std=5     p95=1     p99=5     p99.9=89    p99.99=131   min=1     max=137  
out_requests: 0

4:
  process metrics:
slow_path: 1592
fast_path_reads: 244
slow_path_reads: 75
stable: 31998
fast_path: 4808

  executor metrics:
chain_size: avg=1     std=5     p95=1     p99=5     p99.9=89    p99.99=131   min=1     max=137  
execution_delay: avg=66    std=143   p95=402   p99=628   p99.9=830   p99.99=997   min=0     max=1010 
out_requests: 0

5:
  process metrics:
slow_path: 1514
stable: 31998
fast_path_reads: 255
slow_path_reads: 55
fast_path: 4886

  executor metrics:
chain_size: avg=1     std=5     p95=1     p99=5     p99.9=89    p99.99=131   min=1     max=137  
execution_delay: avg=72    std=149   p95=404   p99=644   p99.9=859   p99.99=995   min=0     max=1008 
out_requests: 0

1:
  process metrics:
fast_path: 4723
slow_path_reads: 74
slow_path: 1677
stable: 31998
fast_path_reads: 239

  executor metrics:
chain_size: avg=1     std=5     p95=1     p99=5     p99.9=89    p99.99=131   min=1     max=137  
execution_delay: avg=61    std=136   p95=386   p99=602   p99.9=787   p99.99=972   min=0     max=1025 
out_requests: 0

region = sa-east-1      | avg=306   std=212   p95=740   p99=1057  p99.9=1132  p99.99=1290  min=182   max=1290 
region = us-west-1      | avg=250   std=192   p95=673   p99=924   p99.9=1032  p99.99=1148  min=140   max=1172 
region = eu-west-1      | avg=249   std=192   p95=686   p99=910   p99.9=1025  p99.99=1165  min=140   max=1165 
region = ap-southeast-1 | avg=311   std=210   p95=730   p99=1031  p99.9=1174  p99.99=1315  min=186   max=1315 
region = ca-central-1   | avg=211   std=220   p95=680   p99=904   p99.9=1104  p99.99=1153  min=78    max=1166 
EPaxos   n = 5 f = 0 c = 32  | wait condition delay: (empty)
EPaxos   n = 5 f = 0 c = 32  | commit latency      : (empty)
EPaxos   n = 5 f = 0 c = 32  | execution latency   : avg=266   std=209   p95=716   p99=933   p99.9=1119  p99.99=1293  min=78    max=1315 
EPaxos   n = 5 f = 0 c = 32  | execution delay     : avg=65    std=141   p95=392   p99=627   p99.9=830   p99.99=982   min=0     max=1025 
EPaxos   n = 5 f = 0 c = 32  | fast path rate      : 75.2   
EPaxos   n = 5 f = 0 c = 32  | total orders        : 32000
EPaxos   n = 5 f = 0 c = 32  | throughput          : 965.4727
CONFLICTS: 50
1:
  process metrics:
stable: 31996
fast_path_reads: 161
slow_path: 1769
fast_path: 4631
slow_path_reads: 161

  executor metrics:
chain_size: avg=1     std=4     p95=1     p99=7     p99.9=58    p99.99=105   min=1     max=134  
execution_delay: avg=44    std=93    p95=248   p99=399   p99.9=638   p99.99=786   min=0     max=934  
out_requests: 0

2:
  process metrics:
fast_path_reads: 172
fast_path: 4760
slow_path: 1640
slow_path_reads: 148
stable: 31996

  executor metrics:
execution_delay: avg=44    std=94    p95=256   p99=401   p99.9=655   p99.99=806   min=0     max=959  
chain_size: avg=1     std=4     p95=1     p99=7     p99.9=58    p99.99=105   min=1     max=134  
out_requests: 0

3:
  process metrics:
slow_path: 1917
slow_path_reads: 164
stable: 31996
fast_path_reads: 160
fast_path: 4483

  executor metrics:
chain_size: avg=1     std=4     p95=1     p99=7     p99.9=58    p99.99=105   min=1     max=134  
execution_delay: avg=50    std=98    p95=259   p99=399   p99.9=638   p99.99=797   min=0     max=911  
out_requests: 0

4:
  process metrics:
fast_path_reads: 138
slow_path_reads: 149
stable: 31996
fast_path: 4568
slow_path: 1832

  executor metrics:
execution_delay: avg=49    std=101   p95=275   p99=423   p99.9=677   p99.99=804   min=0     max=987  
chain_size: avg=1     std=4     p95=1     p99=7     p99.9=58    p99.99=105   min=1     max=134  
out_requests: 0

5:
  process metrics:
fast_path_reads: 150
slow_path_reads: 155
fast_path: 4660
slow_path: 1740
stable: 31996

  executor metrics:
chain_size: avg=1     std=4     p95=1     p99=7     p99.9=58    p99.99=105   min=1     max=134  
execution_delay: avg=55    std=108   p95=291   p99=432   p99.9=681   p99.99=805   min=0     max=985  
out_requests: 0

region = ap-southeast-1 | avg=302   std=169   p95=574   p99=746   p99.9=983   p99.99=1169  min=186   max=1169 
region = ca-central-1   | avg=196   std=176   p95=515   p99=678   p99.9=930   p99.99=1065  min=78    max=1117 
region = eu-west-1      | avg=235   std=148   p95=514   p99=649   p99.9=930   p99.99=1066  min=140   max=1066 
region = sa-east-1      | avg=298   std=170   p95=585   p99=744   p99.9=946   p99.99=1169  min=182   max=1169 
region = us-west-1      | avg=242   std=150   p95=524   p99=646   p99.9=961   p99.99=1028  min=140   max=1102 
EPaxosMRV n = 5 f = 0 c = 32  | wait condition delay: (empty)
EPaxosMRV n = 5 f = 0 c = 32  | commit latency      : (empty)
EPaxosMRV n = 5 f = 0 c = 32  | execution latency   : avg=255   std=168   p95=558   p99=725   p99.9=944   p99.99=1169  min=78    max=1169 
EPaxosMRV n = 5 f = 0 c = 32  | execution delay     : avg=48    std=99    p95=266   p99=411   p99.9=655   p99.99=805   min=0     max=987  
EPaxosMRV n = 5 f = 0 c = 32  | fast path rate      : 72.2   
EPaxosMRV n = 5 f = 0 c = 32  | total orders        : 32000
EPaxosMRV n = 5 f = 0 c = 32  | throughput          : 872.2236
1:
  process metrics:
slow_path: 2894
slow_path_reads: 144
stable: 31998
fast_path_reads: 186
fast_path: 3506

  executor metrics:
execution_delay: avg=88    std=144   p95=404   p99=599   p99.9=744   p99.99=814   min=0     max=865  
chain_size: avg=2     std=8     p95=1     p99=34    p99.9=133   p99.99=143   min=1     max=146  
out_requests: 0

5:
  process metrics:
fast_path: 3782
slow_path: 2618
stable: 31998
slow_path_reads: 93
fast_path_reads: 189

  executor metrics:
chain_size: avg=2     std=8     p95=1     p99=34    p99.9=133   p99.99=143   min=1     max=146  
execution_delay: avg=106   std=159   p95=449   p99=646   p99.9=764   p99.99=896   min=0     max=922  
out_requests: 0

3:
  process metrics:
stable: 31999
fast_path: 3778
slow_path: 2622
fast_path_reads: 212
slow_path_reads: 111

  executor metrics:
execution_delay: avg=97    std=149   p95=423   p99=611   p99.9=753   p99.99=910   min=0     max=914  
chain_size: avg=2     std=8     p95=1     p99=34    p99.9=133   p99.99=143   min=1     max=146  
out_requests: 0

4:
  process metrics:
fast_path_reads: 210
stable: 31998
fast_path: 3529
slow_path_reads: 138
slow_path: 2871

  executor metrics:
chain_size: avg=2     std=8     p95=1     p99=34    p99.9=133   p99.99=143   min=1     max=146  
execution_delay: avg=96    std=152   p95=427   p99=622   p99.9=758   p99.99=851   min=0     max=918  
out_requests: 0

2:
  process metrics:
fast_path: 3759
fast_path_reads: 222
stable: 31998
slow_path_reads: 96
slow_path: 2641

  executor metrics:
chain_size: avg=2     std=8     p95=1     p99=34    p99.9=133   p99.99=143   min=1     max=146  
execution_delay: avg=87    std=144   p95=403   p99=598   p99.9=746   p99.99=817   min=0     max=859  
out_requests: 0

region = ca-central-1   | avg=282   std=229   p95=727   p99=881   p99.9=996   p99.99=1032  min=78    max=1034 
region = sa-east-1      | avg=382   std=222   p95=745   p99=932   p99.9=1104  p99.99=1104  min=182   max=1151 
region = us-west-1      | avg=311   std=197   p95=710   p99=888   p99.9=964   p99.99=994   min=140   max=994  
region = ap-southeast-1 | avg=382   std=220   p95=753   p99=942   p99.9=1099  p99.99=1100  min=186   max=1127 
region = eu-west-1      | avg=311   std=199   p95=713   p99=893   p99.9=975   p99.99=1013  min=140   max=1013 
EPaxos   n = 5 f = 0 c = 32  | wait condition delay: (empty)
EPaxos   n = 5 f = 0 c = 32  | commit latency      : (empty)
EPaxos   n = 5 f = 0 c = 32  | execution latency   : avg=334   std=217   p95=736   p99=912   p99.9=1094  p99.99=1104  min=78    max=1151 
EPaxos   n = 5 f = 0 c = 32  | execution delay     : avg=95    std=150   p95=421   p99=615   p99.9=752   p99.99=895   min=0     max=922  
EPaxos   n = 5 f = 0 c = 32  | fast path rate      : 57.4   
EPaxos   n = 5 f = 0 c = 32  | total orders        : 32000
EPaxos   n = 5 f = 0 c = 32  | throughput          : 822.2365
CONFLICTS: 60
4:
  process metrics:
fast_path_reads: 123
slow_path_reads: 191
stable: 31998
slow_path: 2254
fast_path: 4146

  executor metrics:
chain_size: avg=1     std=4     p95=1     p99=16    p99.9=72    p99.99=108   min=1     max=121  
execution_delay: avg=61    std=110   p95=305   p99=437   p99.9=606   p99.99=679   min=0     max=728  
out_requests: 0

3:
  process metrics:
stable: 31998
slow_path_reads: 201
fast_path_reads: 103
fast_path: 4175
slow_path: 2225

  executor metrics:
execution_delay: avg=62    std=105   p95=282   p99=420   p99.9=564   p99.99=720   min=0     max=743  
chain_size: avg=1     std=4     p95=1     p99=16    p99.9=72    p99.99=108   min=1     max=121  
out_requests: 0

2:
  process metrics:
slow_path: 1992
fast_path: 4408
slow_path_reads: 208
fast_path_reads: 134
stable: 31998

  executor metrics:
execution_delay: avg=56    std=102   p95=281   p99=419   p99.9=560   p99.99=663   min=0     max=708  
chain_size: avg=1     std=4     p95=1     p99=16    p99.9=72    p99.99=108   min=1     max=121  
out_requests: 0

5:
  process metrics:
fast_path: 4433
slow_path: 1967
fast_path_reads: 131
stable: 31998
slow_path_reads: 180

  executor metrics:
execution_delay: avg=69    std=116   p95=324   p99=460   p99.9=604   p99.99=714   min=0     max=726  
chain_size: avg=1     std=4     p95=1     p99=16    p99.9=72    p99.99=108   min=1     max=121  
out_requests: 0

1:
  process metrics:
slow_path_reads: 186
stable: 31998
fast_path: 4116
slow_path: 2284
fast_path_reads: 138

  executor metrics:
execution_delay: avg=56    std=102   p95=278   p99=416   p99.9=556   p99.99=649   min=0     max=678  
chain_size: avg=1     std=4     p95=1     p99=16    p99.9=72    p99.99=108   min=1     max=121  
out_requests: 0

region = us-west-1      | avg=264   std=159   p95=549   p99=695   p99.9=834   p99.99=848   min=140   max=869  
region = eu-west-1      | avg=265   std=159   p95=548   p99=694   p99.9=827   p99.99=840   min=140   max=843  
region = ca-central-1   | avg=224   std=187   p95=544   p99=700   p99.9=818   p99.99=824   min=78    max=864  
region = sa-east-1      | avg=317   std=179   p95=613   p99=750   p99.9=900   p99.99=936   min=182   max=938  
region = ap-southeast-1 | avg=325   std=180   p95=631   p99=784   p99.9=932   p99.99=947   min=186   max=955  
EPaxosMRV n = 5 f = 0 c = 32  | wait condition delay: (empty)
EPaxosMRV n = 5 f = 0 c = 32  | commit latency      : (empty)
EPaxosMRV n = 5 f = 0 c = 32  | execution latency   : avg=279   std=177   p95=580   p99=731   p99.9=893   p99.99=936   min=78    max=955  
EPaxosMRV n = 5 f = 0 c = 32  | execution delay     : avg=61    std=107   p95=293   p99=427   p99.9=579   p99.99=682   min=0     max=743  
EPaxosMRV n = 5 f = 0 c = 32  | fast path rate      : 66.5   
EPaxosMRV n = 5 f = 0 c = 32  | total orders        : 32000
EPaxosMRV n = 5 f = 0 c = 32  | throughput          : 804.9405
4:
  process metrics:
slow_path: 3391
fast_path_reads: 178
fast_path: 3009
slow_path_reads: 156
stable: 31998

  executor metrics:
execution_delay: avg=95    std=138   p95=399   p99=587   p99.9=744   p99.99=784   min=0     max=821  
chain_size: avg=2     std=9     p95=2     p99=50    p99.9=136   p99.99=153   min=1     max=154  
out_requests: 0

1:
  process metrics:
fast_path: 2811
fast_path_reads: 181
stable: 31998
slow_path: 3589
slow_path_reads: 153

  executor metrics:
chain_size: avg=2     std=9     p95=2     p99=50    p99.9=136   p99.99=153   min=1     max=154  
execution_delay: avg=85    std=130   p95=372   p99=557   p99.9=700   p99.99=776   min=0     max=776  
out_requests: 0

5:
  process metrics:
fast_path_reads: 191
slow_path: 3281
fast_path: 3119
slow_path_reads: 128
stable: 31998

  executor metrics:
chain_size: avg=2     std=9     p95=2     p99=50    p99.9=136   p99.99=153   min=1     max=154  
execution_delay: avg=109   std=146   p95=400   p99=586   p99.9=746   p99.99=896   min=0     max=908  
out_requests: 0

2:
  process metrics:
slow_path_reads: 178
stable: 31998
fast_path: 2763
fast_path_reads: 162
slow_path: 3637

  executor metrics:
chain_size: avg=2     std=9     p95=2     p99=50    p99.9=136   p99.99=153   min=1     max=154  
execution_delay: avg=84    std=128   p95=366   p99=545   p99.9=701   p99.99=744   min=0     max=840  
out_requests: 0

3:
  process metrics:
stable: 31998
slow_path_reads: 168
fast_path_reads: 166
fast_path: 2907
slow_path: 3493

  executor metrics:
chain_size: avg=2     std=9     p95=2     p99=50    p99.9=136   p99.99=153   min=1     max=154  
execution_delay: avg=97    std=134   p95=368   p99=550   p99.9=706   p99.99=764   min=0     max=906  
out_requests: 0

region = us-west-1      | avg=330   std=178   p95=634   p99=790   p99.9=916   p99.99=980   min=140   max=980  
region = eu-west-1      | avg=332   std=180   p95=670   p99=809   p99.9=916   p99.99=980   min=140   max=984  
region = ap-southeast-1 | avg=412   std=205   p95=732   p99=910   p99.9=1092  p99.99=1132  min=186   max=1132 
region = sa-east-1      | avg=417   std=209   p95=737   p99=926   p99.9=1090  p99.99=1090  min=182   max=1096 
region = ca-central-1   | avg=297   std=210   p95=702   p99=840   p99.9=916   p99.99=934   min=78    max=934  
EPaxos   n = 5 f = 0 c = 32  | wait condition delay: (empty)
EPaxos   n = 5 f = 0 c = 32  | commit latency      : (empty)
EPaxos   n = 5 f = 0 c = 32  | execution latency   : avg=358   std=203   p95=722   p99=896   p99.9=1078  p99.99=1092  min=78    max=1132 
EPaxos   n = 5 f = 0 c = 32  | execution delay     : avg=94    std=136   p95=384   p99=564   p99.9=726   p99.99=776   min=0     max=908  
EPaxos   n = 5 f = 0 c = 32  | fast path rate      : 45.7   
EPaxos   n = 5 f = 0 c = 32  | total orders        : 32000
EPaxos   n = 5 f = 0 c = 32  | throughput          : 754.4246
CONFLICTS: 70
2:
  process metrics:
slow_path_reads: 163
fast_path_reads: 138
stable: 31997
fast_path: 2555
slow_path: 3845

  executor metrics:
chain_size: avg=3     std=11    p95=4     p99=64    p99.9=133   p99.99=150   min=1     max=153  
execution_delay: avg=81    std=111   p95=323   p99=449   p99.9=631   p99.99=691   min=0     max=715  
out_requests: 0

5:
  process metrics:
fast_path: 2310
fast_path_reads: 130
slow_path: 4090
stable: 31997
slow_path_reads: 187

  executor metrics:
chain_size: avg=3     std=11    p95=4     p99=64    p99.9=133   p99.99=150   min=1     max=153  
execution_delay: avg=108   std=126   p95=371   p99=511   p99.9=688   p99.99=748   min=0     max=772  
out_requests: 0

4:
  process metrics:
fast_path_reads: 133
fast_path: 2078
slow_path_reads: 181
slow_path: 4322
stable: 31997

  executor metrics:
chain_size: avg=3     std=11    p95=4     p99=64    p99.9=133   p99.99=150   min=1     max=153  
execution_delay: avg=93    std=120   p95=349   p99=469   p99.9=684   p99.99=750   min=0     max=774  
out_requests: 0

3:
  process metrics:
stable: 31998
slow_path: 4141
fast_path_reads: 140
slow_path_reads: 180
fast_path: 2259

  executor metrics:
execution_delay: avg=95    std=114   p95=334   p99=497   p99.9=580   p99.99=702   min=0     max=714  
chain_size: avg=3     std=11    p95=4     p99=64    p99.9=133   p99.99=150   min=1     max=153  
out_requests: 0

1:
  process metrics:
fast_path: 2333
fast_path_reads: 151
slow_path: 4067
stable: 31997
slow_path_reads: 191

  executor metrics:
chain_size: avg=3     std=11    p95=4     p99=64    p99.9=133   p99.99=150   min=1     max=153  
execution_delay: avg=81    std=111   p95=316   p99=446   p99.9=637   p99.99=697   min=0     max=721  
out_requests: 0

region = ca-central-1   | avg=318   std=177   p95=562   p99=744   p99.9=846   p99.99=852   min=78    max=852  
region = us-west-1      | avg=338   std=151   p95=576   p99=740   p99.9=806   p99.99=834   min=140   max=834  
region = sa-east-1      | avg=442   std=186   p95=722   p99=893   p99.9=918   p99.99=930   min=182   max=930  
region = eu-west-1      | avg=337   std=151   p95=562   p99=735   p99.9=802   p99.99=821   min=140   max=841  
region = ap-southeast-1 | avg=436   std=183   p95=720   p99=888   p99.9=910   p99.99=910   min=186   max=910  
EPaxos   n = 5 f = 0 c = 32  | wait condition delay: (empty)
EPaxos   n = 5 f = 0 c = 32  | commit latency      : (empty)
EPaxos   n = 5 f = 0 c = 32  | execution latency   : avg=375   std=178   p95=647   p99=762   p99.9=909   p99.99=918   min=78    max=930  
EPaxos   n = 5 f = 0 c = 32  | execution delay     : avg=92    std=117   p95=341   p99=470   p99.9=637   p99.99=710   min=0     max=774  
EPaxos   n = 5 f = 0 c = 32  | fast path rate      : 36.0   
EPaxos   n = 5 f = 0 c = 32  | total orders        : 32000
EPaxos   n = 5 f = 0 c = 32  | throughput          : 756.4827
3:
  process metrics:
fast_path: 3745
slow_path: 2655
stable: 31998
slow_path_reads: 252
fast_path_reads: 87

  executor metrics:
execution_delay: avg=71    std=111   p95=308   p99=451   p99.9=597   p99.99=735   min=0     max=768  
chain_size: avg=2     std=5     p95=1     p99=24    p99.9=83    p99.99=125   min=1     max=130  
out_requests: 0

5:
  process metrics:
slow_path_reads: 223
fast_path: 4022
slow_path: 2378
fast_path_reads: 83
stable: 31998

  executor metrics:
execution_delay: avg=79    std=122   p95=339   p99=475   p99.9=622   p99.99=739   min=0     max=757  
chain_size: avg=2     std=5     p95=1     p99=24    p99.9=83    p99.99=125   min=1     max=130  
out_requests: 0

2:
  process metrics:
slow_path: 2358
fast_path: 4042
slow_path_reads: 242
fast_path_reads: 122
stable: 31998

  executor metrics:
chain_size: avg=2     std=5     p95=1     p99=24    p99.9=83    p99.99=125   min=1     max=130  
execution_delay: avg=63    std=107   p95=290   p99=430   p99.9=587   p99.99=669   min=0     max=703  
out_requests: 0

1:
  process metrics:
stable: 31998
slow_path: 2603
slow_path_reads: 215
fast_path: 3797
fast_path_reads: 88

  executor metrics:
execution_delay: avg=64    std=107   p95=289   p99=430   p99.9=590   p99.99=629   min=0     max=662  
chain_size: avg=2     std=5     p95=1     p99=24    p99.9=83    p99.99=125   min=1     max=130  
out_requests: 0

4:
  process metrics:
slow_path_reads: 214
fast_path: 3598
slow_path: 2802
fast_path_reads: 96
stable: 31998

  executor metrics:
chain_size: avg=2     std=5     p95=1     p99=24    p99.9=83    p99.99=125   min=1     max=130  
execution_delay: avg=70    std=115   p95=316   p99=453   p99.9=607   p99.99=672   min=0     max=684  
out_requests: 0

region = ca-central-1   | avg=249   std=190   p95=567   p99=720   p99.9=828   p99.99=828   min=78    max=840  
region = us-west-1      | avg=283   std=163   p95=570   p99=716   p99.9=809   p99.99=840   min=140   max=843  
region = eu-west-1      | avg=280   std=163   p95=568   p99=720   p99.9=782   p99.99=802   min=140   max=802  
region = sa-east-1      | avg=345   std=187   p95=634   p99=773   p99.9=921   p99.99=939   min=182   max=939  
region = ap-southeast-1 | avg=349   std=187   p95=663   p99=811   p99.9=934   p99.99=966   min=186   max=983  
EPaxosMRV n = 5 f = 0 c = 32  | wait condition delay: (empty)
EPaxosMRV n = 5 f = 0 c = 32  | commit latency      : (empty)
EPaxosMRV n = 5 f = 0 c = 32  | execution latency   : avg=301   std=183   p95=594   p99=747   p99.9=921   p99.99=966   min=78    max=983  
EPaxosMRV n = 5 f = 0 c = 32  | execution delay     : avg=69    std=113   p95=311   p99=448   p99.9=597   p99.99=684   min=0     max=768  
EPaxosMRV n = 5 f = 0 c = 32  | fast path rate      : 60.0   
EPaxosMRV n = 5 f = 0 c = 32  | total orders        : 32000
EPaxosMRV n = 5 f = 0 c = 32  | throughput          : 738.8200
CONFLICTS: 80
1:
  process metrics:
stable: 31999
slow_path: 4708
fast_path: 1692
fast_path_reads: 108
slow_path_reads: 214

  executor metrics:
execution_delay: avg=75    std=92    p95=249   p99=345   p99.9=441   p99.99=587   min=0     max=587  
chain_size: avg=4     std=14    p95=18    p99=75    p99.9=124   p99.99=134   min=1     max=136  
out_requests: 0

3:
  process metrics:
stable: 31999
slow_path: 4415
fast_path_reads: 137
slow_path_reads: 201
fast_path: 1985

  executor metrics:
chain_size: avg=4     std=14    p95=18    p99=75    p99.9=124   p99.99=134   min=1     max=136  
execution_delay: avg=91    std=95    p95=259   p99=366   p99.9=471   p99.99=544   min=0     max=572  
out_requests: 0

5:
  process metrics:
slow_path_reads: 176
stable: 31999
slow_path: 4335
fast_path: 2065
fast_path_reads: 142

  executor metrics:
execution_delay: avg=103   std=107   p95=313   p99=394   p99.9=492   p99.99=638   min=0     max=638  
chain_size: avg=4     std=14    p95=18    p99=75    p99.9=124   p99.99=134   min=1     max=136  
out_requests: 0

4:
  process metrics:
stable: 31999
fast_path: 1865
fast_path_reads: 140
slow_path: 4535
slow_path_reads: 169

  executor metrics:
execution_delay: avg=87    std=100   p95=272   p99=394   p99.9=493   p99.99=640   min=0     max=640  
chain_size: avg=4     std=14    p95=18    p99=75    p99.9=124   p99.99=134   min=1     max=136  
out_requests: 0

2:
  process metrics:
slow_path: 4389
fast_path_reads: 143
stable: 31999
fast_path: 2011
slow_path_reads: 220

  executor metrics:
execution_delay: avg=75    std=92    p95=250   p99=345   p99.9=442   p99.99=581   min=0     max=581  
chain_size: avg=4     std=14    p95=18    p99=75    p99.9=124   p99.99=134   min=1     max=136  
out_requests: 0

region = eu-west-1      | avg=342   std=114   p95=533   p99=579   p99.9=718   p99.99=718   min=140   max=742  
region = sa-east-1      | avg=442   std=149   p95=588   p99=728   p99.9=763   p99.99=840   min=182   max=840  
region = ap-southeast-1 | avg=447   std=147   p95=582   p99=721   p99.9=764   p99.99=764   min=186   max=764  
region = ca-central-1   | avg=325   std=137   p95=524   p99=588   p99.9=718   p99.99=718   min=78    max=718  
region = us-west-1      | avg=342   std=114   p95=536   p99=582   p99.9=718   p99.99=718   min=140   max=742  
EPaxos   n = 5 f = 0 c = 32  | wait condition delay: (empty)
EPaxos   n = 5 f = 0 c = 32  | commit latency      : (empty)
EPaxos   n = 5 f = 0 c = 32  | execution latency   : avg=380   std=143   p95=558   p99=702   p99.9=753   p99.99=836   min=78    max=840  
EPaxos   n = 5 f = 0 c = 32  | execution delay     : avg=86    std=98    p95=266   p99=372   p99.9=472   p99.99=578   min=0     max=640  
EPaxos   n = 5 f = 0 c = 32  | fast path rate      : 30.1   
EPaxos   n = 5 f = 0 c = 32  | total orders        : 32000
EPaxos   n = 5 f = 0 c = 32  | throughput          : 792.8782
5:
  process metrics:
fast_path: 3560
slow_path_reads: 254
slow_path: 2840
fast_path_reads: 65
stable: 31998

  executor metrics:
chain_size: avg=2     std=6     p95=1     p99=32    p99.9=101   p99.99=134   min=1     max=139  
execution_delay: avg=86    std=121   p95=346   p99=474   p99.9=594   p99.99=720   min=0     max=726  
out_requests: 0

3:
  process metrics:
slow_path_reads: 247
stable: 31998
slow_path: 3038
fast_path_reads: 54
fast_path: 3362

  executor metrics:
chain_size: avg=2     std=6     p95=1     p99=32    p99.9=101   p99.99=134   min=1     max=139  
execution_delay: avg=77    std=111   p95=323   p99=458   p99.9=566   p99.99=634   min=0     max=732  
out_requests: 0

1:
  process metrics:
slow_path: 2991
slow_path_reads: 260
fast_path: 3409
fast_path_reads: 75
stable: 31998

  executor metrics:
chain_size: avg=2     std=6     p95=1     p99=32    p99.9=101   p99.99=134   min=1     max=139  
execution_delay: avg=68    std=107   p95=293   p99=433   p99.9=561   p99.99=601   min=0     max=650  
out_requests: 0

2:
  process metrics:
fast_path_reads: 58
slow_path_reads: 258
stable: 31998
fast_path: 3564
slow_path: 2836

  executor metrics:
chain_size: avg=2     std=6     p95=1     p99=32    p99.9=101   p99.99=134   min=1     max=139  
execution_delay: avg=69    std=108   p95=297   p99=440   p99.9=558   p99.99=601   min=0     max=650  
out_requests: 0

4:
  process metrics:
slow_path: 3217
fast_path_reads: 67
stable: 31998
slow_path_reads: 263
fast_path: 3183

  executor metrics:
chain_size: avg=2     std=6     p95=1     p99=32    p99.9=101   p99.99=134   min=1     max=139  
execution_delay: avg=75    std=114   p95=319   p99=462   p99.9=596   p99.99=644   min=0     max=656  
out_requests: 0

region = us-west-1      | avg=302   std=161   p95=576   p99=703   p99.9=790   p99.99=809   min=140   max=814  
region = eu-west-1      | avg=297   std=158   p95=557   p99=708   p99.9=770   p99.99=799   min=140   max=809  
region = ca-central-1   | avg=267   std=188   p95=564   p99=722   p99.9=770   p99.99=782   min=78    max=784  
region = ap-southeast-1 | avg=371   std=186   p95=678   p99=764   p99.9=930   p99.99=930   min=186   max=938  
region = sa-east-1      | avg=365   std=185   p95=662   p99=752   p99.9=911   p99.99=930   min=182   max=930  
EPaxosMRV n = 5 f = 0 c = 32  | wait condition delay: (empty)
EPaxosMRV n = 5 f = 0 c = 32  | commit latency      : (empty)
EPaxosMRV n = 5 f = 0 c = 32  | execution latency   : avg=321   std=181   p95=590   p99=741   p99.9=903   p99.99=930   min=78    max=938  
EPaxosMRV n = 5 f = 0 c = 32  | execution delay     : avg=75    std=112   p95=319   p99=454   p99.9=580   p99.99=644   min=0     max=732  
EPaxosMRV n = 5 f = 0 c = 32  | fast path rate      : 53.4   
EPaxosMRV n = 5 f = 0 c = 32  | total orders        : 32000
EPaxosMRV n = 5 f = 0 c = 32  | throughput          : 704.6793
CONFLICTS: 90
1:
  process metrics:
fast_path: 816
fast_path_reads: 45
slow_path: 5584
slow_path_reads: 239
stable: 31998

  executor metrics:
execution_delay: avg=58    std=71    p95=186   p99=246   p99.9=400   p99.99=427   min=0     max=427  
chain_size: avg=7     std=17    p95=57    p99=82    p99.9=111   p99.99=129   min=1     max=129  
out_requests: 0

2:
  process metrics:
stable: 31998
fast_path: 1260
fast_path_reads: 75
slow_path: 5140
slow_path_reads: 200

  executor metrics:
chain_size: avg=7     std=17    p95=57    p99=82    p99.9=111   p99.99=129   min=1     max=129  
execution_delay: avg=57    std=72    p95=190   p99=256   p99.9=396   p99.99=494   min=0     max=494  
out_requests: 0

5:
  process metrics:
fast_path_reads: 71
slow_path_reads: 241
fast_path: 1007
slow_path: 5393
stable: 31997

  executor metrics:
chain_size: avg=7     std=17    p95=57    p99=82    p99.9=111   p99.99=129   min=1     max=129  
execution_delay: avg=91    std=87    p95=214   p99=334   p99.9=404   p99.99=478   min=0     max=478  
out_requests: 0

3:
  process metrics:
stable: 31998
slow_path_reads: 284
slow_path: 5511
fast_path: 889
fast_path_reads: 56

  executor metrics:
chain_size: avg=7     std=17    p95=57    p99=82    p99.9=111   p99.99=129   min=1     max=129  
execution_delay: avg=79    std=74    p95=186   p99=297   p99.9=393   p99.99=454   min=0     max=466  
out_requests: 0

4:
  process metrics:
slow_path_reads: 244
slow_path: 5436
stable: 31998
fast_path: 964
fast_path_reads: 88

  executor metrics:
execution_delay: avg=73    std=80    p95=216   p99=290   p99.9=402   p99.99=478   min=0     max=478  
chain_size: avg=7     std=17    p95=57    p99=82    p99.9=111   p99.99=129   min=1     max=129  
out_requests: 0

region = ap-southeast-1 | avg=476   std=112   p95=558   p99=579   p99.9=718   p99.99=735   min=186   max=765  
region = sa-east-1      | avg=469   std=117   p95=558   p99=589   p99.9=725   p99.99=725   min=182   max=725  
region = eu-west-1      | avg=345   std=73    p95=405   p99=479   p99.9=634   p99.99=634   min=140   max=680  
region = us-west-1      | avg=345   std=74    p95=408   p99=536   p99.9=634   p99.99=634   min=140   max=634  
region = ca-central-1   | avg=331   std=93    p95=411   p99=476   p99.9=634   p99.99=634   min=78    max=634  
EPaxos   n = 5 f = 0 c = 32  | wait condition delay: (empty)
EPaxos   n = 5 f = 0 c = 32  | commit latency      : (empty)
EPaxos   n = 5 f = 0 c = 32  | execution latency   : avg=393   std=116   p95=553   p99=562   p99.9=689   p99.99=735   min=78    max=765  
EPaxos   n = 5 f = 0 c = 32  | execution delay     : avg=72    std=78    p95=212   p99=284   p99.9=400   p99.99=478   min=0     max=494  
EPaxos   n = 5 f = 0 c = 32  | fast path rate      : 15.4   
EPaxos   n = 5 f = 0 c = 32  | total orders        : 32000
EPaxos   n = 5 f = 0 c = 32  | throughput          : 807.2727
5:
  process metrics:
slow_path: 3265
slow_path_reads: 276
fast_path_reads: 30
stable: 31999
fast_path: 3135

  executor metrics:
chain_size: avg=2     std=7     p95=2     p99=41    p99.9=106   p99.99=143   min=1     max=150  
execution_delay: avg=95    std=125   p95=351   p99=516   p99.9=676   p99.99=836   min=0     max=856  
out_requests: 0

3:
  process metrics:
stable: 31999
fast_path: 2864
slow_path_reads: 277
fast_path_reads: 26
slow_path: 3536

  executor metrics:
chain_size: avg=2     std=7     p95=2     p99=41    p99.9=106   p99.99=143   min=1     max=150  
execution_delay: avg=84    std=112   p95=317   p99=468   p99.9=638   p99.99=746   min=0     max=746  
out_requests: 0

4:
  process metrics:
slow_path_reads: 298
slow_path: 3587
fast_path: 2813
stable: 31999
fast_path_reads: 30

  executor metrics:
execution_delay: avg=83    std=118   p95=322   p99=483   p99.9=674   p99.99=735   min=0     max=776  
chain_size: avg=2     std=7     p95=2     p99=41    p99.9=106   p99.99=143   min=1     max=150  
out_requests: 0

2:
  process metrics:
slow_path_reads: 307
stable: 31999
fast_path_reads: 33
slow_path: 3189
fast_path: 3211

  executor metrics:
execution_delay: avg=74    std=111   p95=300   p99=472   p99.9=622   p99.99=717   min=0     max=762  
chain_size: avg=2     std=7     p95=2     p99=41    p99.9=106   p99.99=143   min=1     max=150  
out_requests: 0

1:
  process metrics:
fast_path_reads: 33
slow_path_reads: 297
slow_path: 3355
stable: 31999
fast_path: 3045

  executor metrics:
execution_delay: avg=75    std=111   p95=297   p99=468   p99.9=625   p99.99=694   min=0     max=755  
chain_size: avg=2     std=7     p95=2     p99=41    p99.9=106   p99.99=143   min=1     max=150  
out_requests: 0

region = ca-central-1   | avg=287   std=185   p95=574   p99=745   p99.9=882   p99.99=915   min=78    max=932  
region = eu-west-1      | avg=317   std=157   p95=561   p99=744   p99.9=895   p99.99=957   min=140   max=957  
region = us-west-1      | avg=317   std=158   p95=567   p99=752   p99.9=902   p99.99=948   min=140   max=948  
region = sa-east-1      | avg=394   std=187   p95=691   p99=873   p99.9=1018  p99.99=1026  min=182   max=1038 
region = ap-southeast-1 | avg=390   std=181   p95=624   p99=790   p99.9=932   p99.99=1074  min=186   max=1094 
EPaxosMRV n = 5 f = 0 c = 32  | wait condition delay: (empty)
EPaxosMRV n = 5 f = 0 c = 32  | commit latency      : (empty)
EPaxosMRV n = 5 f = 0 c = 32  | execution latency   : avg=341   std=180   p95=600   p99=762   p99.9=932   p99.99=1026  min=78    max=1094 
EPaxosMRV n = 5 f = 0 c = 32  | execution delay     : avg=82    std=116   p95=320   p99=481   p99.9=648   p99.99=746   min=0     max=856  
EPaxosMRV n = 5 f = 0 c = 32  | fast path rate      : 47.1   
EPaxosMRV n = 5 f = 0 c = 32  | total orders        : 32000
EPaxosMRV n = 5 f = 0 c = 32  | throughput          : 654.5890
CONFLICTS: 100
2:
  process metrics:
slow_path_reads: 326
fast_path_reads: 11
stable: 31937
slow_path: 6319
fast_path: 81

  executor metrics:
chain_size: avg=54    std=32    p95=96    p99=128   p99.9=128   p99.99=128   min=1     max=128  
execution_delay: avg=62    std=76    p95=206   p99=260   p99.9=264   p99.99=284   min=0     max=284  
out_requests: 0

5:
  process metrics:
stable: 31937
slow_path: 6250
fast_path_reads: 24
slow_path_reads: 287
fast_path: 150

  executor metrics:
execution_delay: avg=74    std=88    p95=214   p99=292   p99.9=292   p99.99=292   min=0     max=292  
chain_size: avg=54    std=32    p95=96    p99=128   p99.9=128   p99.99=128   min=1     max=128  
out_requests: 0

1:
  process metrics:
slow_path_reads: 278
slow_path: 6300
fast_path: 100
fast_path_reads: 13
stable: 31937

  executor metrics:
chain_size: avg=54    std=32    p95=96    p99=128   p99.9=128   p99.99=128   min=1     max=128  
execution_delay: avg=64    std=77    p95=205   p99=259   p99.9=270   p99.99=283   min=0     max=283  
out_requests: 0

4:
  process metrics:
slow_path_reads: 168
stable: 31937
slow_path: 4905
fast_path_reads: 133
fast_path: 1495

  executor metrics:
chain_size: avg=54    std=32    p95=96    p99=128   p99.9=128   p99.99=128   min=1     max=128  
execution_delay: avg=71    std=90    p95=216   p99=294   p99.9=294   p99.99=294   min=0     max=294  
out_requests: 0

3:
  process metrics:
slow_path: 5602
fast_path: 798
fast_path_reads: 82
stable: 31968
slow_path_reads: 250

  executor metrics:
execution_delay: avg=36    std=62    p95=184   p99=216   p99.9=287   p99.99=347   min=0     max=347  
chain_size: avg=54    std=32    p95=96    p99=128   p99.9=128   p99.99=128   min=1     max=128  
out_requests: 0

region = us-west-1      | avg=364   std=11    p95=372   p99=372   p99.9=372   p99.99=372   min=346   max=372  
region = ca-central-1   | avg=364   std=16    p95=372   p99=372   p99.9=372   p99.99=372   min=299   max=372  
region = ap-southeast-1 | avg=378   std=22    p95=425   p99=466   p99.9=533   p99.99=533   min=372   max=533  
region = sa-east-1      | avg=377   std=25    p95=466   p99=467   p99.9=467   p99.99=467   min=364   max=467  
region = eu-west-1      | avg=364   std=11    p95=372   p99=372   p99.9=372   p99.99=372   min=346   max=372  
EPaxos   n = 5 f = 0 c = 32  | wait condition delay: (empty)
EPaxos   n = 5 f = 0 c = 32  | commit latency      : (empty)
EPaxos   n = 5 f = 0 c = 32  | execution latency   : avg=369   std=19    p95=372   p99=466   p99.9=500   p99.99=533   min=299   max=533  
EPaxos   n = 5 f = 0 c = 32  | execution delay     : avg=61    std=80    p95=216   p99=292   p99.9=294   p99.99=294   min=0     max=347  
EPaxos   n = 5 f = 0 c = 32  | fast path rate      : 8.2    
EPaxos   n = 5 f = 0 c = 32  | total orders        : 32000
EPaxos   n = 5 f = 0 c = 32  | throughput          : 895.8021
4:
  process metrics:
fast_path: 2384
slow_path_reads: 296
stable: 31998
slow_path: 4016

  executor metrics:
execution_delay: avg=87    std=113   p95=311   p99=433   p99.9=672   p99.99=694   min=0     max=750  
chain_size: avg=2     std=8     p95=2     p99=47    p99.9=113   p99.99=145   min=1     max=152  
out_requests: 0

2:
  process metrics:
fast_path: 2844
slow_path_reads: 351
slow_path: 3556
stable: 31998

  executor metrics:
chain_size: avg=2     std=8     p95=2     p99=47    p99.9=113   p99.99=145   min=1     max=152  
execution_delay: avg=77    std=105   p95=281   p99=400   p99.9=615   p99.99=637   min=0     max=693  
out_requests: 0

3:
  process metrics:
slow_path: 3938
fast_path: 2462
slow_path_reads: 357
stable: 31998

  executor metrics:
execution_delay: avg=86    std=102   p95=285   p99=399   p99.9=538   p99.99=674   min=0     max=736  
chain_size: avg=2     std=8     p95=2     p99=47    p99.9=113   p99.99=145   min=1     max=152  
out_requests: 0

1:
  process metrics:
fast_path: 2649
stable: 31998
slow_path_reads: 319
slow_path: 3751

  executor metrics:
chain_size: avg=2     std=8     p95=2     p99=47    p99.9=113   p99.99=145   min=1     max=152  
execution_delay: avg=78    std=105   p95=283   p99=402   p99.9=619   p99.99=710   min=0     max=710  
out_requests: 0

5:
  process metrics:
slow_path: 3538
slow_path_reads: 298
fast_path: 2862
stable: 31998

  executor metrics:
execution_delay: avg=100   std=119   p95=337   p99=450   p99.9=673   p99.99=695   min=0     max=748  
chain_size: avg=2     std=8     p95=2     p99=47    p99.9=113   p99.99=145   min=1     max=152  
out_requests: 0

region = sa-east-1      | avg=407   std=172   p95=646   p99=765   p99.9=915   p99.99=915   min=182   max=915  
region = us-west-1      | avg=331   std=144   p95=553   p99=680   p99.9=847   p99.99=847   min=140   max=872  
region = ca-central-1   | avg=307   std=170   p95=558   p99=683   p99.9=850   p99.99=850   min=78    max=850  
region = eu-west-1      | avg=329   std=144   p95=552   p99=680   p99.9=850   p99.99=850   min=140   max=850  
region = ap-southeast-1 | avg=407   std=169   p95=607   p99=744   p99.9=910   p99.99=922   min=186   max=922  
EPaxosMRV n = 5 f = 0 c = 32  | wait condition delay: (empty)
EPaxosMRV n = 5 f = 0 c = 32  | commit latency      : (empty)
EPaxosMRV n = 5 f = 0 c = 32  | execution latency   : avg=356   std=166   p95=581   p99=732   p99.9=882   p99.99=922   min=78    max=922  
EPaxosMRV n = 5 f = 0 c = 32  | execution delay     : avg=86    std=109   p95=300   p99=422   p99.9=618   p99.99=694   min=0     max=750  
EPaxosMRV n = 5 f = 0 c = 32  | fast path rate      : 41.3   
EPaxosMRV n = 5 f = 0 c = 32  | total orders        : 32000
EPaxosMRV n = 5 f = 0 c = 32  | throughput          : 674.2487
