POOL_SIZE: 1
CONFLICTS: 30
FPaxos     n = 5 f = 1 c = 32  | operations success  : 0
FPaxos     n = 5 f = 1 c = 32  | operations failure  : 0
FPaxos     n = 5 f = 1 c = 32  | percentage of fail operations : NaN
FPaxos     n = 5 f = 1 c = 32  | execution latency   : avg=188   std=71    p95=258   p99=258   p99.9=258   p99.99=258   min=72    max=258  
FPaxos     n = 5 f = 1 c = 32  | fast path rate      : NaN    
FPaxos     n = 5 f = 1 c = 32  | total orders        : 0
FPaxos     n = 5 f = 1 c = 32  | throughput          : 0.0000
EPaxosMRV  n = 5 f = 0 c = 32  | operations success  : 31941
EPaxosMRV  n = 5 f = 0 c = 32  | operations failure  : 57
EPaxosMRV  n = 5 f = 0 c = 32  | percentage of fail operations : 0.1793794844871122
EPaxosMRV  n = 5 f = 0 c = 32  | execution latency   : avg=244   std=183   p95=592   p99=847   p99.9=1114  p99.99=1256  min=78    max=1258 
EPaxosMRV  n = 5 f = 0 c = 32  | execution delay     : avg=49    std=115   p95=306   p99=528   p99.9=804   p99.99=982   min=0     max=1128 
EPaxosMRV  n = 5 f = 0 c = 32  | fast path rate      : 77.3   
EPaxosMRV  n = 5 f = 0 c = 32  | total orders        : 32000
EPaxosMRV  n = 5 f = 0 c = 32  | throughput          : 2064.3410
EPaxos     n = 5 f = 0 c = 32  | operations success  : 31937
EPaxos     n = 5 f = 0 c = 32  | operations failure  : 62
EPaxos     n = 5 f = 0 c = 32  | percentage of fail operations : 0.1937548438710968
EPaxos     n = 5 f = 0 c = 32  | execution latency   : avg=269   std=214   p95=725   p99=960   p99.9=1194  p99.99=1290  min=78    max=1290 
EPaxos     n = 5 f = 0 c = 32  | execution delay     : avg=70    std=150   p95=404   p99=678   p99.9=903   p99.99=1038  min=0     max=1132 
EPaxos     n = 5 f = 0 c = 32  | fast path rate      : 76.0   
EPaxos     n = 5 f = 0 c = 32  | total orders        : 32000
EPaxos     n = 5 f = 0 c = 32  | throughput          : 2030.9018
CONFLICTS: 50
FPaxos     n = 5 f = 1 c = 32  | operations success  : 0
FPaxos     n = 5 f = 1 c = 32  | operations failure  : 0
FPaxos     n = 5 f = 1 c = 32  | percentage of fail operations : NaN
FPaxos     n = 5 f = 1 c = 32  | execution latency   : avg=188   std=71    p95=258   p99=258   p99.9=258   p99.99=258   min=72    max=258  
FPaxos     n = 5 f = 1 c = 32  | fast path rate      : NaN    
FPaxos     n = 5 f = 1 c = 32  | total orders        : 0
FPaxos     n = 5 f = 1 c = 32  | throughput          : 0.0000
EPaxos     n = 5 f = 0 c = 32  | operations success  : 31919
EPaxos     n = 5 f = 0 c = 32  | operations failure  : 80
EPaxos     n = 5 f = 0 c = 32  | percentage of fail operations : 0.25000625015625394
EPaxos     n = 5 f = 0 c = 32  | execution latency   : avg=330   std=213   p95=728   p99=912   p99.9=1087  p99.99=1113  min=78    max=1131 
EPaxos     n = 5 f = 0 c = 32  | execution delay     : avg=87    std=142   p95=395   p99=581   p99.9=754   p99.99=896   min=0     max=932  
EPaxos     n = 5 f = 0 c = 32  | fast path rate      : 55.4   
EPaxos     n = 5 f = 0 c = 32  | total orders        : 32000
EPaxos     n = 5 f = 0 c = 32  | throughput          : 2095.0192
EPaxosMRV  n = 5 f = 0 c = 32  | operations success  : 31941
EPaxosMRV  n = 5 f = 0 c = 32  | operations failure  : 58
EPaxosMRV  n = 5 f = 0 c = 32  | percentage of fail operations : 0.1812545313632841
EPaxosMRV  n = 5 f = 0 c = 32  | execution latency   : avg=308   std=206   p95=715   p99=894   p99.9=941   p99.99=1120  min=78    max=1120 
EPaxosMRV  n = 5 f = 0 c = 32  | execution delay     : avg=79    std=135   p95=380   p99=557   p99.9=710   p99.99=806   min=0     max=938  
EPaxosMRV  n = 5 f = 0 c = 32  | fast path rate      : 62.0   
EPaxosMRV  n = 5 f = 0 c = 32  | total orders        : 32000
EPaxosMRV  n = 5 f = 0 c = 32  | throughput          : 1796.1484
CONFLICTS: 60
FPaxos     n = 5 f = 1 c = 32  | operations success  : 0
FPaxos     n = 5 f = 1 c = 32  | operations failure  : 0
FPaxos     n = 5 f = 1 c = 32  | percentage of fail operations : NaN
FPaxos     n = 5 f = 1 c = 32  | execution latency   : avg=188   std=71    p95=258   p99=258   p99.9=258   p99.99=258   min=72    max=258  
FPaxos     n = 5 f = 1 c = 32  | fast path rate      : NaN    
FPaxos     n = 5 f = 1 c = 32  | total orders        : 0
FPaxos     n = 5 f = 1 c = 32  | throughput          : 0.0000
EPaxos     n = 5 f = 0 c = 32  | operations success  : 31942
EPaxos     n = 5 f = 0 c = 32  | operations failure  : 57
EPaxos     n = 5 f = 0 c = 32  | percentage of fail operations : 0.17812945323633092
EPaxos     n = 5 f = 0 c = 32  | execution latency   : avg=354   std=196   p95=679   p99=835   p99.9=964   p99.99=1074  min=78    max=1074 
EPaxos     n = 5 f = 0 c = 32  | execution delay     : avg=94    std=129   p95=364   p99=520   p99.9=689   p99.99=746   min=0     max=782  
EPaxos     n = 5 f = 0 c = 32  | fast path rate      : 47.9   
EPaxos     n = 5 f = 0 c = 32  | total orders        : 32000
EPaxos     n = 5 f = 0 c = 32  | throughput          : 1981.9891
EPaxosMRV  n = 5 f = 0 c = 32  | operations success  : 31898
EPaxosMRV  n = 5 f = 0 c = 32  | operations failure  : 100
EPaxosMRV  n = 5 f = 0 c = 32  | percentage of fail operations : 0.3150078751968799
EPaxosMRV  n = 5 f = 0 c = 32  | execution latency   : avg=332   std=203   p95=715   p99=892   p99.9=1016  p99.99=1103  min=78    max=1135 
EPaxosMRV  n = 5 f = 0 c = 32  | execution delay     : avg=85    std=132   p95=372   p99=551   p99.9=707   p99.99=788   min=0     max=893  
EPaxosMRV  n = 5 f = 0 c = 32  | fast path rate      : 53.5   
EPaxosMRV  n = 5 f = 0 c = 32  | total orders        : 32000
EPaxosMRV  n = 5 f = 0 c = 32  | throughput          : 1624.7921
CONFLICTS: 100
FPaxos     n = 5 f = 1 c = 32  | operations success  : 0
FPaxos     n = 5 f = 1 c = 32  | operations failure  : 0
FPaxos     n = 5 f = 1 c = 32  | percentage of fail operations : NaN
FPaxos     n = 5 f = 1 c = 32  | execution latency   : avg=188   std=71    p95=258   p99=258   p99.9=258   p99.99=258   min=72    max=258  
FPaxos     n = 5 f = 1 c = 32  | fast path rate      : NaN    
FPaxos     n = 5 f = 1 c = 32  | total orders        : 0
FPaxos     n = 5 f = 1 c = 32  | throughput          : 0.0000
EPaxos     n = 5 f = 0 c = 32  | operations success  : 31973
EPaxos     n = 5 f = 0 c = 32  | operations failure  : 1
EPaxos     n = 5 f = 0 c = 32  | percentage of fail operations : 0.0031275020016012806
EPaxos     n = 5 f = 0 c = 32  | execution latency   : avg=366   std=28    p95=425   p99=467   p99.9=500   p99.99=533   min=299   max=533  
EPaxos     n = 5 f = 0 c = 32  | execution delay     : avg=63    std=85    p95=214   p99=272   p99.9=294   p99.99=294   min=0     max=347  
EPaxos     n = 5 f = 0 c = 32  | fast path rate      : 12.6   
EPaxos     n = 5 f = 0 c = 32  | total orders        : 32000
EPaxos     n = 5 f = 0 c = 32  | throughput          : 2142.2493
EPaxosMRV  n = 5 f = 0 c = 32  | operations success  : 31978
EPaxosMRV  n = 5 f = 0 c = 32  | operations failure  : 20
EPaxosMRV  n = 5 f = 0 c = 32  | percentage of fail operations : 0.0631281564078204
EPaxosMRV  n = 5 f = 0 c = 32  | execution latency   : avg=392   std=120   p95=554   p99=586   p99.9=706   p99.99=736   min=78    max=736  
EPaxosMRV  n = 5 f = 0 c = 32  | execution delay     : avg=76    std=83    p95=218   p99=321   p99.9=412   p99.99=472   min=0     max=520  
EPaxosMRV  n = 5 f = 0 c = 32  | fast path rate      : 18.6   
EPaxosMRV  n = 5 f = 0 c = 32  | total orders        : 32000
EPaxosMRV  n = 5 f = 0 c = 32  | throughput          : 1795.4383
