POOL_SIZE: 1
CONFLICTS: 30
EPaxosMRV n = 5 f = 0 c = 32  | execution latency   : avg=197   std=123   p95=485   p99=585   p99.9=735   p99.99=800   min=78    max=811  
EPaxosMRV n = 5 f = 0 c = 32  | execution delay     : avg=23    std=67    p95=191   p99=314   p99.9=449   p99.99=556   min=0     max=625  
EPaxosMRV n = 5 f = 0 c = 32  | fast path rate      : 86.8   
EPaxosMRV n = 5 f = 0 c = 32  | total orders        : 32000
EPaxosMRV n = 5 f = 0 c = 32  | throughput          : 3075.9244
EPaxos   n = 5 f = 0 c = 32  | execution latency   : avg=263   std=204   p95=702   p99=926   p99.9=1153  p99.99=1268  min=78    max=1294 
EPaxos   n = 5 f = 0 c = 32  | execution delay     : avg=62    std=136   p95=368   p99=617   p99.9=888   p99.99=1012  min=0     max=1110 
EPaxos   n = 5 f = 0 c = 32  | fast path rate      : 74.4   
EPaxos   n = 5 f = 0 c = 32  | total orders        : 32000
EPaxos   n = 5 f = 0 c = 32  | throughput          : 2726.2587
CONFLICTS: 50
EPaxosMRV n = 5 f = 0 c = 32  | execution latency   : avg=239   std=158   p95=551   p99=699   p99.9=897   p99.99=945   min=78    max=950  
EPaxosMRV n = 5 f = 0 c = 32  | execution delay     : avg=43    std=93    p95=260   p99=396   p99.9=568   p99.99=715   min=0     max=760  
EPaxosMRV n = 5 f = 0 c = 32  | fast path rate      : 76.8   
EPaxosMRV n = 5 f = 0 c = 32  | total orders        : 32000
EPaxosMRV n = 5 f = 0 c = 32  | throughput          : 2075.7370
EPaxos   n = 5 f = 0 c = 32  | execution latency   : avg=332   std=216   p95=726   p99=924   p99.9=1110  p99.99=1156  min=78    max=1170 
EPaxos   n = 5 f = 0 c = 32  | execution delay     : avg=92    std=146   p95=402   p99=615   p99.9=774   p99.99=912   min=0     max=988  
EPaxos   n = 5 f = 0 c = 32  | fast path rate      : 56.8   
EPaxos   n = 5 f = 0 c = 32  | total orders        : 32000
EPaxos   n = 5 f = 0 c = 32  | throughput          : 1877.3447
CONFLICTS: 60
EPaxosMRV n = 5 f = 0 c = 32  | execution latency   : avg=260   std=168   p95=564   p99=725   p99.9=881   p99.99=938   min=78    max=945  
EPaxosMRV n = 5 f = 0 c = 32  | execution delay     : avg=52    std=100   p95=276   p99=409   p99.9=569   p99.99=685   min=0     max=756  
EPaxosMRV n = 5 f = 0 c = 32  | fast path rate      : 71.1   
EPaxosMRV n = 5 f = 0 c = 32  | total orders        : 32000
EPaxosMRV n = 5 f = 0 c = 32  | throughput          : 1860.5168
EPaxos   n = 5 f = 0 c = 32  | execution latency   : avg=352   std=196   p95=702   p99=856   p99.9=980   p99.99=1078  min=78    max=1085 
EPaxos   n = 5 f = 0 c = 32  | execution delay     : avg=91    std=128   p95=366   p99=532   p99.9=688   p99.99=814   min=0     max=948  
EPaxos   n = 5 f = 0 c = 32  | fast path rate      : 47.2   
EPaxos   n = 5 f = 0 c = 32  | total orders        : 32000
EPaxos   n = 5 f = 0 c = 32  | throughput          : 1796.1548
