| | eu-west-1 | us-west-1 | ap-southeast-1 | ca-central-1 | sa-east-1 |
|:---:|:---:|:---:|:---:|:---:|:---:|
| __eu-west-1__ | 0 | 141 | 186 | 72 | 183 |
| __us-west-1__ | 141 | 0 | 181 | 78 | 190 |
| __ap-southeast-1__ | 186 | 181 | 0 | 221 | 338 |
| __ca-central-1__ | 72 | 78 | 221 | 0 | 123 |
| __sa-east-1__ | 183 | 190 | 338 | 123 | 0 |

POOL_SIZE: 1
CONFLICTS: 0
3:
  process metrics:
fast_path_reads: 325
fast_path: 6400
stable: 31936

  executor metrics:
chain_size: avg=1     std=0     p95=1     p99=1     p99.9=1     p99.99=1     min=1     max=1    
execution_delay: avg=0     std=0     p95=0     p99=0     p99.9=0     p99.99=0     min=0     max=0    

4:
  process metrics:
stable: 31936
fast_path: 6400
fast_path_reads: 324

  executor metrics:
execution_delay: avg=0     std=0     p95=0     p99=0     p99.9=0     p99.99=0     min=0     max=0    
chain_size: avg=1     std=0     p95=1     p99=1     p99.9=1     p99.99=1     min=1     max=1    

2:
  process metrics:
stable: 31936
fast_path_reads: 333
fast_path: 6400

  executor metrics:
chain_size: avg=1     std=0     p95=1     p99=1     p99.9=1     p99.99=1     min=1     max=1    
execution_delay: avg=0     std=0     p95=0     p99=0     p99.9=0     p99.99=0     min=0     max=0    

1:
  process metrics:
fast_path_reads: 316
fast_path: 6400
stable: 31936

  executor metrics:
execution_delay: avg=0     std=0     p95=0     p99=0     p99.9=0     p99.99=0     min=0     max=0    
chain_size: avg=1     std=0     p95=1     p99=1     p99.9=1     p99.99=1     min=1     max=1    

5:
  process metrics:
fast_path_reads: 319
fast_path: 6400
stable: 31936

  executor metrics:
execution_delay: avg=0     std=0     p95=0     p99=0     p99.9=0     p99.99=0     min=0     max=0    
chain_size: avg=1     std=0     p95=1     p99=1     p99.9=1     p99.99=1     min=1     max=1    

region = ca-central-1   | avg=78    std=0     p95=78    p99=78    p99.9=78    p99.99=78    min=78    max=78   
region = us-west-1      | avg=140   std=0     p95=140   p99=140   p99.9=140   p99.99=140   min=140   max=140  
region = sa-east-1      | avg=182   std=0     p95=182   p99=182   p99.9=182   p99.99=182   min=182   max=182  
region = ap-southeast-1 | avg=186   std=0     p95=186   p99=186   p99.9=186   p99.99=186   min=186   max=186  
region = eu-west-1      | avg=140   std=0     p95=140   p99=140   p99.9=140   p99.99=140   min=140   max=140  
EPaxos   n = 5 f = 0 c = 32  | wait condition delay: (empty)
EPaxos   n = 5 f = 0 c = 32  | commit latency      : (empty)
EPaxos   n = 5 f = 0 c = 32  | execution latency   : avg=145   std=39    p95=186   p99=186   p99.9=186   p99.99=186   min=78    max=186  
EPaxos   n = 5 f = 0 c = 32  | execution delay     : avg=0     std=0     p95=0     p99=0     p99.9=0     p99.99=0     min=0     max=0    
EPaxos   n = 5 f = 0 c = 32  | fast path rate      : 100.0  
EPaxos   n = 5 f = 0 c = 32  | total orders        : 32000
EPaxos   n = 5 f = 0 c = 32  | throughput          : 1441.2671
1:
  process metrics:
stable: 31936
fast_path: 6400
fast_path_reads: 314

  executor metrics:
execution_delay: avg=0     std=0     p95=0     p99=0     p99.9=0     p99.99=0     min=0     max=0    
chain_size: avg=1     std=0     p95=1     p99=1     p99.9=1     p99.99=1     min=1     max=1    

3:
  process metrics:
stable: 31936
fast_path: 6400
fast_path_reads: 338

  executor metrics:
execution_delay: avg=0     std=0     p95=0     p99=0     p99.9=0     p99.99=0     min=0     max=0    
chain_size: avg=1     std=0     p95=1     p99=1     p99.9=1     p99.99=1     min=1     max=1    

5:
  process metrics:
stable: 31936
fast_path: 6400
fast_path_reads: 304

  executor metrics:
execution_delay: avg=0     std=0     p95=0     p99=0     p99.9=0     p99.99=0     min=0     max=0    
chain_size: avg=1     std=0     p95=1     p99=1     p99.9=1     p99.99=1     min=1     max=1    

2:
  process metrics:
fast_path_reads: 324
fast_path: 6400
stable: 31936

  executor metrics:
execution_delay: avg=0     std=0     p95=0     p99=0     p99.9=0     p99.99=0     min=0     max=0    
chain_size: avg=1     std=0     p95=1     p99=1     p99.9=1     p99.99=1     min=1     max=1    

4:
  process metrics:
fast_path_reads: 331
stable: 31936
fast_path: 6400

  executor metrics:
chain_size: avg=1     std=0     p95=1     p99=1     p99.9=1     p99.99=1     min=1     max=1    
execution_delay: avg=0     std=0     p95=0     p99=0     p99.9=0     p99.99=0     min=0     max=0    

region = eu-west-1      | avg=140   std=0     p95=140   p99=140   p99.9=140   p99.99=140   min=140   max=140  
region = ap-southeast-1 | avg=186   std=0     p95=186   p99=186   p99.9=186   p99.99=186   min=186   max=186  
region = ca-central-1   | avg=78    std=0     p95=78    p99=78    p99.9=78    p99.99=78    min=78    max=78   
region = sa-east-1      | avg=182   std=0     p95=182   p99=182   p99.9=182   p99.99=182   min=182   max=182  
region = us-west-1      | avg=140   std=0     p95=140   p99=140   p99.9=140   p99.99=140   min=140   max=140  
EPaxosMRV n = 5 f = 0 c = 32  | wait condition delay: (empty)
EPaxosMRV n = 5 f = 0 c = 32  | commit latency      : (empty)
EPaxosMRV n = 5 f = 0 c = 32  | execution latency   : avg=145   std=39    p95=186   p99=186   p99.9=186   p99.99=186   min=78    max=186  
EPaxosMRV n = 5 f = 0 c = 32  | execution delay     : avg=0     std=0     p95=0     p99=0     p99.9=0     p99.99=0     min=0     max=0    
EPaxosMRV n = 5 f = 0 c = 32  | fast path rate      : 100.0  
EPaxosMRV n = 5 f = 0 c = 32  | total orders        : 32000
EPaxosMRV n = 5 f = 0 c = 32  | throughput          : 1176.2161
CONFLICTS: 2
1:
  process metrics:
fast_path_reads: 325
slow_path_reads: 5
slow_path: 90
stable: 31997
fast_path: 6310

  executor metrics:
chain_size: avg=1     std=0     p95=1     p99=1     p99.9=3     p99.99=7     min=1     max=7    
execution_delay: avg=1     std=15    p95=0     p99=43    p99.9=225   p99.99=289   min=0     max=310  
out_requests: 0

4:
  process metrics:
fast_path_reads: 320
slow_path_reads: 4
fast_path: 6309
slow_path: 91
stable: 31998

  executor metrics:
execution_delay: avg=2     std=17    p95=0     p99=50    p99.9=249   p99.99=333   min=0     max=344  
chain_size: avg=1     std=0     p95=1     p99=1     p99.9=3     p99.99=7     min=1     max=7    
out_requests: 0

5:
  process metrics:
slow_path_reads: 3
fast_path_reads: 307
slow_path: 73
fast_path: 6327
stable: 31998

  executor metrics:
chain_size: avg=1     std=0     p95=1     p99=1     p99.9=3     p99.99=7     min=1     max=7    
execution_delay: avg=2     std=18    p95=0     p99=66    p99.9=266   p99.99=331   min=0     max=342  
out_requests: 0

3:
  process metrics:
slow_path: 113
fast_path: 6287
stable: 31997
slow_path_reads: 5
fast_path_reads: 330

  executor metrics:
execution_delay: avg=1     std=14    p95=0     p99=38    p99.9=215   p99.99=279   min=0     max=340  
chain_size: avg=1     std=0     p95=1     p99=1     p99.9=3     p99.99=7     min=1     max=7    
out_requests: 0

2:
  process metrics:
fast_path: 6320
slow_path: 80
fast_path_reads: 316
stable: 31997
slow_path_reads: 5

  executor metrics:
chain_size: avg=1     std=0     p95=1     p99=1     p99.9=3     p99.99=7     min=1     max=7    
execution_delay: avg=1     std=16    p95=0     p99=45    p99.9=237   p99.99=291   min=0     max=311  
out_requests: 0

region = eu-west-1      | avg=144   std=28    p95=140   p99=336   p99.9=432   p99.99=476   min=140   max=493  
region = ap-southeast-1 | avg=191   std=33    p95=186   p99=386   p99.9=526   p99.99=575   min=186   max=614  
region = sa-east-1      | avg=186   std=31    p95=182   p99=379   p99.9=508   p99.99=538   min=182   max=565  
region = ca-central-1   | avg=83    std=36    p95=78    p99=334   p99.9=429   p99.99=465   min=78    max=483  
region = us-west-1      | avg=144   std=30    p95=140   p99=350   p99.9=434   p99.99=455   min=140   max=455  
EPaxos   n = 5 f = 0 c = 32  | wait condition delay: (empty)
EPaxos   n = 5 f = 0 c = 32  | commit latency      : (empty)
EPaxos   n = 5 f = 0 c = 32  | execution latency   : avg=150   std=50    p95=186   p99=372   p99.9=487   p99.99=558   min=78    max=614  
EPaxos   n = 5 f = 0 c = 32  | execution delay     : avg=2     std=16    p95=0     p99=48    p99.9=239   p99.99=327   min=0     max=344  
EPaxos   n = 5 f = 0 c = 32  | fast path rate      : 98.6   
EPaxos   n = 5 f = 0 c = 32  | total orders        : 32000
EPaxos   n = 5 f = 0 c = 32  | throughput          : 1306.1158
5:
  process metrics:
stable: 31990
fast_path_reads: 363
slow_path: 48
fast_path: 6352
slow_path_reads: 5

  executor metrics:
execution_delay: avg=0     std=8     p95=0     p99=0     p99.9=137   p99.99=282   min=0     max=336  
chain_size: avg=1     std=0     p95=1     p99=1     p99.9=1     p99.99=4     min=1     max=4    
out_requests: 0

2:
  process metrics:
fast_path: 6373
slow_path: 27
fast_path_reads: 299
stable: 31988
slow_path_reads: 6

  executor metrics:
chain_size: avg=1     std=0     p95=1     p99=1     p99.9=1     p99.99=4     min=1     max=4    
execution_delay: avg=0     std=7     p95=0     p99=0     p99.9=126   p99.99=225   min=0     max=279  
out_requests: 0

3:
  process metrics:
slow_path_reads: 7
stable: 31982
fast_path: 6346
slow_path: 54
fast_path_reads: 314

  executor metrics:
chain_size: avg=1     std=0     p95=1     p99=1     p99.9=1     p99.99=4     min=1     max=4    
execution_delay: avg=0     std=5     p95=0     p99=0     p99.9=106   p99.99=180   min=0     max=247  
out_requests: 0

1:
  process metrics:
slow_path: 46
stable: 31988
fast_path_reads: 315
slow_path_reads: 2
fast_path: 6354

  executor metrics:
execution_delay: avg=0     std=7     p95=0     p99=0     p99.9=140   p99.99=231   min=0     max=285  
chain_size: avg=1     std=0     p95=1     p99=1     p99.9=1     p99.99=4     min=1     max=4    
out_requests: 0

4:
  process metrics:
fast_path: 6352
fast_path_reads: 346
slow_path_reads: 9
slow_path: 48
stable: 31989

  executor metrics:
chain_size: avg=1     std=0     p95=1     p99=1     p99.9=1     p99.99=4     min=1     max=4    
execution_delay: avg=0     std=7     p95=0     p99=0     p99.9=129   p99.99=284   min=0     max=338  
out_requests: 0

region = ap-southeast-1 | avg=188   std=19    p95=186   p99=186   p99.9=417   p99.99=513   min=186   max=516  
region = ca-central-1   | avg=80    std=17    p95=78    p99=156   p99.9=334   p99.99=436   min=78    max=440  
region = eu-west-1      | avg=141   std=15    p95=140   p99=140   p99.9=353   p99.99=427   min=140   max=427  
region = us-west-1      | avg=141   std=14    p95=140   p99=140   p99.9=350   p99.99=411   min=140   max=426  
region = sa-east-1      | avg=184   std=18    p95=182   p99=182   p99.9=385   p99.99=447   min=182   max=515  
EPaxosMRV n = 5 f = 0 c = 32  | wait condition delay: (empty)
EPaxosMRV n = 5 f = 0 c = 32  | commit latency      : (empty)
EPaxosMRV n = 5 f = 0 c = 32  | execution latency   : avg=147   std=43    p95=186   p99=186   p99.9=381   p99.99=461   min=78    max=516  
EPaxosMRV n = 5 f = 0 c = 32  | execution delay     : avg=0     std=7     p95=0     p99=0     p99.9=128   p99.99=249   min=0     max=338  
EPaxosMRV n = 5 f = 0 c = 32  | fast path rate      : 99.3   
EPaxosMRV n = 5 f = 0 c = 32  | total orders        : 32000
EPaxosMRV n = 5 f = 0 c = 32  | throughput          : 1119.8747
CONFLICTS: 10
2:
  process metrics:
fast_path: 5957
fast_path_reads: 324
stable: 31998
slow_path_reads: 24
slow_path: 443

  executor metrics:
execution_delay: avg=17    std=69    p95=152   p99=369   p99.9=583   p99.99=784   min=0     max=973  
chain_size: avg=1     std=1     p95=1     p99=1     p99.9=24    p99.99=46    min=1     max=66   
out_requests: 0

4:
  process metrics:
slow_path: 542
stable: 31998
slow_path_reads: 18
fast_path_reads: 308
fast_path: 5858

  executor metrics:
execution_delay: avg=18    std=73    p95=161   p99=395   p99.9=607   p99.99=822   min=0     max=954  
chain_size: avg=1     std=1     p95=1     p99=1     p99.9=24    p99.99=46    min=1     max=66   
out_requests: 0

3:
  process metrics:
slow_path: 520
fast_path_reads: 296
slow_path_reads: 19
stable: 31999
fast_path: 5880

  executor metrics:
chain_size: avg=1     std=1     p95=1     p99=1     p99.9=24    p99.99=46    min=1     max=66   
execution_delay: avg=17    std=68    p95=154   p99=357   p99.9=579   p99.99=832   min=0     max=954  
out_requests: 0

5:
  process metrics:
slow_path_reads: 25
fast_path: 5913
stable: 31998
slow_path: 487
fast_path_reads: 286

  executor metrics:
execution_delay: avg=20    std=77    p95=180   p99=405   p99.9=639   p99.99=842   min=0     max=957  
chain_size: avg=1     std=1     p95=1     p99=1     p99.9=24    p99.99=46    min=1     max=66   
out_requests: 0

1:
  process metrics:
slow_path_reads: 33
slow_path: 567
fast_path_reads: 294
fast_path: 5833
stable: 31998

  executor metrics:
execution_delay: avg=17    std=69    p95=157   p99=368   p99.9=591   p99.99=775   min=0     max=906  
chain_size: avg=1     std=1     p95=1     p99=1     p99.9=24    p99.99=46    min=1     max=66   
out_requests: 0

region = sa-east-1      | avg=220   std=119   p95=533   p99=713   p99.9=952   p99.99=1124  min=182   max=1124 
region = ap-southeast-1 | avg=220   std=109   p95=515   p99=673   p99.9=917   p99.99=1234  min=186   max=1277 
region = us-west-1      | avg=172   std=106   p95=442   p99=616   p99.9=862   p99.99=1113  min=140   max=1121 
region = eu-west-1      | avg=174   std=107   p95=443   p99=609   p99.9=850   p99.99=1068  min=140   max=1137 
region = ca-central-1   | avg=119   std=127   p95=452   p99=628   p99.9=865   p99.99=892   min=78    max=899  
EPaxos   n = 5 f = 0 c = 32  | wait condition delay: (empty)
EPaxos   n = 5 f = 0 c = 32  | commit latency      : (empty)
EPaxos   n = 5 f = 0 c = 32  | execution latency   : avg=181   std=120   p95=482   p99=654   p99.9=913   p99.99=1124  min=78    max=1277 
EPaxos   n = 5 f = 0 c = 32  | execution delay     : avg=18    std=71    p95=161   p99=379   p99.9=601   p99.99=822   min=0     max=973  
EPaxos   n = 5 f = 0 c = 32  | fast path rate      : 92.0   
EPaxos   n = 5 f = 0 c = 32  | total orders        : 32000
EPaxos   n = 5 f = 0 c = 32  | throughput          : 1210.0111
3:
  process metrics:
stable: 31998
fast_path: 6024
slow_path: 376
slow_path_reads: 34
fast_path_reads: 300

  executor metrics:
chain_size: avg=1     std=0     p95=1     p99=1     p99.9=8     p99.99=17    min=1     max=35   
execution_delay: avg=6     std=30    p95=0     p99=177   p99.9=282   p99.99=386   min=0     max=427  
out_requests: 0

2:
  process metrics:
fast_path: 6105
stable: 31998
slow_path: 295
slow_path_reads: 24
fast_path_reads: 295

  executor metrics:
execution_delay: avg=6     std=32    p95=0     p99=196   p99.9=292   p99.99=407   min=0     max=485  
chain_size: avg=1     std=0     p95=1     p99=1     p99.9=8     p99.99=17    min=1     max=35   
out_requests: 0

1:
  process metrics:
fast_path_reads: 271
stable: 31998
slow_path_reads: 22
fast_path: 6044
slow_path: 356

  executor metrics:
execution_delay: avg=6     std=31    p95=0     p99=189   p99.9=291   p99.99=413   min=0     max=491  
chain_size: avg=1     std=0     p95=1     p99=1     p99.9=8     p99.99=17    min=1     max=35   
out_requests: 0

4:
  process metrics:
fast_path: 6121
stable: 31998
fast_path_reads: 268
slow_path: 279
slow_path_reads: 30

  executor metrics:
chain_size: avg=1     std=0     p95=1     p99=1     p99.9=8     p99.99=17    min=1     max=35   
execution_delay: avg=6     std=35    p95=0     p99=210   p99.9=340   p99.99=461   min=0     max=544  
out_requests: 0

5:
  process metrics:
fast_path: 6062
fast_path_reads: 281
stable: 31998
slow_path: 338
slow_path_reads: 31

  executor metrics:
chain_size: avg=1     std=0     p95=1     p99=1     p99.9=8     p99.99=17    min=1     max=35   
execution_delay: avg=7     std=37    p95=0     p99=218   p99.9=346   p99.99=472   min=0     max=542  
out_requests: 0

region = ap-southeast-1 | avg=205   std=69    p95=387   p99=524   p99.9=585   p99.99=603   min=186   max=613  
region = us-west-1      | avg=156   std=60    p95=309   p99=436   p99.9=523   p99.99=576   min=140   max=638  
region = eu-west-1      | avg=156   std=61    p95=315   p99=435   p99.9=548   p99.99=620   min=140   max=648  
region = ca-central-1   | avg=96    std=71    p95=286   p99=430   p99.9=521   p99.99=622   min=78    max=662  
region = sa-east-1      | avg=200   std=68    p95=370   p99=529   p99.9=637   p99.99=668   min=182   max=696  
EPaxosMRV n = 5 f = 0 c = 32  | wait condition delay: (empty)
EPaxosMRV n = 5 f = 0 c = 32  | commit latency      : (empty)
EPaxosMRV n = 5 f = 0 c = 32  | execution latency   : avg=162   std=77    p95=350   p99=487   p99.9=584   p99.99=662   min=78    max=696  
EPaxosMRV n = 5 f = 0 c = 32  | execution delay     : avg=6     std=33    p95=0     p99=199   p99.9=325   p99.99=419   min=0     max=544  
EPaxosMRV n = 5 f = 0 c = 32  | fast path rate      : 94.9   
EPaxosMRV n = 5 f = 0 c = 32  | total orders        : 32000
EPaxosMRV n = 5 f = 0 c = 32  | throughput          : 1050.3128
CONFLICTS: 30
2:
  process metrics:
stable: 31998
fast_path: 4666
fast_path_reads: 245
slow_path: 1734
slow_path_reads: 88

  executor metrics:
execution_delay: avg=61    std=138   p95=379   p99=628   p99.9=866   p99.99=998   min=0     max=1009 
chain_size: avg=1     std=5     p95=1     p99=6     p99.9=88    p99.99=137   min=1     max=141  
out_requests: 0

4:
  process metrics:
slow_path_reads: 65
slow_path: 1545
stable: 31998
fast_path_reads: 269
fast_path: 4855

  executor metrics:
chain_size: avg=1     std=5     p95=1     p99=6     p99.9=88    p99.99=137   min=1     max=141  
execution_delay: avg=66    std=145   p95=402   p99=642   p99.9=870   p99.99=1038  min=0     max=1068 
out_requests: 0

1:
  process metrics:
slow_path_reads: 77
stable: 31998
slow_path: 1676
fast_path_reads: 246
fast_path: 4724

  executor metrics:
chain_size: avg=1     std=5     p95=1     p99=6     p99.9=88    p99.99=137   min=1     max=141  
execution_delay: avg=61    std=138   p95=379   p99=624   p99.9=844   p99.99=985   min=0     max=1015 
out_requests: 0

5:
  process metrics:
fast_path: 4674
fast_path_reads: 265
slow_path: 1726
stable: 31998
slow_path_reads: 71

  executor metrics:
execution_delay: avg=73    std=152   p95=410   p99=682   p99.9=916   p99.99=1066  min=0     max=1078 
chain_size: avg=1     std=5     p95=1     p99=6     p99.9=88    p99.99=137   min=1     max=141  
out_requests: 0

3:
  process metrics:
fast_path_reads: 243
stable: 31998
slow_path: 1682
slow_path_reads: 80
fast_path: 4718

  executor metrics:
chain_size: avg=1     std=5     p95=1     p99=6     p99.9=88    p99.99=137   min=1     max=141  
execution_delay: avg=67    std=143   p95=380   p99=651   p99.9=872   p99.99=950   min=0     max=980  
out_requests: 0

region = us-west-1      | avg=256   std=197   p95=705   p99=932   p99.9=1120  p99.99=1158  min=140   max=1162 
region = sa-east-1      | avg=315   std=219   p95=748   p99=1010  p99.9=1260  p99.99=1330  min=182   max=1338 
region = ca-central-1   | avg=207   std=220   p95=696   p99=930   p99.9=1127  p99.99=1224  min=78    max=1224 
region = ap-southeast-1 | avg=316   std=217   p95=740   p99=1074  p99.9=1262  p99.99=1300  min=186   max=1300 
region = eu-west-1      | avg=253   std=194   p95=682   p99=929   p99.9=1111  p99.99=1162  min=140   max=1169 
EPaxos   n = 5 f = 0 c = 32  | wait condition delay: (empty)
EPaxos   n = 5 f = 0 c = 32  | commit latency      : (empty)
EPaxos   n = 5 f = 0 c = 32  | execution latency   : avg=269   std=214   p95=724   p99=947   p99.9=1162  p99.99=1314  min=78    max=1338 
EPaxos   n = 5 f = 0 c = 32  | execution delay     : avg=66    std=143   p95=390   p99=642   p99.9=874   p99.99=1015  min=0     max=1078 
EPaxos   n = 5 f = 0 c = 32  | fast path rate      : 73.9   
EPaxos   n = 5 f = 0 c = 32  | total orders        : 32000
EPaxos   n = 5 f = 0 c = 32  | throughput          : 944.4586
1:
  process metrics:
fast_path: 5178
stable: 31999
fast_path_reads: 206
slow_path: 1222
slow_path_reads: 102

  executor metrics:
execution_delay: avg=30    std=79    p95=220   p99=358   p99.9=517   p99.99=606   min=0     max=640  
chain_size: avg=1     std=2     p95=1     p99=3     p99.9=41    p99.99=64    min=1     max=80   
out_requests: 0

2:
  process metrics:
slow_path_reads: 68
slow_path: 1011
fast_path_reads: 241
fast_path: 5389
stable: 31999

  executor metrics:
execution_delay: avg=30    std=79    p95=220   p99=359   p99.9=510   p99.99=607   min=0     max=634  
chain_size: avg=1     std=2     p95=1     p99=3     p99.9=41    p99.99=64    min=1     max=80   
out_requests: 0

5:
  process metrics:
fast_path: 5279
fast_path_reads: 247
slow_path: 1121
slow_path_reads: 107
stable: 31999

  executor metrics:
chain_size: avg=1     std=2     p95=1     p99=3     p99.9=41    p99.99=64    min=1     max=80   
execution_delay: avg=38    std=91    p95=256   p99=398   p99.9=561   p99.99=616   min=0     max=691  
out_requests: 0

3:
  process metrics:
stable: 31999
fast_path_reads: 210
slow_path: 1251
slow_path_reads: 86
fast_path: 5149

  executor metrics:
execution_delay: avg=33    std=81    p95=225   p99=358   p99.9=505   p99.99=610   min=0     max=631  
chain_size: avg=1     std=2     p95=1     p99=3     p99.9=41    p99.99=64    min=1     max=80   
out_requests: 0

4:
  process metrics:
fast_path: 5158
slow_path_reads: 96
slow_path: 1242
stable: 31999
fast_path_reads: 218

  executor metrics:
chain_size: avg=1     std=2     p95=1     p99=3     p99.9=41    p99.99=64    min=1     max=80   
execution_delay: avg=33    std=85    p95=245   p99=387   p99.9=544   p99.99=618   min=0     max=693  
out_requests: 0

region = ca-central-1   | avg=160   std=157   p95=508   p99=616   p99.9=744   p99.99=771   min=78    max=779  
region = sa-east-1      | avg=259   std=148   p95=573   p99=721   p99.9=787   p99.99=894   min=182   max=894  
region = ap-southeast-1 | avg=261   std=144   p95=562   p99=706   p99.9=846   p99.99=862   min=186   max=876  
region = eu-west-1      | avg=206   std=129   p95=483   p99=608   p99.9=706   p99.99=745   min=140   max=755  
region = us-west-1      | avg=205   std=129   p95=482   p99=607   p99.9=722   p99.99=736   min=140   max=738  
EPaxosMRV n = 5 f = 0 c = 32  | wait condition delay: (empty)
EPaxosMRV n = 5 f = 0 c = 32  | commit latency      : (empty)
EPaxosMRV n = 5 f = 0 c = 32  | execution latency   : avg=218   std=147   p95=542   p99=664   p99.9=772   p99.99=862   min=78    max=894  
EPaxosMRV n = 5 f = 0 c = 32  | execution delay     : avg=33    std=83    p95=235   p99=374   p99.9=530   p99.99=610   min=0     max=693  
EPaxosMRV n = 5 f = 0 c = 32  | fast path rate      : 81.7   
EPaxosMRV n = 5 f = 0 c = 32  | total orders        : 32000
EPaxosMRV n = 5 f = 0 c = 32  | throughput          : 934.9872
CONFLICTS: 50
5:
  process metrics:
slow_path: 2610
stable: 31997
slow_path_reads: 125
fast_path_reads: 217
fast_path: 3790

  executor metrics:
chain_size: avg=2     std=8     p95=1     p99=33    p99.9=129   p99.99=149   min=1     max=150  
execution_delay: avg=108   std=161   p95=448   p99=646   p99.9=831   p99.99=942   min=0     max=953  
out_requests: 0

2:
  process metrics:
stable: 31997
slow_path_reads: 103
slow_path: 2613
fast_path_reads: 210
fast_path: 3787

  executor metrics:
execution_delay: avg=88    std=145   p95=400   p99=608   p99.9=768   p99.99=885   min=0     max=902  
chain_size: avg=2     std=8     p95=1     p99=33    p99.9=129   p99.99=149   min=1     max=150  
out_requests: 0

1:
  process metrics:
fast_path_reads: 216
stable: 31997
fast_path: 3725
slow_path_reads: 105
slow_path: 2675

  executor metrics:
chain_size: avg=2     std=8     p95=1     p99=33    p99.9=129   p99.99=149   min=1     max=150  
execution_delay: avg=88    std=145   p95=401   p99=600   p99.9=773   p99.99=891   min=0     max=902  
out_requests: 0

3:
  process metrics:
slow_path: 2632
fast_path_reads: 224
stable: 31997
fast_path: 3768
slow_path_reads: 99

  executor metrics:
chain_size: avg=2     std=8     p95=1     p99=33    p99.9=129   p99.99=149   min=1     max=150  
execution_delay: avg=99    std=152   p95=430   p99=619   p99.9=802   p99.99=905   min=0     max=918  
out_requests: 0

4:
  process metrics:
fast_path_reads: 193
slow_path: 2968
stable: 31997
slow_path_reads: 125
fast_path: 3432

  executor metrics:
chain_size: avg=2     std=8     p95=1     p99=33    p99.9=129   p99.99=149   min=1     max=150  
execution_delay: avg=97    std=153   p95=427   p99=617   p99.9=822   p99.99=944   min=0     max=955  
out_requests: 0

region = us-west-1      | avg=313   std=201   p95=733   p99=905   p99.9=986   p99.99=994   min=140   max=994  
region = ap-southeast-1 | avg=385   std=222   p95=744   p99=930   p99.9=1104  p99.99=1166  min=186   max=1166 
region = sa-east-1      | avg=389   std=225   p95=744   p99=926   p99.9=1114  p99.99=1120  min=182   max=1120 
region = ca-central-1   | avg=277   std=229   p95=727   p99=908   p99.9=1033  p99.99=1040  min=78    max=1047 
region = eu-west-1      | avg=308   std=199   p95=719   p99=907   p99.9=994   p99.99=1043  min=140   max=1043 
EPaxos   n = 5 f = 0 c = 32  | wait condition delay: (empty)
EPaxos   n = 5 f = 0 c = 32  | commit latency      : (empty)
EPaxos   n = 5 f = 0 c = 32  | execution latency   : avg=335   std=220   p95=736   p99=915   p99.9=1094  p99.99=1139  min=78    max=1166 
EPaxos   n = 5 f = 0 c = 32  | execution delay     : avg=96    std=151   p95=424   p99=617   p99.9=802   p99.99=912   min=0     max=955  
EPaxos   n = 5 f = 0 c = 32  | fast path rate      : 57.8   
EPaxos   n = 5 f = 0 c = 32  | total orders        : 32000
EPaxos   n = 5 f = 0 c = 32  | throughput          : 797.7651
3:
  process metrics:
stable: 31996
slow_path: 2117
slow_path_reads: 136
fast_path_reads: 168
fast_path: 4283

  executor metrics:
execution_delay: avg=58    std=104   p95=279   p99=418   p99.9=635   p99.99=877   min=0     max=885  
chain_size: avg=1     std=4     p95=1     p99=15    p99.9=70    p99.99=111   min=1     max=125  
out_requests: 0

5:
  process metrics:
fast_path: 4470
fast_path_reads: 161
slow_path_reads: 169
slow_path: 1930
stable: 31997

  executor metrics:
chain_size: avg=1     std=4     p95=1     p99=15    p99.9=70    p99.99=111   min=1     max=125  
execution_delay: avg=64    std=114   p95=317   p99=460   p99.9=673   p99.99=757   min=0     max=789  
out_requests: 0

2:
  process metrics:
slow_path: 1932
fast_path_reads: 181
slow_path_reads: 149
stable: 31997
fast_path: 4468

  executor metrics:
execution_delay: avg=51    std=100   p95=269   p99=415   p99.9=624   p99.99=721   min=0     max=781  
chain_size: avg=1     std=4     p95=1     p99=15    p99.9=70    p99.99=111   min=1     max=125  
out_requests: 0

1:
  process metrics:
fast_path: 4307
fast_path_reads: 158
slow_path: 2093
slow_path_reads: 136
stable: 31997

  executor metrics:
execution_delay: avg=50    std=99    p95=267   p99=415   p99.9=595   p99.99=716   min=0     max=771  
chain_size: avg=1     std=4     p95=1     p99=15    p99.9=70    p99.99=111   min=1     max=125  
out_requests: 0

4:
  process metrics:
slow_path_reads: 166
slow_path: 2108
fast_path: 4292
stable: 31997
fast_path_reads: 172

  executor metrics:
execution_delay: avg=56    std=107   p95=294   p99=440   p99.9=635   p99.99=759   min=0     max=791  
chain_size: avg=1     std=4     p95=1     p99=15    p99.9=70    p99.99=111   min=1     max=125  
out_requests: 0

region = us-west-1      | avg=256   std=161   p95=550   p99=709   p99.9=929   p99.99=929   min=140   max=954  
region = ap-southeast-1 | avg=318   std=181   p95=598   p99=745   p99.9=1073  p99.99=1073  min=186   max=1077 
region = ca-central-1   | avg=210   std=182   p95=540   p99=686   p99.9=882   p99.99=947   min=78    max=947  
region = eu-west-1      | avg=254   std=157   p95=546   p99=700   p99.9=853   p99.99=935   min=140   max=935  
region = sa-east-1      | avg=313   std=180   p95=596   p99=748   p99.9=951   p99.99=1084  min=182   max=1088 
EPaxosMRV n = 5 f = 0 c = 32  | wait condition delay: (empty)
EPaxosMRV n = 5 f = 0 c = 32  | commit latency      : (empty)
EPaxosMRV n = 5 f = 0 c = 32  | execution latency   : avg=270   std=177   p95=570   p99=730   p99.9=942   p99.99=1077  min=78    max=1088 
EPaxosMRV n = 5 f = 0 c = 32  | execution delay     : avg=56    std=105   p95=284   p99=428   p99.9=635   p99.99=757   min=0     max=885  
EPaxosMRV n = 5 f = 0 c = 32  | fast path rate      : 68.2   
EPaxosMRV n = 5 f = 0 c = 32  | total orders        : 32000
EPaxosMRV n = 5 f = 0 c = 32  | throughput          : 794.0580
CONFLICTS: 60
1:
  process metrics:
fast_path_reads: 178
stable: 31998
fast_path: 2997
slow_path_reads: 148
slow_path: 3403

  executor metrics:
chain_size: avg=2     std=9     p95=2     p99=46    p99.9=132   p99.99=150   min=1     max=151  
execution_delay: avg=89    std=128   p95=364   p99=516   p99.9=651   p99.99=771   min=0     max=849  
out_requests: 0

5:
  process metrics:
slow_path_reads: 149
fast_path: 3208
stable: 31998
slow_path: 3192
fast_path_reads: 196

  executor metrics:
execution_delay: avg=111   std=143   p95=400   p99=558   p99.9=714   p99.99=822   min=0     max=900  
chain_size: avg=2     std=9     p95=2     p99=46    p99.9=132   p99.99=150   min=1     max=151  
out_requests: 0

4:
  process metrics:
fast_path: 3012
fast_path_reads: 192
slow_path_reads: 159
stable: 31998
slow_path: 3388

  executor metrics:
execution_delay: avg=98    std=136   p95=390   p99=552   p99.9=704   p99.99=824   min=0     max=902  
chain_size: avg=2     std=9     p95=2     p99=46    p99.9=132   p99.99=150   min=1     max=151  
out_requests: 0

2:
  process metrics:
stable: 31998
slow_path_reads: 123
slow_path: 3123
fast_path_reads: 193
fast_path: 3277

  executor metrics:
execution_delay: avg=89    std=128   p95=364   p99=509   p99.9=651   p99.99=765   min=0     max=843  
chain_size: avg=2     std=9     p95=2     p99=46    p99.9=132   p99.99=150   min=1     max=151  
out_requests: 0

3:
  process metrics:
stable: 31998
slow_path_reads: 145
fast_path: 3143
slow_path: 3257
fast_path_reads: 190

  executor metrics:
chain_size: avg=2     std=9     p95=2     p99=46    p99.9=132   p99.99=150   min=1     max=151  
execution_delay: avg=99    std=132   p95=370   p99=527   p99.9=666   p99.99=734   min=0     max=769  
out_requests: 0

region = ap-southeast-1 | avg=413   std=206   p95=747   p99=910   p99.9=955   p99.99=955   min=186   max=955  
region = ca-central-1   | avg=294   std=207   p95=654   p99=790   p99.9=872   p99.99=980   min=78    max=980  
region = sa-east-1      | avg=412   std=209   p95=740   p99=906   p99.9=960   p99.99=1087  min=182   max=1087 
region = us-west-1      | avg=328   std=175   p95=636   p99=776   p99.9=872   p99.99=872   min=140   max=938  
region = eu-west-1      | avg=327   std=176   p95=632   p99=771   p99.9=845   p99.99=872   min=140   max=945  
EPaxos   n = 5 f = 0 c = 32  | wait condition delay: (empty)
EPaxos   n = 5 f = 0 c = 32  | commit latency      : (empty)
EPaxos   n = 5 f = 0 c = 32  | execution latency   : avg=355   std=201   p95=714   p99=860   p99.9=955   p99.99=1078  min=78    max=1087 
EPaxos   n = 5 f = 0 c = 32  | execution delay     : avg=97    std=134   p95=376   p99=539   p99.9=680   p99.99=771   min=0     max=902  
EPaxos   n = 5 f = 0 c = 32  | fast path rate      : 48.9   
EPaxos   n = 5 f = 0 c = 32  | total orders        : 32000
EPaxos   n = 5 f = 0 c = 32  | throughput          : 784.8593
5:
  process metrics:
slow_path_reads: 186
stable: 31998
slow_path: 2345
fast_path_reads: 120
fast_path: 4055

  executor metrics:
chain_size: avg=2     std=5     p95=1     p99=25    p99.9=86    p99.99=128   min=1     max=131  
execution_delay: avg=79    std=124   p95=348   p99=504   p99.9=658   p99.99=779   min=0     max=784  
out_requests: 0

3:
  process metrics:
stable: 31998
fast_path_reads: 149
slow_path: 2536
fast_path: 3864
slow_path_reads: 188

  executor metrics:
chain_size: avg=2     std=5     p95=1     p99=25    p99.9=86    p99.99=128   min=1     max=131  
execution_delay: avg=69    std=110   p95=302   p99=458   p99.9=570   p99.99=722   min=0     max=732  
out_requests: 0

1:
  process metrics:
slow_path_reads: 191
slow_path: 2608
stable: 31998
fast_path: 3792
fast_path_reads: 131

  executor metrics:
chain_size: avg=2     std=5     p95=1     p99=25    p99.9=86    p99.99=128   min=1     max=131  
execution_delay: avg=62    std=108   p95=293   p99=449   p99.9=617   p99.99=679   min=0     max=699  
out_requests: 0

2:
  process metrics:
slow_path: 2338
fast_path_reads: 128
slow_path_reads: 196
fast_path: 4062
stable: 31998

  executor metrics:
execution_delay: avg=62    std=108   p95=294   p99=450   p99.9=601   p99.99=675   min=0     max=693  
chain_size: avg=2     std=5     p95=1     p99=25    p99.9=86    p99.99=128   min=1     max=131  
out_requests: 0

4:
  process metrics:
slow_path_reads: 173
stable: 31998
fast_path_reads: 130
slow_path: 2652
fast_path: 3748

  executor metrics:
chain_size: avg=2     std=5     p95=1     p99=25    p99.9=86    p99.99=128   min=1     max=131  
execution_delay: avg=69    std=117   p95=324   p99=486   p99.9=656   p99.99=732   min=0     max=752  
out_requests: 0

region = us-west-1      | avg=280   std=168   p95=575   p99=737   p99.9=842   p99.99=868   min=140   max=878  
region = ca-central-1   | avg=244   std=195   p95=572   p99=749   p99.9=833   p99.99=888   min=78    max=908  
region = ap-southeast-1 | avg=342   std=185   p95=651   p99=775   p99.9=930   p99.99=956   min=186   max=964  
region = sa-east-1      | avg=342   std=190   p95=633   p99=815   p99.9=966   p99.99=981   min=182   max=1027 
region = eu-west-1      | avg=281   std=166   p95=573   p99=744   p99.9=841   p99.99=905   min=140   max=905  
EPaxosMRV n = 5 f = 0 c = 32  | wait condition delay: (empty)
EPaxosMRV n = 5 f = 0 c = 32  | commit latency      : (empty)
EPaxosMRV n = 5 f = 0 c = 32  | execution latency   : avg=298   std=185   p95=598   p99=765   p99.9=920   p99.99=970   min=78    max=1027 
EPaxosMRV n = 5 f = 0 c = 32  | execution delay     : avg=68    std=114   p95=315   p99=468   p99.9=623   p99.99=714   min=0     max=784  
EPaxosMRV n = 5 f = 0 c = 32  | fast path rate      : 61.0   
EPaxosMRV n = 5 f = 0 c = 32  | total orders        : 32000
EPaxosMRV n = 5 f = 0 c = 32  | throughput          : 747.9641
CONFLICTS: 70
2:
  process metrics:
stable: 31998
fast_path_reads: 174
fast_path: 2673
slow_path_reads: 166
slow_path: 3727

  executor metrics:
execution_delay: avg=84    std=113   p95=321   p99=451   p99.9=562   p99.99=625   min=0     max=647  
chain_size: avg=3     std=11    p95=4     p99=63    p99.9=132   p99.99=151   min=1     max=153  
out_requests: 0

1:
  process metrics:
stable: 31998
fast_path_reads: 141
slow_path_reads: 193
slow_path: 3933
fast_path: 2467

  executor metrics:
chain_size: avg=3     std=11    p95=4     p99=63    p99.9=132   p99.99=151   min=1     max=153  
execution_delay: avg=85    std=113   p95=322   p99=450   p99.9=565   p99.99=626   min=0     max=658  
out_requests: 0

3:
  process metrics:
fast_path: 2522
fast_path_reads: 159
stable: 31998
slow_path_reads: 139
slow_path: 3878

  executor metrics:
execution_delay: avg=98    std=117   p95=344   p99=479   p99.9=572   p99.99=744   min=0     max=750  
chain_size: avg=3     std=11    p95=4     p99=63    p99.9=132   p99.99=151   min=1     max=153  
out_requests: 0

5:
  process metrics:
slow_path: 3987
stable: 31997
slow_path_reads: 202
fast_path_reads: 148
fast_path: 2413

  executor metrics:
execution_delay: avg=111   std=127   p95=368   p99=504   p99.9=605   p99.99=718   min=0     max=718  
chain_size: avg=3     std=11    p95=4     p99=63    p99.9=132   p99.99=151   min=1     max=153  
out_requests: 0

4:
  process metrics:
stable: 31998
slow_path: 4117
fast_path_reads: 131
slow_path_reads: 157
fast_path: 2283

  executor metrics:
execution_delay: avg=96    std=120   p95=350   p99=473   p99.9=584   p99.99=674   min=0     max=688  
chain_size: avg=3     std=11    p95=4     p99=63    p99.9=132   p99.99=151   min=1     max=153  
out_requests: 0

region = us-west-1      | avg=337   std=150   p95=581   p99=721   p99.9=798   p99.99=814   min=140   max=826  
region = sa-east-1      | avg=440   std=184   p95=724   p99=881   p99.9=922   p99.99=940   min=182   max=940  
region = ap-southeast-1 | avg=435   std=180   p95=711   p99=892   p99.9=944   p99.99=944   min=186   max=944  
region = eu-west-1      | avg=339   std=149   p95=576   p99=729   p99.9=797   p99.99=809   min=140   max=819  
region = ca-central-1   | avg=318   std=178   p95=590   p99=714   p99.9=740   p99.99=840   min=78    max=844  
EPaxos   n = 5 f = 0 c = 32  | wait condition delay: (empty)
EPaxos   n = 5 f = 0 c = 32  | commit latency      : (empty)
EPaxos   n = 5 f = 0 c = 32  | execution latency   : avg=374   std=177   p95=621   p99=746   p99.9=930   p99.99=944   min=78    max=944  
EPaxos   n = 5 f = 0 c = 32  | execution delay     : avg=95    std=118   p95=345   p99=473   p99.9=582   p99.99=711   min=0     max=750  
EPaxos   n = 5 f = 0 c = 32  | fast path rate      : 38.6   
EPaxos   n = 5 f = 0 c = 32  | total orders        : 32000
EPaxos   n = 5 f = 0 c = 32  | throughput          : 757.2689
2:
  process metrics:
stable: 31999
fast_path_reads: 97
fast_path: 3617
slow_path: 2783
slow_path_reads: 215

  executor metrics:
chain_size: avg=2     std=7     p95=1     p99=34    p99.9=108   p99.99=136   min=1     max=144  
execution_delay: avg=72    std=113   p95=319   p99=462   p99.9=573   p99.99=663   min=0     max=671  
out_requests: 0

1:
  process metrics:
fast_path: 3468
stable: 31999
slow_path: 2932
slow_path_reads: 220
fast_path_reads: 88

  executor metrics:
execution_delay: avg=72    std=114   p95=316   p99=463   p99.9=591   p99.99=669   min=0     max=670  
chain_size: avg=2     std=7     p95=1     p99=34    p99.9=108   p99.99=136   min=1     max=144  
out_requests: 0

3:
  process metrics:
slow_path_reads: 220
stable: 31999
fast_path: 3400
slow_path: 3000
fast_path_reads: 103

  executor metrics:
chain_size: avg=2     std=7     p95=1     p99=34    p99.9=108   p99.99=136   min=1     max=144  
execution_delay: avg=81    std=115   p95=329   p99=456   p99.9=588   p99.99=651   min=0     max=674  
out_requests: 0

5:
  process metrics:
slow_path_reads: 235
fast_path_reads: 105
slow_path: 2803
stable: 31999
fast_path: 3597

  executor metrics:
execution_delay: avg=90    std=129   p95=365   p99=524   p99.9=627   p99.99=718   min=0     max=740  
chain_size: avg=2     std=7     p95=1     p99=34    p99.9=108   p99.99=136   min=1     max=144  
out_requests: 0

4:
  process metrics:
fast_path: 3277
slow_path: 3123
slow_path_reads: 226
fast_path_reads: 101
stable: 31999

  executor metrics:
chain_size: avg=2     std=7     p95=1     p99=34    p99.9=108   p99.99=136   min=1     max=144  
execution_delay: avg=79    std=122   p95=338   p99=486   p99.9=623   p99.99=720   min=0     max=722  
out_requests: 0

region = sa-east-1      | avg=370   std=193   p95=710   p99=811   p99.9=930   p99.99=958   min=182   max=958  
region = ap-southeast-1 | avg=373   std=188   p95=698   p99=769   p99.9=912   p99.99=940   min=186   max=944  
region = us-west-1      | avg=300   std=167   p95=590   p99=722   p99.9=790   p99.99=812   min=140   max=814  
region = eu-west-1      | avg=302   std=168   p95=591   p99=748   p99.9=812   p99.99=817   min=140   max=817  
region = ca-central-1   | avg=270   std=197   p95=588   p99=749   p99.9=800   p99.99=844   min=78    max=844  
EPaxosMRV n = 5 f = 0 c = 32  | wait condition delay: (empty)
EPaxosMRV n = 5 f = 0 c = 32  | commit latency      : (empty)
EPaxosMRV n = 5 f = 0 c = 32  | execution latency   : avg=323   std=188   p95=628   p99=762   p99.9=922   p99.99=958   min=78    max=958  
EPaxosMRV n = 5 f = 0 c = 32  | execution delay     : avg=79    std=119   p95=336   p99=480   p99.9=610   p99.99=686   min=0     max=740  
EPaxosMRV n = 5 f = 0 c = 32  | fast path rate      : 54.2   
EPaxosMRV n = 5 f = 0 c = 32  | total orders        : 32000
EPaxosMRV n = 5 f = 0 c = 32  | throughput          : 688.3506
CONFLICTS: 80
5:
  process metrics:
slow_path: 4827
slow_path_reads: 212
stable: 31998
fast_path_reads: 91
fast_path: 1573

  executor metrics:
execution_delay: avg=109   std=115   p95=333   p99=450   p99.9=616   p99.99=696   min=0     max=715  
chain_size: avg=4     std=14    p95=15    p99=76    p99.9=132   p99.99=153   min=1     max=156  
out_requests: 0

4:
  process metrics:
fast_path_reads: 123
fast_path: 1703
slow_path: 4697
slow_path_reads: 198
stable: 31998

  executor metrics:
chain_size: avg=4     std=14    p95=15    p99=76    p99.9=132   p99.99=153   min=1     max=156  
execution_delay: avg=93    std=110   p95=300   p99=433   p99.9=616   p99.99=669   min=0     max=698  
out_requests: 0

1:
  process metrics:
stable: 31998
slow_path: 4446
slow_path_reads: 198
fast_path: 1954
fast_path_reads: 141

  executor metrics:
chain_size: avg=4     std=14    p95=15    p99=76    p99.9=132   p99.99=153   min=1     max=156  
execution_delay: avg=81    std=102   p95=274   p99=427   p99.9=567   p99.99=616   min=0     max=645  
out_requests: 0

3:
  process metrics:
fast_path_reads: 141
fast_path: 1976
stable: 31998
slow_path_reads: 181
slow_path: 4424

  executor metrics:
chain_size: avg=4     std=14    p95=15    p99=76    p99.9=132   p99.99=153   min=1     max=156  
execution_delay: avg=93    std=102   p95=312   p99=402   p99.9=539   p99.99=596   min=0     max=596  
out_requests: 0

2:
  process metrics:
stable: 31998
slow_path_reads: 181
slow_path: 4369
fast_path: 2031
fast_path_reads: 142

  executor metrics:
execution_delay: avg=81    std=102   p95=275   p99=405   p99.9=561   p99.99=632   min=0     max=639  
chain_size: avg=4     std=14    p95=15    p99=76    p99.9=132   p99.99=153   min=1     max=156  
out_requests: 0

region = ca-central-1   | avg=336   std=150   p95=558   p99=711   p99.9=776   p99.99=776   min=78    max=776  
region = eu-west-1      | avg=347   std=125   p95=546   p99=711   p99.9=772   p99.99=772   min=140   max=772  
region = sa-east-1      | avg=458   std=155   p95=674   p99=769   p99.9=893   p99.99=897   min=182   max=897  
region = us-west-1      | avg=351   std=123   p95=544   p99=685   p99.9=772   p99.99=772   min=140   max=796  
region = ap-southeast-1 | avg=451   std=149   p95=592   p99=735   p99.9=892   p99.99=916   min=186   max=916  
EPaxos   n = 5 f = 0 c = 32  | wait condition delay: (empty)
EPaxos   n = 5 f = 0 c = 32  | commit latency      : (empty)
EPaxos   n = 5 f = 0 c = 32  | execution latency   : avg=389   std=151   p95=579   p99=733   p99.9=888   p99.99=897   min=78    max=916  
EPaxos   n = 5 f = 0 c = 32  | execution delay     : avg=91    std=107   p95=297   p99=430   p99.9=574   p99.99=639   min=0     max=715  
EPaxos   n = 5 f = 0 c = 32  | fast path rate      : 28.9   
EPaxos   n = 5 f = 0 c = 32  | total orders        : 32000
EPaxos   n = 5 f = 0 c = 32  | throughput          : 759.5242
4:
  process metrics:
fast_path_reads: 72
slow_path: 3584
fast_path: 2816
stable: 31998
slow_path_reads: 273

  executor metrics:
execution_delay: avg=82    std=115   p95=322   p99=463   p99.9=622   p99.99=682   min=0     max=700  
chain_size: avg=2     std=8     p95=2     p99=41    p99.9=113   p99.99=139   min=1     max=143  
out_requests: 0

3:
  process metrics:
fast_path: 2939
slow_path: 3461
stable: 31998
slow_path_reads: 241
fast_path_reads: 63

  executor metrics:
chain_size: avg=2     std=8     p95=2     p99=41    p99.9=113   p99.99=139   min=1     max=143  
execution_delay: avg=83    std=110   p95=317   p99=455   p99.9=612   p99.99=734   min=0     max=736  
out_requests: 0

5:
  process metrics:
fast_path_reads: 55
stable: 31998
fast_path: 3031
slow_path: 3369
slow_path_reads: 266

  executor metrics:
chain_size: avg=2     std=8     p95=2     p99=41    p99.9=113   p99.99=139   min=1     max=143  
execution_delay: avg=95    std=121   p95=344   p99=473   p99.9=622   p99.99=729   min=0     max=734  
out_requests: 0

1:
  process metrics:
fast_path_reads: 74
slow_path: 3335
fast_path: 3065
slow_path_reads: 244
stable: 31998

  executor metrics:
execution_delay: avg=73    std=107   p95=289   p99=430   p99.9=569   p99.99=629   min=0     max=647  
chain_size: avg=2     std=8     p95=2     p99=41    p99.9=113   p99.99=139   min=1     max=143  
out_requests: 0

2:
  process metrics:
slow_path_reads: 274
slow_path: 3363
fast_path: 3037
fast_path_reads: 72
stable: 31998

  executor metrics:
chain_size: avg=2     std=8     p95=2     p99=41    p99.9=113   p99.99=139   min=1     max=143  
execution_delay: avg=73    std=106   p95=287   p99=427   p99.9=583   p99.99=641   min=0     max=643  
out_requests: 0

region = eu-west-1      | avg=315   std=156   p95=558   p99=716   p99.9=778   p99.99=821   min=140   max=821  
region = us-west-1      | avg=318   std=155   p95=558   p99=720   p99.9=778   p99.99=788   min=140   max=810  
region = ap-southeast-1 | avg=395   std=183   p95=646   p99=837   p99.9=922   p99.99=922   min=186   max=922  
region = sa-east-1      | avg=397   std=184   p95=678   p99=774   p99.9=916   p99.99=922   min=182   max=922  
region = ca-central-1   | avg=283   std=184   p95=558   p99=717   p99.9=807   p99.99=838   min=78    max=838  
EPaxosMRV n = 5 f = 0 c = 32  | wait condition delay: (empty)
EPaxosMRV n = 5 f = 0 c = 32  | commit latency      : (empty)
EPaxosMRV n = 5 f = 0 c = 32  | execution latency   : avg=342   std=179   p95=594   p99=746   p99.9=911   p99.99=922   min=78    max=922  
EPaxosMRV n = 5 f = 0 c = 32  | execution delay     : avg=81    std=112   p95=316   p99=447   p99.9=611   p99.99=712   min=0     max=736  
EPaxosMRV n = 5 f = 0 c = 32  | fast path rate      : 46.5   
EPaxosMRV n = 5 f = 0 c = 32  | total orders        : 32000
EPaxosMRV n = 5 f = 0 c = 32  | throughput          : 672.9889
CONFLICTS: 90
3:
  process metrics:
slow_path: 5076
fast_path: 1324
stable: 31997
fast_path_reads: 111
slow_path_reads: 204

  executor metrics:
chain_size: avg=6     std=17    p95=51    p99=84    p99.9=116   p99.99=127   min=1     max=127  
execution_delay: avg=86    std=82    p95=218   p99=352   p99.9=379   p99.99=448   min=0     max=530  
out_requests: 0

5:
  process metrics:
slow_path_reads: 218
fast_path: 1373
slow_path: 5027
fast_path_reads: 96
stable: 31997

  executor metrics:
chain_size: avg=6     std=17    p95=51    p99=84    p99.9=116   p99.99=127   min=1     max=127  
execution_delay: avg=101   std=96    p95=274   p99=361   p99.9=473   p99.99=510   min=0     max=538  
out_requests: 0

1:
  process metrics:
slow_path_reads: 262
stable: 31997
slow_path: 5153
fast_path_reads: 89
fast_path: 1247

  executor metrics:
chain_size: avg=6     std=17    p95=51    p99=84    p99.9=116   p99.99=127   min=1     max=127  
execution_delay: avg=69    std=83    p95=223   p99=299   p99.9=422   p99.99=459   min=0     max=486  
out_requests: 0

2:
  process metrics:
fast_path: 931
slow_path_reads: 260
slow_path: 5469
stable: 31997
fast_path_reads: 68

  executor metrics:
execution_delay: avg=68    std=81    p95=216   p99=291   p99.9=416   p99.99=453   min=0     max=487  
chain_size: avg=6     std=17    p95=51    p99=84    p99.9=116   p99.99=127   min=1     max=127  
out_requests: 0

4:
  process metrics:
stable: 31997
fast_path: 1386
slow_path: 5014
fast_path_reads: 131
slow_path_reads: 209

  executor metrics:
execution_delay: avg=83    std=90    p95=252   p99=331   p99.9=475   p99.99=512   min=0     max=512  
chain_size: avg=6     std=17    p95=51    p99=84    p99.9=116   p99.99=127   min=1     max=127  
out_requests: 0

region = eu-west-1      | avg=350   std=83    p95=447   p99=543   p99.9=606   p99.99=615   min=140   max=632  
region = us-west-1      | avg=351   std=82    p95=450   p99=536   p99.9=606   p99.99=606   min=140   max=606  
region = ca-central-1   | avg=339   std=102   p95=457   p99=554   p99.9=594   p99.99=606   min=78    max=606  
region = sa-east-1      | avg=471   std=114   p95=562   p99=660   p99.9=727   p99.99=731   min=182   max=731  
region = ap-southeast-1 | avg=473   std=112   p95=557   p99=600   p99.9=750   p99.99=752   min=186   max=752  
EPaxos   n = 5 f = 0 c = 32  | wait condition delay: (empty)
EPaxos   n = 5 f = 0 c = 32  | commit latency      : (empty)
EPaxos   n = 5 f = 0 c = 32  | execution latency   : avg=397   std=117   p95=553   p99=586   p99.9=720   p99.99=750   min=78    max=752  
EPaxos   n = 5 f = 0 c = 32  | execution delay     : avg=81    std=87    p95=237   p99=338   p99.9=436   p99.99=512   min=0     max=538  
EPaxos   n = 5 f = 0 c = 32  | fast path rate      : 19.6   
EPaxos   n = 5 f = 0 c = 32  | total orders        : 32000
EPaxos   n = 5 f = 0 c = 32  | throughput          : 779.0149
3:
  process metrics:
fast_path: 2517
stable: 31997
slow_path: 3883
fast_path_reads: 40
slow_path_reads: 306

  executor metrics:
chain_size: avg=2     std=9     p95=2     p99=54    p99.9=115   p99.99=139   min=1     max=144  
execution_delay: avg=87    std=105   p95=308   p99=405   p99.9=548   p99.99=720   min=0     max=720  
out_requests: 0

5:
  process metrics:
stable: 31997
slow_path: 3741
fast_path: 2659
fast_path_reads: 24
slow_path_reads: 289

  executor metrics:
execution_delay: avg=102   std=121   p95=354   p99=457   p99.9=571   p99.99=672   min=0     max=716  
chain_size: avg=2     std=9     p95=2     p99=54    p99.9=115   p99.99=139   min=1     max=144  
out_requests: 0

1:
  process metrics:
slow_path_reads: 268
slow_path: 3885
stable: 31997
fast_path_reads: 29
fast_path: 2515

  executor metrics:
execution_delay: avg=78    std=105   p95=294   p99=402   p99.9=543   p99.99=590   min=0     max=623  
chain_size: avg=2     std=9     p95=2     p99=54    p99.9=115   p99.99=139   min=1     max=144  
out_requests: 0

4:
  process metrics:
slow_path: 3961
slow_path_reads: 274
stable: 31997
fast_path_reads: 48
fast_path: 2439

  executor metrics:
chain_size: avg=2     std=9     p95=2     p99=54    p99.9=115   p99.99=139   min=1     max=144  
execution_delay: avg=88    std=114   p95=322   p99=439   p99.9=573   p99.99=643   min=0     max=676  
out_requests: 0

2:
  process metrics:
stable: 31997
slow_path: 3867
slow_path_reads: 265
fast_path_reads: 37
fast_path: 2533

  executor metrics:
chain_size: avg=2     std=9     p95=2     p99=54    p99.9=115   p99.99=139   min=1     max=144  
execution_delay: avg=77    std=105   p95=292   p99=402   p99.9=514   p99.99=584   min=0     max=619  
out_requests: 0

region = ap-southeast-1 | avg=415   std=175   p95=695   p99=740   p99.9=906   p99.99=928   min=186   max=928  
region = us-west-1      | avg=330   std=147   p95=558   p99=676   p99.9=749   p99.99=766   min=140   max=774  
region = sa-east-1      | avg=418   std=179   p95=707   p99=766   p99.9=904   p99.99=910   min=182   max=914  
region = eu-west-1      | avg=331   std=148   p95=561   p99=688   p99.9=764   p99.99=805   min=140   max=813  
region = ca-central-1   | avg=308   std=174   p95=561   p99=707   p99.9=738   p99.99=752   min=78    max=832  
EPaxosMRV n = 5 f = 0 c = 32  | wait condition delay: (empty)
EPaxosMRV n = 5 f = 0 c = 32  | commit latency      : (empty)
EPaxosMRV n = 5 f = 0 c = 32  | execution latency   : avg=360   std=172   p95=598   p99=732   p99.9=898   p99.99=928   min=78    max=928  
EPaxosMRV n = 5 f = 0 c = 32  | execution delay     : avg=86    std=111   p95=318   p99=426   p99.9=558   p99.99=629   min=0     max=720  
EPaxosMRV n = 5 f = 0 c = 32  | fast path rate      : 39.6   
EPaxosMRV n = 5 f = 0 c = 32  | total orders        : 32000
EPaxosMRV n = 5 f = 0 c = 32  | throughput          : 640.7905
CONFLICTS: 100
4:
  process metrics:
fast_path_reads: 65
slow_path: 5860
fast_path: 540
slow_path_reads: 289
stable: 31938

  executor metrics:
execution_delay: avg=63    std=87    p95=216   p99=275   p99.9=294   p99.99=294   min=0     max=294  
chain_size: avg=54    std=35    p95=127   p99=128   p99.9=128   p99.99=128   min=1     max=128  
out_requests: 0

2:
  process metrics:
fast_path: 659
stable: 31938
slow_path_reads: 251
fast_path_reads: 63
slow_path: 5741

  executor metrics:
chain_size: avg=54    std=35    p95=127   p99=128   p99.9=128   p99.99=128   min=1     max=128  
execution_delay: avg=68    std=80    p95=206   p99=263   p99.9=264   p99.99=284   min=0     max=284  
out_requests: 0

3:
  process metrics:
slow_path: 5368
fast_path_reads: 111
stable: 31968
fast_path: 1032
slow_path_reads: 200

  executor metrics:
chain_size: avg=54    std=35    p95=127   p99=128   p99.9=128   p99.99=128   min=1     max=128  
execution_delay: avg=53    std=72    p95=186   p99=239   p99.9=287   p99.99=347   min=0     max=347  
out_requests: 0

5:
  process metrics:
slow_path: 5987
stable: 31938
fast_path: 413
slow_path_reads: 261
fast_path_reads: 59

  executor metrics:
chain_size: avg=54    std=35    p95=127   p99=128   p99.9=128   p99.99=128   min=1     max=128  
execution_delay: avg=66    std=85    p95=214   p99=270   p99.9=292   p99.99=292   min=0     max=292  
out_requests: 0

1:
  process metrics:
slow_path: 5359
fast_path: 1041
slow_path_reads: 220
fast_path_reads: 106
stable: 31938

  executor metrics:
chain_size: avg=54    std=35    p95=127   p99=128   p99.9=128   p99.99=128   min=1     max=128  
execution_delay: avg=69    std=83    p95=205   p99=264   p99.9=270   p99.99=283   min=0     max=283  
out_requests: 0

region = sa-east-1      | avg=384   std=36    p95=467   p99=467   p99.9=467   p99.99=467   min=364   max=467  
region = ca-central-1   | avg=354   std=19    p95=372   p99=372   p99.9=372   p99.99=372   min=299   max=372  
region = us-west-1      | avg=354   std=8     p95=372   p99=372   p99.9=372   p99.99=372   min=346   max=372  
region = ap-southeast-1 | avg=385   std=30    p95=466   p99=466   p99.9=533   p99.99=533   min=372   max=533  
region = eu-west-1      | avg=354   std=8     p95=372   p99=372   p99.9=372   p99.99=372   min=346   max=372  
EPaxos   n = 5 f = 0 c = 32  | wait condition delay: (empty)
EPaxos   n = 5 f = 0 c = 32  | commit latency      : (empty)
EPaxos   n = 5 f = 0 c = 32  | execution latency   : avg=366   std=28    p95=425   p99=467   p99.9=500   p99.99=533   min=299   max=533  
EPaxos   n = 5 f = 0 c = 32  | execution delay     : avg=64    std=82    p95=211   p99=264   p99.9=289   p99.99=294   min=0     max=347  
EPaxos   n = 5 f = 0 c = 32  | fast path rate      : 11.5   
EPaxos   n = 5 f = 0 c = 32  | total orders        : 32000
EPaxos   n = 5 f = 0 c = 32  | throughput          : 842.5837
3:
  process metrics:
slow_path: 4369
stable: 31997
slow_path_reads: 305
fast_path: 2031

  executor metrics:
execution_delay: avg=87    std=93    p95=258   p99=350   p99.9=429   p99.99=529   min=0     max=538  
chain_size: avg=3     std=10    p95=5     p99=60    p99.9=93    p99.99=137   min=1     max=138  
out_requests: 0

2:
  process metrics:
slow_path_reads: 298
slow_path: 4197
fast_path_reads: 1
stable: 31997
fast_path: 2203

  executor metrics:
chain_size: avg=3     std=10    p95=5     p99=60    p99.9=93    p99.99=137   min=1     max=138  
execution_delay: avg=76    std=93    p95=258   p99=339   p99.9=435   p99.99=566   min=0     max=582  
out_requests: 0

1:
  process metrics:
slow_path_reads: 342
slow_path: 4240
stable: 31997
fast_path: 2160

  executor metrics:
execution_delay: avg=77    std=94    p95=260   p99=345   p99.9=442   p99.99=512   min=0     max=551  
chain_size: avg=3     std=10    p95=5     p99=60    p99.9=93    p99.99=137   min=1     max=138  
out_requests: 0

4:
  process metrics:
stable: 31997
slow_path_reads: 341
slow_path: 4452
fast_path: 1948

  executor metrics:
execution_delay: avg=88    std=102   p95=288   p99=379   p99.9=486   p99.99=565   min=0     max=604  
chain_size: avg=3     std=10    p95=5     p99=60    p99.9=93    p99.99=137   min=1     max=138  
out_requests: 0

5:
  process metrics:
slow_path: 4207
fast_path: 2193
slow_path_reads: 334
stable: 31997

  executor metrics:
execution_delay: avg=103   std=107   p95=308   p99=390   p99.9=493   p99.99=566   min=0     max=602  
chain_size: avg=3     std=10    p95=5     p99=60    p99.9=93    p99.99=137   min=1     max=138  
out_requests: 0

region = ap-southeast-1 | avg=432   std=150   p95=581   p99=702   p99.9=734   p99.99=736   min=186   max=814  
region = ca-central-1   | avg=324   std=148   p95=516   p99=575   p99.9=706   p99.99=721   min=78    max=751  
region = sa-east-1      | avg=430   std=157   p95=596   p99=724   p99.9=767   p99.99=896   min=182   max=896  
region = us-west-1      | avg=342   std=123   p95=497   p99=570   p99.9=706   p99.99=722   min=140   max=764  
region = eu-west-1      | avg=343   std=123   p95=498   p99=584   p99.9=706   p99.99=758   min=140   max=758  
EPaxosMRV n = 5 f = 0 c = 32  | wait condition delay: (empty)
EPaxosMRV n = 5 f = 0 c = 32  | commit latency      : (empty)
EPaxosMRV n = 5 f = 0 c = 32  | execution latency   : avg=374   std=148   p95=563   p99=669   p99.9=741   p99.99=814   min=78    max=896  
EPaxosMRV n = 5 f = 0 c = 32  | execution delay     : avg=86    std=99    p95=276   p99=364   p99.9=470   p99.99=563   min=0     max=604  
EPaxosMRV n = 5 f = 0 c = 32  | fast path rate      : 32.9   
EPaxosMRV n = 5 f = 0 c = 32  | total orders        : 32000
EPaxosMRV n = 5 f = 0 c = 32  | throughput          : 680.6196
