| | eu-west-1 | us-west-1 | ap-southeast-1 | ca-central-1 | sa-east-1 |
|:---:|:---:|:---:|:---:|:---:|:---:|
| __eu-west-1__ | 0 | 141 | 186 | 72 | 183 |
| __us-west-1__ | 141 | 0 | 181 | 78 | 190 |
| __ap-southeast-1__ | 186 | 181 | 0 | 221 | 338 |
| __ca-central-1__ | 72 | 78 | 221 | 0 | 123 |
| __sa-east-1__ | 183 | 190 | 338 | 123 | 0 |

POOL_SIZE: 1
CONFLICTS: 0
5:
  process metrics:
stable: 31936
fast_path: 6400

  executor metrics:
chain_size: avg=1     std=0     p95=1     p99=1     p99.9=1     p99.99=1     min=1     max=1    
execution_delay: avg=0     std=0     p95=0     p99=0     p99.9=0     p99.99=0     min=0     max=0    

2:
  process metrics:
fast_path: 6400
stable: 31936

  executor metrics:
execution_delay: avg=0     std=0     p95=0     p99=0     p99.9=0     p99.99=0     min=0     max=0    
chain_size: avg=1     std=0     p95=1     p99=1     p99.9=1     p99.99=1     min=1     max=1    

4:
  process metrics:
fast_path: 6400
stable: 31936

  executor metrics:
execution_delay: avg=0     std=0     p95=0     p99=0     p99.9=0     p99.99=0     min=0     max=0    
chain_size: avg=1     std=0     p95=1     p99=1     p99.9=1     p99.99=1     min=1     max=1    

3:
  process metrics:
fast_path: 6400
stable: 31936

  executor metrics:
execution_delay: avg=0     std=0     p95=0     p99=0     p99.9=0     p99.99=0     min=0     max=0    
chain_size: avg=1     std=0     p95=1     p99=1     p99.9=1     p99.99=1     min=1     max=1    

1:
  process metrics:
fast_path: 6400
stable: 31936

  executor metrics:
chain_size: avg=1     std=0     p95=1     p99=1     p99.9=1     p99.99=1     min=1     max=1    
execution_delay: avg=0     std=0     p95=0     p99=0     p99.9=0     p99.99=0     min=0     max=0    

region = eu-west-1      | avg=140   std=0     p95=140   p99=140   p99.9=140   p99.99=140   min=140   max=140  
region = sa-east-1      | avg=182   std=0     p95=182   p99=182   p99.9=182   p99.99=182   min=182   max=182  
region = ca-central-1   | avg=78    std=0     p95=78    p99=78    p99.9=78    p99.99=78    min=78    max=78   
region = us-west-1      | avg=140   std=0     p95=140   p99=140   p99.9=140   p99.99=140   min=140   max=140  
region = ap-southeast-1 | avg=186   std=0     p95=186   p99=186   p99.9=186   p99.99=186   min=186   max=186  
EPaxosMRV n = 5 f = 0 c = 32  | wait condition delay: (empty)
EPaxosMRV n = 5 f = 0 c = 32  | commit latency      : (empty)
EPaxosMRV n = 5 f = 0 c = 32  | execution latency   : avg=145   std=39    p95=186   p99=186   p99.9=186   p99.99=186   min=78    max=186  
EPaxosMRV n = 5 f = 0 c = 32  | execution delay     : avg=0     std=0     p95=0     p99=0     p99.9=0     p99.99=0     min=0     max=0    
EPaxosMRV n = 5 f = 0 c = 32  | fast path rate      : 100.0  
EPaxosMRV n = 5 f = 0 c = 32  | total orders        : 32000
EPaxosMRV n = 5 f = 0 c = 32  | throughput          : 1.6655
2:
  process metrics:
fast_path: 102400
stable: 510976

  executor metrics:
execution_delay: avg=0     std=0     p95=0     p99=0     p99.9=0     p99.99=0     min=0     max=0    
chain_size: avg=1     std=0     p95=1     p99=1     p99.9=1     p99.99=1     min=1     max=1    

3:
  process metrics:
stable: 510976
fast_path: 102400

  executor metrics:
chain_size: avg=1     std=0     p95=1     p99=1     p99.9=1     p99.99=1     min=1     max=1    
execution_delay: avg=0     std=0     p95=0     p99=0     p99.9=0     p99.99=0     min=0     max=0    

1:
  process metrics:
fast_path: 102400
stable: 510976

  executor metrics:
execution_delay: avg=0     std=0     p95=0     p99=0     p99.9=0     p99.99=0     min=0     max=0    
chain_size: avg=1     std=0     p95=1     p99=1     p99.9=1     p99.99=1     min=1     max=1    

4:
  process metrics:
fast_path: 102400
stable: 510976

  executor metrics:
chain_size: avg=1     std=0     p95=1     p99=1     p99.9=1     p99.99=1     min=1     max=1    
execution_delay: avg=0     std=0     p95=0     p99=0     p99.9=0     p99.99=0     min=0     max=0    

5:
  process metrics:
stable: 510976
fast_path: 102400

  executor metrics:
chain_size: avg=1     std=0     p95=1     p99=1     p99.9=1     p99.99=1     min=1     max=1    
execution_delay: avg=0     std=0     p95=0     p99=0     p99.9=0     p99.99=0     min=0     max=0    

region = ap-southeast-1 | avg=186   std=0     p95=186   p99=186   p99.9=186   p99.99=186   min=186   max=186  
region = sa-east-1      | avg=182   std=0     p95=182   p99=182   p99.9=182   p99.99=182   min=182   max=182  
region = eu-west-1      | avg=140   std=0     p95=140   p99=140   p99.9=140   p99.99=140   min=140   max=140  
region = us-west-1      | avg=140   std=0     p95=140   p99=140   p99.9=140   p99.99=140   min=140   max=140  
region = ca-central-1   | avg=78    std=0     p95=78    p99=78    p99.9=78    p99.99=78    min=78    max=78   
EPaxosMRV n = 5 f = 0 c = 512 | wait condition delay: (empty)
EPaxosMRV n = 5 f = 0 c = 512 | commit latency      : (empty)
EPaxosMRV n = 5 f = 0 c = 512 | execution latency   : avg=145   std=39    p95=186   p99=186   p99.9=186   p99.99=186   min=78    max=186  
EPaxosMRV n = 5 f = 0 c = 512 | execution delay     : avg=0     std=0     p95=0     p99=0     p99.9=0     p99.99=0     min=0     max=0    
EPaxosMRV n = 5 f = 0 c = 512 | fast path rate      : 100.0  
EPaxosMRV n = 5 f = 0 c = 512 | total orders        : 512000
EPaxosMRV n = 5 f = 0 c = 512 | throughput          : 1.8977
1:
  process metrics:
fast_path: 204800
stable: 1021952

  executor metrics:
execution_delay: avg=0     std=0     p95=0     p99=0     p99.9=0     p99.99=0     min=0     max=0    
chain_size: avg=1     std=0     p95=1     p99=1     p99.9=1     p99.99=1     min=1     max=1    

4:
  process metrics:
fast_path: 204800
stable: 1021952

  executor metrics:
execution_delay: avg=0     std=0     p95=0     p99=0     p99.9=0     p99.99=0     min=0     max=0    
chain_size: avg=1     std=0     p95=1     p99=1     p99.9=1     p99.99=1     min=1     max=1    

5:
  process metrics:
fast_path: 204800
stable: 1021952

  executor metrics:
chain_size: avg=1     std=0     p95=1     p99=1     p99.9=1     p99.99=1     min=1     max=1    
execution_delay: avg=0     std=0     p95=0     p99=0     p99.9=0     p99.99=0     min=0     max=0    

3:
  process metrics:
fast_path: 204800
stable: 1021952

  executor metrics:
execution_delay: avg=0     std=0     p95=0     p99=0     p99.9=0     p99.99=0     min=0     max=0    
chain_size: avg=1     std=0     p95=1     p99=1     p99.9=1     p99.99=1     min=1     max=1    

2:
  process metrics:
fast_path: 204800
stable: 1021952

  executor metrics:
execution_delay: avg=0     std=0     p95=0     p99=0     p99.9=0     p99.99=0     min=0     max=0    
chain_size: avg=1     std=0     p95=1     p99=1     p99.9=1     p99.99=1     min=1     max=1    

region = ap-southeast-1 | avg=186   std=0     p95=186   p99=186   p99.9=186   p99.99=186   min=186   max=186  
region = eu-west-1      | avg=140   std=0     p95=140   p99=140   p99.9=140   p99.99=140   min=140   max=140  
region = ca-central-1   | avg=78    std=0     p95=78    p99=78    p99.9=78    p99.99=78    min=78    max=78   
region = sa-east-1      | avg=182   std=0     p95=182   p99=182   p99.9=182   p99.99=182   min=182   max=182  
region = us-west-1      | avg=140   std=0     p95=140   p99=140   p99.9=140   p99.99=140   min=140   max=140  
EPaxosMRV n = 5 f = 0 c = 1024 | wait condition delay: (empty)
EPaxosMRV n = 5 f = 0 c = 1024 | commit latency      : (empty)
EPaxosMRV n = 5 f = 0 c = 1024 | execution latency   : avg=145   std=39    p95=186   p99=186   p99.9=186   p99.99=186   min=78    max=186  
EPaxosMRV n = 5 f = 0 c = 1024 | execution delay     : avg=0     std=0     p95=0     p99=0     p99.9=0     p99.99=0     min=0     max=0    
EPaxosMRV n = 5 f = 0 c = 1024 | fast path rate      : 100.0  
EPaxosMRV n = 5 f = 0 c = 1024 | total orders        : 1024000
EPaxosMRV n = 5 f = 0 c = 1024 | throughput          : 1.7808
CONFLICTS: 2
5:
  process metrics:
fast_path: 6372
stable: 31991
slow_path: 28

  executor metrics:
chain_size: avg=1     std=0     p95=1     p99=1     p99.9=1     p99.99=2     min=1     max=2    
execution_delay: avg=0     std=3     p95=0     p99=0     p99.9=0     p99.99=160   min=0     max=203  
out_requests: 0

1:
  process metrics:
slow_path: 46
fast_path: 6354
stable: 31991

  executor metrics:
chain_size: avg=1     std=0     p95=1     p99=1     p99.9=1     p99.99=2     min=1     max=2    
execution_delay: avg=0     std=2     p95=0     p99=0     p99.9=0     p99.99=149   min=0     max=198  
out_requests: 0

2:
  process metrics:
stable: 31991
slow_path: 25
fast_path: 6375

  executor metrics:
chain_size: avg=1     std=0     p95=1     p99=1     p99.9=1     p99.99=2     min=1     max=2    
execution_delay: avg=0     std=2     p95=0     p99=0     p99.9=0     p99.99=125   min=0     max=223  
out_requests: 0

4:
  process metrics:
fast_path: 6374
slow_path: 26
stable: 31991

  executor metrics:
execution_delay: avg=0     std=2     p95=0     p99=0     p99.9=0     p99.99=150   min=0     max=203  
chain_size: avg=1     std=0     p95=1     p99=1     p99.9=1     p99.99=2     min=1     max=2    
out_requests: 0

3:
  process metrics:
stable: 31988
slow_path: 30
fast_path: 6370

  executor metrics:
execution_delay: avg=0     std=3     p95=0     p99=0     p99.9=0     p99.99=144   min=0     max=207  
chain_size: avg=1     std=0     p95=1     p99=1     p99.9=1     p99.99=2     min=1     max=2    
out_requests: 0

region = ca-central-1   | avg=78    std=7     p95=78    p99=78    p99.9=156   p99.99=281   min=78    max=295  
region = sa-east-1      | avg=183   std=13    p95=182   p99=182   p99.9=364   p99.99=448   min=182   max=463  
region = us-west-1      | avg=141   std=9     p95=140   p99=140   p99.9=280   p99.99=280   min=140   max=363  
region = eu-west-1      | avg=141   std=13    p95=140   p99=140   p99.9=280   p99.99=378   min=140   max=401  
region = ap-southeast-1 | avg=187   std=13    p95=186   p99=186   p99.9=372   p99.99=392   min=186   max=437  
EPaxosMRV n = 5 f = 0 c = 32  | wait condition delay: (empty)
EPaxosMRV n = 5 f = 0 c = 32  | commit latency      : (empty)
EPaxosMRV n = 5 f = 0 c = 32  | execution latency   : avg=146   std=41    p95=186   p99=186   p99.9=372   p99.99=401   min=78    max=463  
EPaxosMRV n = 5 f = 0 c = 32  | execution delay     : avg=0     std=2     p95=0     p99=0     p99.9=0     p99.99=149   min=0     max=223  
EPaxosMRV n = 5 f = 0 c = 32  | fast path rate      : 99.5   
EPaxosMRV n = 5 f = 0 c = 32  | total orders        : 32000
EPaxosMRV n = 5 f = 0 c = 32  | throughput          : 1.5672
3:
  process metrics:
slow_path: 1076
stable: 511997
fast_path: 101324

  executor metrics:
chain_size: avg=1     std=0     p95=1     p99=1     p99.9=3     p99.99=5     min=1     max=10   
execution_delay: avg=1     std=10    p95=0     p99=0     p99.9=166   p99.99=265   min=0     max=397  
out_requests: 0

2:
  process metrics:
slow_path: 797
stable: 511997
fast_path: 101603

  executor metrics:
execution_delay: avg=1     std=11    p95=0     p99=0     p99.9=185   p99.99=276   min=0     max=373  
chain_size: avg=1     std=0     p95=1     p99=1     p99.9=3     p99.99=5     min=1     max=10   
out_requests: 0

1:
  process metrics:
stable: 511997
fast_path: 101252
slow_path: 1148

  executor metrics:
execution_delay: avg=1     std=11    p95=0     p99=0     p99.9=184   p99.99=268   min=0     max=379  
chain_size: avg=1     std=0     p95=1     p99=1     p99.9=3     p99.99=5     min=1     max=10   
out_requests: 0

4:
  process metrics:
slow_path: 983
fast_path: 101417
stable: 511998

  executor metrics:
execution_delay: avg=1     std=11    p95=0     p99=0     p99.9=186   p99.99=300   min=0     max=432  
chain_size: avg=1     std=0     p95=1     p99=1     p99.9=3     p99.99=5     min=1     max=10   
out_requests: 0

5:
  process metrics:
stable: 511998
slow_path: 830
fast_path: 101570

  executor metrics:
execution_delay: avg=1     std=12    p95=0     p99=0     p99.9=195   p99.99=307   min=0     max=430  
chain_size: avg=1     std=0     p95=1     p99=1     p99.9=3     p99.99=5     min=1     max=10   
out_requests: 0

region = eu-west-1      | avg=143   std=25    p95=140   p99=280   p99.9=425   p99.99=470   min=140   max=539  
region = sa-east-1      | avg=185   std=24    p95=182   p99=364   p99.9=494   p99.99=556   min=182   max=706  
region = us-west-1      | avg=143   std=22    p95=140   p99=280   p99.9=418   p99.99=442   min=140   max=498  
region = ap-southeast-1 | avg=189   std=26    p95=186   p99=372   p99.9=497   p99.99=575   min=186   max=591  
region = ca-central-1   | avg=80    std=22    p95=78    p99=179   p99.9=379   p99.99=430   min=78    max=588  
EPaxosMRV n = 5 f = 0 c = 512 | wait condition delay: (empty)
EPaxosMRV n = 5 f = 0 c = 512 | commit latency      : (empty)
EPaxosMRV n = 5 f = 0 c = 512 | execution latency   : avg=148   std=46    p95=186   p99=280   p99.9=447   p99.99=540   min=78    max=706  
EPaxosMRV n = 5 f = 0 c = 512 | execution delay     : avg=1     std=11    p95=0     p99=0     p99.9=185   p99.99=279   min=0     max=432  
EPaxosMRV n = 5 f = 0 c = 512 | fast path rate      : 99.1   
EPaxosMRV n = 5 f = 0 c = 512 | total orders        : 512000
EPaxosMRV n = 5 f = 0 c = 512 | throughput          : 1.6698
3:
  process metrics:
slow_path: 2519
stable: 1023994
fast_path: 202281

  executor metrics:
execution_delay: avg=1     std=14    p95=0     p99=36    p99.9=217   p99.99=309   min=0     max=469  
chain_size: avg=1     std=0     p95=1     p99=1     p99.9=4     p99.99=7     min=1     max=20   
out_requests: 0

2:
  process metrics:
fast_path: 202917
stable: 1023995
slow_path: 1883

  executor metrics:
chain_size: avg=1     std=0     p95=1     p99=1     p99.9=4     p99.99=7     min=1     max=20   
execution_delay: avg=1     std=15    p95=0     p99=39    p99.9=235   p99.99=309   min=0     max=456  
out_requests: 0

4:
  process metrics:
stable: 1023997
fast_path: 202326
slow_path: 2474

  executor metrics:
execution_delay: avg=2     std=16    p95=0     p99=45    p99.9=246   p99.99=341   min=0     max=504  
chain_size: avg=1     std=0     p95=1     p99=1     p99.9=4     p99.99=7     min=1     max=20   
out_requests: 0

5:
  process metrics:
stable: 1023998
fast_path: 202918
slow_path: 1882

  executor metrics:
execution_delay: avg=2     std=17    p95=0     p99=60    p99.9=258   p99.99=350   min=0     max=502  
chain_size: avg=1     std=0     p95=1     p99=1     p99.9=4     p99.99=7     min=1     max=20   
out_requests: 0

1:
  process metrics:
stable: 1023995
fast_path: 202268
slow_path: 2532

  executor metrics:
chain_size: avg=1     std=0     p95=1     p99=1     p99.9=4     p99.99=7     min=1     max=20   
execution_delay: avg=1     std=15    p95=0     p99=36    p99.9=224   p99.99=311   min=0     max=483  
out_requests: 0

region = us-west-1      | avg=144   std=29    p95=140   p99=337   p99.9=442   p99.99=537   min=140   max=605  
region = ap-southeast-1 | avg=190   std=31    p95=186   p99=379   p99.9=529   p99.99=621   min=186   max=678  
region = ca-central-1   | avg=82    std=31    p95=78    p99=285   p99.9=426   p99.99=514   min=78    max=582  
region = sa-east-1      | avg=186   std=31    p95=182   p99=368   p99.9=534   p99.99=621   min=182   max=750  
region = eu-west-1      | avg=144   std=30    p95=140   p99=349   p99.9=454   p99.99=541   min=140   max=630  
EPaxosMRV n = 5 f = 0 c = 1024 | wait condition delay: (empty)
EPaxosMRV n = 5 f = 0 c = 1024 | commit latency      : (empty)
EPaxosMRV n = 5 f = 0 c = 1024 | execution latency   : avg=149   std=49    p95=186   p99=357   p99.9=501   p99.99=591   min=78    max=750  
EPaxosMRV n = 5 f = 0 c = 1024 | execution delay     : avg=1     std=16    p95=0     p99=42    p99.9=238   p99.99=334   min=0     max=504  
EPaxosMRV n = 5 f = 0 c = 1024 | fast path rate      : 98.9   
EPaxosMRV n = 5 f = 0 c = 1024 | total orders        : 1024000
EPaxosMRV n = 5 f = 0 c = 1024 | throughput          : 1.6369
CONFLICTS: 10
1:
  process metrics:
stable: 31998
fast_path: 6125
slow_path: 275

  executor metrics:
execution_delay: avg=1     std=12    p95=0     p99=40    p99.9=188   p99.99=267   min=0     max=294  
chain_size: avg=1     std=0     p95=1     p99=1     p99.9=2     p99.99=4     min=1     max=4    
out_requests: 0

4:
  process metrics:
fast_path: 6225
stable: 31998
slow_path: 175

  executor metrics:
chain_size: avg=1     std=0     p95=1     p99=1     p99.9=2     p99.99=4     min=1     max=4    
execution_delay: avg=1     std=14    p95=0     p99=49    p99.9=204   p99.99=308   min=0     max=343  
out_requests: 0

5:
  process metrics:
stable: 31998
fast_path: 6231
slow_path: 169

  executor metrics:
execution_delay: avg=1     std=14    p95=0     p99=65    p99.9=201   p99.99=315   min=0     max=341  
chain_size: avg=1     std=0     p95=1     p99=1     p99.9=2     p99.99=4     min=1     max=4    
out_requests: 0

3:
  process metrics:
stable: 31996
fast_path: 6169
slow_path: 231

  executor metrics:
chain_size: avg=1     std=0     p95=1     p99=1     p99.9=2     p99.99=4     min=1     max=4    
execution_delay: avg=1     std=11    p95=0     p99=47    p99.9=177   p99.99=246   min=0     max=270  
out_requests: 0

2:
  process metrics:
stable: 31998
fast_path: 6247
slow_path: 153

  executor metrics:
execution_delay: avg=1     std=14    p95=0     p99=42    p99.9=210   p99.99=277   min=0     max=286  
chain_size: avg=1     std=0     p95=1     p99=1     p99.9=2     p99.99=4     min=1     max=4    
out_requests: 0

region = sa-east-1      | avg=189   std=35    p95=182   p99=364   p99.9=499   p99.99=524   min=182   max=533  
region = ca-central-1   | avg=83    std=27    p95=78    p99=206   p99.9=398   p99.99=421   min=78    max=427  
region = ap-southeast-1 | avg=194   std=39    p95=187   p99=374   p99.9=477   p99.99=534   min=186   max=562  
region = eu-west-1      | avg=148   std=37    p95=218   p99=311   p99.9=434   p99.99=442   min=140   max=443  
region = us-west-1      | avg=147   std=34    p95=140   p99=342   p99.9=426   p99.99=438   min=140   max=438  
EPaxosMRV n = 5 f = 0 c = 32  | wait condition delay: (empty)
EPaxosMRV n = 5 f = 0 c = 32  | commit latency      : (empty)
EPaxosMRV n = 5 f = 0 c = 32  | execution latency   : avg=152   std=53    p95=186   p99=372   p99.9=456   p99.99=524   min=78    max=562  
EPaxosMRV n = 5 f = 0 c = 32  | execution delay     : avg=1     std=13    p95=0     p99=48    p99.9=197   p99.99=289   min=0     max=343  
EPaxosMRV n = 5 f = 0 c = 32  | fast path rate      : 96.9   
EPaxosMRV n = 5 f = 0 c = 32  | total orders        : 32000
EPaxosMRV n = 5 f = 0 c = 32  | throughput          : 1.4234
2:
  process metrics:
fast_path: 96639
stable: 511996
slow_path: 5761

  executor metrics:
chain_size: avg=1     std=1     p95=1     p99=3     p99.9=15    p99.99=25    min=1     max=50   
execution_delay: avg=13    std=54    p95=125   p99=282   p99.9=449   p99.99=630   min=0     max=920  
out_requests: 0

4:
  process metrics:
fast_path: 95369
slow_path: 7031
stable: 511996

  executor metrics:
execution_delay: avg=14    std=57    p95=133   p99=305   p99.9=475   p99.99=658   min=0     max=901  
chain_size: avg=1     std=1     p95=1     p99=3     p99.9=15    p99.99=25    min=1     max=50   
out_requests: 0

5:
  process metrics:
stable: 511997
fast_path: 96721
slow_path: 5679

  executor metrics:
execution_delay: avg=16    std=61    p95=146   p99=320   p99.9=492   p99.99=673   min=0     max=921  
chain_size: avg=1     std=1     p95=1     p99=3     p99.9=15    p99.99=25    min=1     max=50   
out_requests: 0

1:
  process metrics:
fast_path: 95548
slow_path: 6852
stable: 511996

  executor metrics:
chain_size: avg=1     std=1     p95=1     p99=3     p99.9=15    p99.99=25    min=1     max=50   
execution_delay: avg=13    std=54    p95=129   p99=280   p99.9=449   p99.99=625   min=0     max=853  
out_requests: 0

3:
  process metrics:
fast_path: 95210
slow_path: 7190
stable: 511996

  executor metrics:
chain_size: avg=1     std=1     p95=1     p99=3     p99.9=15    p99.99=25    min=1     max=50   
execution_delay: avg=13    std=51    p95=120   p99=271   p99.9=431   p99.99=605   min=0     max=779  
out_requests: 0

region = eu-west-1      | avg=168   std=88    p95=414   p99=529   p99.9=669   p99.99=850   min=140   max=1094 
region = ap-southeast-1 | avg=214   std=90    p95=461   p99=581   p99.9=738   p99.99=874   min=186   max=1084 
region = us-west-1      | avg=168   std=88    p95=411   p99=530   p99.9=694   p99.99=892   min=140   max=1069 
region = sa-east-1      | avg=211   std=93    p95=467   p99=592   p99.9=767   p99.99=934   min=182   max=1142 
region = ca-central-1   | avg=109   std=99    p95=382   p99=520   p99.9=680   p99.99=884   min=78    max=998  
EPaxosMRV n = 5 f = 0 c = 512 | wait condition delay: (empty)
EPaxosMRV n = 5 f = 0 c = 512 | commit latency      : (empty)
EPaxosMRV n = 5 f = 0 c = 512 | execution latency   : avg=174   std=99    p95=423   p99=559   p99.9=720   p99.99=884   min=78    max=1142 
EPaxosMRV n = 5 f = 0 c = 512 | execution delay     : avg=14    std=55    p95=131   p99=292   p99.9=463   p99.99=638   min=0     max=921  
EPaxosMRV n = 5 f = 0 c = 512 | fast path rate      : 93.6   
EPaxosMRV n = 5 f = 0 c = 512 | total orders        : 512000
EPaxosMRV n = 5 f = 0 c = 512 | throughput          : 1.5799
5:
  process metrics:
slow_path: 12076
stable: 1023996
fast_path: 192724

  executor metrics:
execution_delay: avg=28    std=109   p95=241   p99=554   p99.9=1038  p99.99=1449  min=0     max=1729 
chain_size: avg=1     std=2     p95=1     p99=1     p99.9=29    p99.99=74    min=1     max=155  
out_requests: 0

4:
  process metrics:
slow_path: 14987
fast_path: 189813
stable: 1023995

  executor metrics:
chain_size: avg=1     std=2     p95=1     p99=1     p99.9=29    p99.99=74    min=1     max=155  
execution_delay: avg=26    std=105   p95=223   p99=539   p99.9=1027  p99.99=1425  min=0     max=1726 
out_requests: 0

2:
  process metrics:
slow_path: 12605
stable: 1023995
fast_path: 192195

  executor metrics:
execution_delay: avg=25    std=101   p95=207   p99=520   p99.9=1012  p99.99=1408  min=0     max=1768 
chain_size: avg=1     std=2     p95=1     p99=1     p99.9=29    p99.99=74    min=1     max=155  
out_requests: 0

1:
  process metrics:
stable: 1023995
fast_path: 190273
slow_path: 14527

  executor metrics:
execution_delay: avg=25    std=101   p95=209   p99=521   p99.9=1009  p99.99=1409  min=0     max=1694 
chain_size: avg=1     std=2     p95=1     p99=1     p99.9=29    p99.99=74    min=1     max=155  
out_requests: 0

3:
  process metrics:
fast_path: 189776
stable: 1023995
slow_path: 15024

  executor metrics:
execution_delay: avg=25    std=101   p95=208   p99=516   p99.9=1017  p99.99=1423  min=0     max=1781 
chain_size: avg=1     std=2     p95=1     p99=1     p99.9=29    p99.99=74    min=1     max=155  
out_requests: 0

region = sa-east-1      | avg=223   std=138   p95=548   p99=835   p99.9=1306  p99.99=1749  min=182   max=2003 
region = us-west-1      | avg=181   std=138   p95=494   p99=797   p99.9=1295  p99.99=1677  min=140   max=1908 
region = ap-southeast-1 | avg=226   std=135   p95=536   p99=827   p99.9=1315  p99.99=1783  min=186   max=1994 
region = ca-central-1   | avg=124   std=154   p95=487   p99=809   p99.9=1323  p99.99=1693  min=78    max=1816 
region = eu-west-1      | avg=181   std=139   p95=499   p99=799   p99.9=1277  p99.99=1642  min=140   max=1863 
EPaxosMRV n = 5 f = 0 c = 1024 | wait condition delay: (empty)
EPaxosMRV n = 5 f = 0 c = 1024 | commit latency      : (empty)
EPaxosMRV n = 5 f = 0 c = 1024 | execution latency   : avg=187   std=146   p95=520   p99=814   p99.9=1303  p99.99=1721  min=78    max=2003 
EPaxosMRV n = 5 f = 0 c = 1024 | execution delay     : avg=26    std=103   p95=217   p99=530   p99.9=1021  p99.99=1423  min=0     max=1781 
EPaxosMRV n = 5 f = 0 c = 1024 | fast path rate      : 93.2   
EPaxosMRV n = 5 f = 0 c = 1024 | total orders        : 1024000
EPaxosMRV n = 5 f = 0 c = 1024 | throughput          : 1.5285
CONFLICTS: 30
3:
  process metrics:
slow_path: 858
fast_path: 5542
stable: 31995

  executor metrics:
chain_size: avg=1     std=0     p95=1     p99=2     p99.9=4     p99.99=6     min=1     max=9    
execution_delay: avg=9     std=33    p95=76    p99=178   p99.9=266   p99.99=343   min=0     max=415  
out_requests: 0

5:
  process metrics:
slow_path: 719
fast_path: 5681
stable: 31995

  executor metrics:
chain_size: avg=1     std=0     p95=1     p99=2     p99.9=4     p99.99=6     min=1     max=9    
execution_delay: avg=11    std=38    p95=93    p99=196   p99.9=323   p99.99=385   min=0     max=425  
out_requests: 0

2:
  process metrics:
fast_path: 5795
stable: 31995
slow_path: 605

  executor metrics:
chain_size: avg=1     std=0     p95=1     p99=2     p99.9=4     p99.99=6     min=1     max=9    
execution_delay: avg=10    std=36    p95=81    p99=197   p99.9=281   p99.99=342   min=0     max=412  
out_requests: 0

4:
  process metrics:
slow_path: 818
fast_path: 5582
stable: 31995

  executor metrics:
chain_size: avg=1     std=0     p95=1     p99=2     p99.9=4     p99.99=6     min=1     max=9    
execution_delay: avg=10    std=38    p95=90    p99=197   p99.9=321   p99.99=361   min=0     max=427  
out_requests: 0

1:
  process metrics:
slow_path: 929
fast_path: 5471
stable: 31995

  executor metrics:
execution_delay: avg=9     std=35    p95=79    p99=187   p99.9=279   p99.99=374   min=0     max=411  
chain_size: avg=1     std=0     p95=1     p99=2     p99.9=4     p99.99=6     min=1     max=9    
out_requests: 0

region = ca-central-1   | avg=111   std=73    p95=289   p99=395   p99.9=484   p99.99=508   min=78    max=517  
region = us-west-1      | avg=172   std=71    p95=353   p99=422   p99.9=463   p99.99=490   min=140   max=497  
region = sa-east-1      | avg=216   std=77    p95=384   p99=492   p99.9=567   p99.99=594   min=182   max=596  
region = ap-southeast-1 | avg=223   std=81    p95=414   p99=488   p99.9=555   p99.99=585   min=186   max=587  
region = eu-west-1      | avg=176   std=76    p95=373   p99=426   p99.9=483   p99.99=541   min=140   max=545  
EPaxosMRV n = 5 f = 0 c = 32  | wait condition delay: (empty)
EPaxosMRV n = 5 f = 0 c = 32  | commit latency      : (empty)
EPaxosMRV n = 5 f = 0 c = 32  | execution latency   : avg=179   std=86    p95=372   p99=451   p99.9=534   p99.99=585   min=78    max=596  
EPaxosMRV n = 5 f = 0 c = 32  | execution delay     : avg=10    std=36    p95=84    p99=192   p99.9=292   p99.99=368   min=0     max=427  
EPaxosMRV n = 5 f = 0 c = 32  | fast path rate      : 87.7   
EPaxosMRV n = 5 f = 0 c = 32  | total orders        : 32000
EPaxosMRV n = 5 f = 0 c = 32  | throughput          : 1.3264
1:
  process metrics:
fast_path: 80243
slow_path: 22157
stable: 511995

  executor metrics:
chain_size: avg=1     std=4     p95=1     p99=12    p99.9=57    p99.99=97    min=1     max=176  
execution_delay: avg=75    std=160   p95=420   p99=711   p99.9=1117  p99.99=1469  min=0     max=1674 
out_requests: 0

4:
  process metrics:
fast_path: 79273
slow_path: 23127
stable: 511995

  executor metrics:
execution_delay: avg=79    std=166   p95=439   p99=730   p99.9=1136  p99.99=1479  min=0     max=1721 
chain_size: avg=1     std=4     p95=1     p99=12    p99.9=57    p99.99=97    min=1     max=176  
out_requests: 0

5:
  process metrics:
fast_path: 84068
slow_path: 18332
stable: 511994

  executor metrics:
chain_size: avg=1     std=4     p95=1     p99=12    p99.9=57    p99.99=97    min=1     max=176  
execution_delay: avg=85    std=173   p95=457   p99=747   p99.9=1161  p99.99=1504  min=0     max=1775 
out_requests: 0

2:
  process metrics:
slow_path: 18709
fast_path: 83691
stable: 511995

  executor metrics:
chain_size: avg=1     std=4     p95=1     p99=12    p99.9=57    p99.99=97    min=1     max=176  
execution_delay: avg=75    std=160   p95=420   p99=710   p99.9=1115  p99.99=1465  min=0     max=1737 
out_requests: 0

3:
  process metrics:
stable: 511996
fast_path: 79656
slow_path: 22744

  executor metrics:
chain_size: avg=1     std=4     p95=1     p99=12    p99.9=57    p99.99=97    min=1     max=176  
execution_delay: avg=76    std=159   p95=417   p99=709   p99.9=1111  p99.99=1446  min=0     max=1721 
out_requests: 0

region = ca-central-1   | avg=217   std=236   p95=695   p99=991   p99.9=1405  p99.99=1757  min=78    max=1852 
region = us-west-1      | avg=263   std=213   p95=702   p99=982   p99.9=1403  p99.99=1721  min=140   max=1877 
region = ap-southeast-1 | avg=308   std=213   p95=737   p99=1037  p99.9=1440  p99.99=1743  min=186   max=1884 
region = sa-east-1      | avg=309   std=219   p95=748   p99=1050  p99.9=1472  p99.99=1789  min=182   max=1957 
region = eu-west-1      | avg=264   std=213   p95=700   p99=980   p99.9=1387  p99.99=1720  min=140   max=1806 
EPaxosMRV n = 5 f = 0 c = 512 | wait condition delay: (empty)
EPaxosMRV n = 5 f = 0 c = 512 | commit latency      : (empty)
EPaxosMRV n = 5 f = 0 c = 512 | execution latency   : avg=272   std=222   p95=720   p99=1009  p99.9=1426  p99.99=1748  min=78    max=1957 
EPaxosMRV n = 5 f = 0 c = 512 | execution delay     : avg=78    std=164   p95=431   p99=722   p99.9=1129  p99.99=1473  min=0     max=1775 
EPaxosMRV n = 5 f = 0 c = 512 | fast path rate      : 79.5   
EPaxosMRV n = 5 f = 0 c = 512 | total orders        : 512000
EPaxosMRV n = 5 f = 0 c = 512 | throughput          : 1.3624
2:
  process metrics:
slow_path: 41783
fast_path: 163017
stable: 1023997

  executor metrics:
execution_delay: avg=107   std=234   p95=597   p99=1071  p99.9=1802  p99.99=2337  min=0     max=2707 
chain_size: avg=1     std=6     p95=1     p99=1     p99.9=101   p99.99=205   min=1     max=417  
out_requests: 0

5:
  process metrics:
slow_path: 38509
fast_path: 166291
stable: 1023997

  executor metrics:
chain_size: avg=1     std=6     p95=1     p99=1     p99.9=101   p99.99=205   min=1     max=417  
execution_delay: avg=119   std=248   p95=636   p99=1115  p99.9=1834  p99.99=2347  min=0     max=2764 
out_requests: 0

3:
  process metrics:
fast_path: 158311
stable: 1023997
slow_path: 46489

  executor metrics:
execution_delay: avg=111   std=237   p95=603   p99=1078  p99.9=1815  p99.99=2356  min=0     max=2706 
chain_size: avg=1     std=6     p95=1     p99=1     p99.9=101   p99.99=205   min=1     max=417  
out_requests: 0

4:
  process metrics:
fast_path: 157792
stable: 1023997
slow_path: 47008

  executor metrics:
chain_size: avg=1     std=6     p95=1     p99=1     p99.9=101   p99.99=205   min=1     max=417  
execution_delay: avg=112   std=241   p95=616   p99=1095  p99.9=1814  p99.99=2335  min=0     max=2766 
out_requests: 0

1:
  process metrics:
stable: 1023997
fast_path: 158848
slow_path: 45952

  executor metrics:
chain_size: avg=1     std=6     p95=1     p99=1     p99.9=101   p99.99=205   min=1     max=417  
execution_delay: avg=107   std=234   p95=597   p99=1073  p99.9=1801  p99.99=2322  min=0     max=2713 
out_requests: 0

region = ap-southeast-1 | avg=345   std=289   p95=928   p99=1410  p99.9=2122  p99.99=2749  min=186   max=2893 
region = sa-east-1      | avg=343   std=292   p95=937   p99=1412  p99.9=2098  p99.99=2650  min=182   max=2926 
region = ca-central-1   | avg=255   std=316   p95=894   p99=1384  p99.9=2130  p99.99=2624  min=78    max=2846 
region = eu-west-1      | avg=297   std=289   p95=890   p99=1358  p99.9=2101  p99.99=2550  min=140   max=2795 
region = us-west-1      | avg=296   std=287   p95=889   p99=1344  p99.9=2059  p99.99=2596  min=140   max=2764 
EPaxosMRV n = 5 f = 0 c = 1024 | wait condition delay: (empty)
EPaxosMRV n = 5 f = 0 c = 1024 | commit latency      : (empty)
EPaxosMRV n = 5 f = 0 c = 1024 | execution latency   : avg=307   std=297   p95=908   p99=1383  p99.9=2105  p99.99=2624  min=78    max=2926 
EPaxosMRV n = 5 f = 0 c = 1024 | execution delay     : avg=111   std=239   p95=610   p99=1087  p99.9=1814  p99.99=2344  min=0     max=2766 
EPaxosMRV n = 5 f = 0 c = 1024 | fast path rate      : 78.5   
EPaxosMRV n = 5 f = 0 c = 1024 | total orders        : 1024000
EPaxosMRV n = 5 f = 0 c = 1024 | throughput          : 1.2381
CONFLICTS: 50
2:
  process metrics:
slow_path: 1245
fast_path: 5155
stable: 31997

  executor metrics:
chain_size: avg=1     std=1     p95=2     p99=4     p99.9=6     p99.99=8     min=1     max=11   
execution_delay: avg=22    std=54    p95=156   p99=245   p99.9=292   p99.99=321   min=0     max=360  
out_requests: 0

3:
  process metrics:
slow_path: 1618
fast_path: 4782
stable: 31995

  executor metrics:
execution_delay: avg=21    std=49    p95=137   p99=227   p99.9=282   p99.99=331   min=0     max=380  
chain_size: avg=1     std=1     p95=2     p99=4     p99.9=6     p99.99=8     min=1     max=11   
out_requests: 0

4:
  process metrics:
stable: 31997
slow_path: 1646
fast_path: 4754

  executor metrics:
chain_size: avg=1     std=1     p95=2     p99=4     p99.9=6     p99.99=8     min=1     max=11   
execution_delay: avg=24    std=56    p95=159   p99=254   p99.9=337   p99.99=377   min=0     max=414  
out_requests: 0

1:
  process metrics:
stable: 31997
fast_path: 4659
slow_path: 1741

  executor metrics:
chain_size: avg=1     std=1     p95=2     p99=4     p99.9=6     p99.99=8     min=1     max=11   
execution_delay: avg=22    std=53    p95=154   p99=234   p99.9=290   p99.99=333   min=0     max=367  
out_requests: 0

5:
  process metrics:
slow_path: 1270
stable: 31998
fast_path: 5130

  executor metrics:
execution_delay: avg=26    std=59    p95=163   p99=268   p99.9=342   p99.99=413   min=0     max=534  
chain_size: avg=1     std=1     p95=2     p99=4     p99.9=6     p99.99=8     min=1     max=11   
out_requests: 0

region = sa-east-1      | avg=251   std=103   p95=461   p99=532   p99.9=621   p99.99=716   min=182   max=737  
region = ap-southeast-1 | avg=261   std=105   p95=457   p99=526   p99.9=576   p99.99=618   min=186   max=623  
region = ca-central-1   | avg=147   std=100   p95=367   p99=426   p99.9=503   p99.99=533   min=78    max=533  
region = eu-west-1      | avg=217   std=102   p95=414   p99=445   p99.9=513   p99.99=560   min=140   max=613  
region = us-west-1      | avg=209   std=96    p95=409   p99=438   p99.9=517   p99.99=543   min=140   max=598  
EPaxosMRV n = 5 f = 0 c = 32  | wait condition delay: (empty)
EPaxosMRV n = 5 f = 0 c = 32  | commit latency      : (empty)
EPaxosMRV n = 5 f = 0 c = 32  | execution latency   : avg=217   std=109   p95=425   p99=501   p99.9=570   p99.99=640   min=78    max=737  
EPaxosMRV n = 5 f = 0 c = 32  | execution delay     : avg=23    std=54    p95=154   p99=246   p99.9=327   p99.99=375   min=0     max=534  
EPaxosMRV n = 5 f = 0 c = 32  | fast path rate      : 76.5   
EPaxosMRV n = 5 f = 0 c = 32  | total orders        : 32000
EPaxosMRV n = 5 f = 0 c = 32  | throughput          : 1.2347
5:
  process metrics:
stable: 511998
fast_path: 70046
slow_path: 32354

  executor metrics:
execution_delay: avg=153   std=213   p95=574   p99=843   p99.9=1267  p99.99=1586  min=0     max=2066 
chain_size: avg=2     std=6     p95=1     p99=30    p99.9=83    p99.99=141   min=1     max=192  
out_requests: 0

3:
  process metrics:
fast_path: 63263
slow_path: 39137
stable: 511998

  executor metrics:
execution_delay: avg=140   std=200   p95=538   p99=805   p99.9=1223  p99.99=1577  min=0     max=2003 
chain_size: avg=2     std=6     p95=1     p99=30    p99.9=83    p99.99=141   min=1     max=192  
out_requests: 0

4:
  process metrics:
fast_path: 64127
stable: 511998
slow_path: 38273

  executor metrics:
execution_delay: avg=143   std=207   p95=560   p99=824   p99.9=1250  p99.99=1557  min=0     max=2007 
chain_size: avg=2     std=6     p95=1     p99=30    p99.9=83    p99.99=141   min=1     max=192  
out_requests: 0

1:
  process metrics:
slow_path: 37564
fast_path: 64836
stable: 511998

  executor metrics:
chain_size: avg=2     std=6     p95=1     p99=30    p99.9=83    p99.99=141   min=1     max=192  
execution_delay: avg=136   std=199   p95=539   p99=803   p99.9=1226  p99.99=1539  min=0     max=1981 
out_requests: 0

2:
  process metrics:
stable: 511998
fast_path: 70029
slow_path: 32371

  executor metrics:
execution_delay: avg=135   std=199   p95=538   p99=803   p99.9=1224  p99.99=1540  min=0     max=2019 
chain_size: avg=2     std=6     p95=1     p99=30    p99.9=83    p99.99=141   min=1     max=192  
out_requests: 0

region = us-west-1      | avg=356   std=253   p95=805   p99=1084  p99.9=1487  p99.99=1881  min=140   max=2159 
region = eu-west-1      | avg=359   std=254   p95=810   p99=1102  p99.9=1493  p99.99=1765  min=140   max=2132 
region = sa-east-1      | avg=406   std=259   p95=867   p99=1143  p99.9=1552  p99.99=1937  min=182   max=2248 
region = ap-southeast-1 | avg=405   std=254   p95=861   p99=1131  p99.9=1560  p99.99=1933  min=186   max=2248 
region = ca-central-1   | avg=324   std=280   p95=805   p99=1091  p99.9=1476  p99.99=1759  min=78    max=2163 
EPaxosMRV n = 5 f = 0 c = 512 | wait condition delay: (empty)
EPaxosMRV n = 5 f = 0 c = 512 | commit latency      : (empty)
EPaxosMRV n = 5 f = 0 c = 512 | execution latency   : avg=370   std=262   p95=831   p99=1112  p99.9=1513  p99.99=1871  min=78    max=2248 
EPaxosMRV n = 5 f = 0 c = 512 | execution delay     : avg=141   std=204   p95=551   p99=816   p99.9=1238  p99.99=1562  min=0     max=2066 
EPaxosMRV n = 5 f = 0 c = 512 | fast path rate      : 64.9   
EPaxosMRV n = 5 f = 0 c = 512 | total orders        : 512000
EPaxosMRV n = 5 f = 0 c = 512 | throughput          : 1.1890
5:
  process metrics:
fast_path: 139771
stable: 1023999
slow_path: 65029

  executor metrics:
chain_size: avg=2     std=8     p95=1     p99=33    p99.9=131   p99.99=201   min=1     max=524  
execution_delay: avg=146   std=209   p95=550   p99=836   p99.9=1525  p99.99=2324  min=0     max=2620 
out_requests: 0

4:
  process metrics:
stable: 1023999
slow_path: 80432
fast_path: 124368

  executor metrics:
execution_delay: avg=134   std=202   p95=527   p99=818   p99.9=1516  p99.99=2314  min=0     max=2581 
chain_size: avg=2     std=8     p95=1     p99=33    p99.9=131   p99.99=201   min=1     max=524  
out_requests: 0

3:
  process metrics:
stable: 1023999
slow_path: 75984
fast_path: 128816

  executor metrics:
execution_delay: avg=135   std=197   p95=517   p99=798   p99.9=1488  p99.99=2299  min=0     max=2562 
chain_size: avg=2     std=8     p95=1     p99=33    p99.9=131   p99.99=201   min=1     max=524  
out_requests: 0

1:
  process metrics:
stable: 1023999
fast_path: 126523
slow_path: 78277

  executor metrics:
execution_delay: avg=125   std=193   p95=503   p99=793   p99.9=1488  p99.99=2276  min=0     max=2542 
chain_size: avg=2     std=8     p95=1     p99=33    p99.9=131   p99.99=201   min=1     max=524  
out_requests: 0

2:
  process metrics:
fast_path: 137890
slow_path: 66910
stable: 1023999

  executor metrics:
chain_size: avg=2     std=8     p95=1     p99=33    p99.9=131   p99.99=201   min=1     max=524  
execution_delay: avg=124   std=193   p95=502   p99=793   p99.9=1487  p99.99=2276  min=0     max=2522 
out_requests: 0

region = us-west-1      | avg=343   std=241   p95=766   p99=1048  p99.9=1722  p99.99=2516  min=140   max=2666 
region = sa-east-1      | avg=406   std=258   p95=843   p99=1120  p99.9=1821  p99.99=2616  min=182   max=2805 
region = eu-west-1      | avg=341   std=241   p95=765   p99=1046  p99.9=1745  p99.99=2564  min=140   max=2688 
region = ap-southeast-1 | avg=405   std=253   p95=832   p99=1109  p99.9=1816  p99.99=2710  min=186   max=2824 
region = ca-central-1   | avg=317   std=277   p95=798   p99=1080  p99.9=1810  p99.99=2615  min=78    max=2706 
EPaxosMRV n = 5 f = 0 c = 1024 | wait condition delay: (empty)
EPaxosMRV n = 5 f = 0 c = 1024 | commit latency      : (empty)
EPaxosMRV n = 5 f = 0 c = 1024 | execution latency   : avg=363   std=257   p95=800   p99=1090  p99.9=1785  p99.99=2594  min=78    max=2824 
EPaxosMRV n = 5 f = 0 c = 1024 | execution delay     : avg=133   std=199   p95=520   p99=809   p99.9=1505  p99.99=2300  min=0     max=2620 
EPaxosMRV n = 5 f = 0 c = 1024 | fast path rate      : 64.2   
EPaxosMRV n = 5 f = 0 c = 1024 | total orders        : 1024000
EPaxosMRV n = 5 f = 0 c = 1024 | throughput          : 1.1723
CONFLICTS: 60
5:
  process metrics:
stable: 31998
slow_path: 1618
fast_path: 4782

  executor metrics:
execution_delay: avg=34    std=67    p95=186   p99=283   p99.9=348   p99.99=429   min=0     max=521  
chain_size: avg=1     std=1     p95=2     p99=4     p99.9=6     p99.99=9     min=1     max=13   
out_requests: 0

3:
  process metrics:
stable: 31998
slow_path: 2033
fast_path: 4367

  executor metrics:
chain_size: avg=1     std=1     p95=2     p99=4     p99.9=6     p99.99=9     min=1     max=13   
execution_delay: avg=27    std=55    p95=153   p99=236   p99.9=299   p99.99=347   min=0     max=397  
out_requests: 0

2:
  process metrics:
slow_path: 1511
stable: 31998
fast_path: 4889

  executor metrics:
chain_size: avg=1     std=1     p95=2     p99=4     p99.9=6     p99.99=9     min=1     max=13   
execution_delay: avg=29    std=61    p95=176   p99=261   p99.9=304   p99.99=363   min=0     max=440  
out_requests: 0

4:
  process metrics:
stable: 31998
fast_path: 4350
slow_path: 2050

  executor metrics:
execution_delay: avg=31    std=64    p95=182   p99=271   p99.9=345   p99.99=415   min=0     max=431  
chain_size: avg=1     std=1     p95=2     p99=4     p99.9=6     p99.99=9     min=1     max=13   
out_requests: 0

1:
  process metrics:
stable: 31998
fast_path: 4241
slow_path: 2159

  executor metrics:
execution_delay: avg=29    std=60    p95=174   p99=250   p99.9=303   p99.99=367   min=0     max=381  
chain_size: avg=1     std=1     p95=2     p99=4     p99.9=6     p99.99=9     min=1     max=13   
out_requests: 0

region = sa-east-1      | avg=271   std=111   p95=483   p99=538   p99.9=608   p99.99=684   min=182   max=703  
region = ca-central-1   | avg=169   std=109   p95=388   p99=431   p99.9=506   p99.99=535   min=78    max=587  
region = eu-west-1      | avg=236   std=107   p95=420   p99=457   p99.9=505   p99.99=583   min=140   max=636  
region = us-west-1      | avg=228   std=103   p95=418   p99=444   p99.9=535   p99.99=580   min=140   max=587  
region = ap-southeast-1 | avg=282   std=112   p95=474   p99=539   p99.9=585   p99.99=636   min=186   max=646  
EPaxosMRV n = 5 f = 0 c = 32  | wait condition delay: (empty)
EPaxosMRV n = 5 f = 0 c = 32  | commit latency      : (empty)
EPaxosMRV n = 5 f = 0 c = 32  | execution latency   : avg=237   std=115   p95=438   p99=517   p99.9=580   p99.99=646   min=78    max=703  
EPaxosMRV n = 5 f = 0 c = 32  | execution delay     : avg=30    std=61    p95=176   p99=261   p99.9=340   p99.99=401   min=0     max=521  
EPaxosMRV n = 5 f = 0 c = 32  | fast path rate      : 70.7   
EPaxosMRV n = 5 f = 0 c = 32  | total orders        : 32000
EPaxosMRV n = 5 f = 0 c = 32  | throughput          : 1.1933
5:
  process metrics:
stable: 511998
slow_path: 37326
fast_path: 65074

  executor metrics:
chain_size: avg=2     std=8     p95=1     p99=51    p99.9=89    p99.99=142   min=1     max=194  
execution_delay: avg=182   std=211   p95=577   p99=782   p99.9=1183  p99.99=1470  min=0     max=1811 
out_requests: 0

4:
  process metrics:
slow_path: 44609
fast_path: 57791
stable: 511998

  executor metrics:
execution_delay: avg=169   std=205   p95=565   p99=765   p99.9=1169  p99.99=1452  min=0     max=1758 
chain_size: avg=2     std=8     p95=1     p99=51    p99.9=89    p99.99=142   min=1     max=194  
out_requests: 0

1:
  process metrics:
fast_path: 58688
slow_path: 43712
stable: 511998

  executor metrics:
execution_delay: avg=160   std=197   p95=542   p99=743   p99.9=1140  p99.99=1419  min=0     max=1705 
chain_size: avg=2     std=8     p95=1     p99=51    p99.9=89    p99.99=142   min=1     max=194  
out_requests: 0

3:
  process metrics:
slow_path: 44669
fast_path: 57731
stable: 511998

  executor metrics:
chain_size: avg=2     std=8     p95=1     p99=51    p99.9=89    p99.99=142   min=1     max=194  
execution_delay: avg=167   std=198   p95=543   p99=745   p99.9=1143  p99.99=1393  min=0     max=1694 
out_requests: 0

2:
  process metrics:
fast_path: 61124
slow_path: 41276
stable: 511998

  executor metrics:
chain_size: avg=2     std=8     p95=1     p99=51    p99.9=89    p99.99=142   min=1     max=194  
execution_delay: avg=159   std=197   p95=540   p99=742   p99.9=1140  p99.99=1420  min=0     max=1699 
out_requests: 0

region = ca-central-1   | avg=374   std=275   p95=797   p99=1016  p99.9=1430  p99.99=1706  min=78    max=1884 
region = us-west-1      | avg=398   std=245   p95=797   p99=998   p99.9=1393  p99.99=1605  min=140   max=1818 
region = sa-east-1      | avg=445   std=248   p95=852   p99=1081  p99.9=1468  p99.99=1819  min=182   max=1993 
region = ap-southeast-1 | avg=443   std=244   p95=844   p99=1070  p99.9=1470  p99.99=1786  min=186   max=1882 
region = eu-west-1      | avg=398   std=246   p95=796   p99=1001  p99.9=1391  p99.99=1687  min=140   max=1836 
EPaxosMRV n = 5 f = 0 c = 512 | wait condition delay: (empty)
EPaxosMRV n = 5 f = 0 c = 512 | commit latency      : (empty)
EPaxosMRV n = 5 f = 0 c = 512 | execution latency   : avg=412   std=254   p95=816   p99=1039  p99.9=1437  p99.99=1729  min=78    max=1993 
EPaxosMRV n = 5 f = 0 c = 512 | execution delay     : avg=167   std=202   p95=555   p99=756   p99.9=1154  p99.99=1439  min=0     max=1811 
EPaxosMRV n = 5 f = 0 c = 512 | fast path rate      : 58.7   
EPaxosMRV n = 5 f = 0 c = 512 | total orders        : 512000
EPaxosMRV n = 5 f = 0 c = 512 | throughput          : 1.1372
2:
  process metrics:
fast_path: 126644
slow_path: 78156
stable: 1023998

  executor metrics:
chain_size: avg=2     std=11    p95=1     p99=39    p99.9=165   p99.99=219   min=1     max=377  
execution_delay: avg=166   std=209   p95=587   p99=776   p99.9=1217  p99.99=1492  min=0     max=1814 
out_requests: 0

1:
  process metrics:
slow_path: 83558
fast_path: 121242
stable: 1023998

  executor metrics:
execution_delay: avg=166   std=209   p95=589   p99=778   p99.9=1218  p99.99=1493  min=0     max=1820 
chain_size: avg=2     std=11    p95=1     p99=39    p99.9=165   p99.99=219   min=1     max=377  
out_requests: 0

5:
  process metrics:
slow_path: 86653
stable: 1023998
fast_path: 118147

  executor metrics:
chain_size: avg=2     std=11    p95=1     p99=39    p99.9=165   p99.99=219   min=1     max=377  
execution_delay: avg=191   std=224   p95=624   p99=818   p99.9=1264  p99.99=1544  min=0     max=1871 
out_requests: 0

3:
  process metrics:
stable: 1023998
slow_path: 96902
fast_path: 107898

  executor metrics:
execution_delay: avg=178   std=211   p95=590   p99=775   p99.9=1232  p99.99=1477  min=0     max=1840 
chain_size: avg=2     std=11    p95=1     p99=39    p99.9=165   p99.99=219   min=1     max=377  
out_requests: 0

4:
  process metrics:
fast_path: 110480
slow_path: 94320
stable: 1023998

  executor metrics:
chain_size: avg=2     std=11    p95=1     p99=39    p99.9=165   p99.99=219   min=1     max=377  
execution_delay: avg=178   std=217   p95=610   p99=806   p99.9=1247  p99.99=1525  min=0     max=1873 
out_requests: 0

region = ap-southeast-1 | avg=464   std=260   p95=904   p99=1102  p99.9=1553  p99.99=1801  min=186   max=2072 
region = ca-central-1   | avg=387   std=290   p95=864   p99=1026  p99.9=1514  p99.99=1739  min=78    max=1956 
region = eu-west-1      | avg=403   std=256   p95=855   p99=1020  p99.9=1485  p99.99=1746  min=140   max=1911 
region = sa-east-1      | avg=462   std=263   p95=904   p99=1103  p99.9=1562  p99.99=1836  min=182   max=2060 
region = us-west-1      | avg=403   std=256   p95=855   p99=1025  p99.9=1482  p99.99=1725  min=140   max=1878 
EPaxosMRV n = 5 f = 0 c = 1024 | wait condition delay: (empty)
EPaxosMRV n = 5 f = 0 c = 1024 | commit latency      : (empty)
EPaxosMRV n = 5 f = 0 c = 1024 | execution latency   : avg=424   std=267   p95=879   p99=1073  p99.9=1515  p99.99=1768  min=78    max=2072 
EPaxosMRV n = 5 f = 0 c = 1024 | execution delay     : avg=176   std=214   p95=601   p99=792   p99.9=1233  p99.99=1502  min=0     max=1873 
EPaxosMRV n = 5 f = 0 c = 1024 | fast path rate      : 57.1   
EPaxosMRV n = 5 f = 0 c = 1024 | total orders        : 1024000
EPaxosMRV n = 5 f = 0 c = 1024 | throughput          : 1.0549
CONFLICTS: 70
4:
  process metrics:
fast_path: 3980
slow_path: 2420
stable: 31996

  executor metrics:
execution_delay: avg=39    std=70    p95=194   p99=296   p99.9=346   p99.99=424   min=0     max=512  
chain_size: avg=1     std=1     p95=3     p99=4     p99.9=7     p99.99=11    min=1     max=12   
out_requests: 0

5:
  process metrics:
slow_path: 1862
stable: 31996
fast_path: 4538

  executor metrics:
execution_delay: avg=42    std=73    p95=203   p99=303   p99.9=360   p99.99=433   min=0     max=510  
chain_size: avg=1     std=1     p95=3     p99=4     p99.9=7     p99.99=11    min=1     max=12   
out_requests: 0

2:
  process metrics:
slow_path: 1758
stable: 31996
fast_path: 4642

  executor metrics:
chain_size: avg=1     std=1     p95=3     p99=4     p99.9=7     p99.99=11    min=1     max=12   
execution_delay: avg=36    std=66    p95=186   p99=268   p99.9=321   p99.99=387   min=0     max=453  
out_requests: 0

3:
  process metrics:
slow_path: 2397
fast_path: 4003
stable: 31996

  executor metrics:
chain_size: avg=1     std=1     p95=3     p99=4     p99.9=7     p99.99=11    min=1     max=12   
execution_delay: avg=33    std=60    p95=168   p99=248   p99.9=327   p99.99=387   min=0     max=432  
out_requests: 0

1:
  process metrics:
slow_path: 2488
fast_path: 3912
stable: 31996

  executor metrics:
execution_delay: avg=35    std=65    p95=185   p99=262   p99.9=316   p99.99=382   min=0     max=459  
chain_size: avg=1     std=1     p95=3     p99=4     p99.9=7     p99.99=11    min=1     max=12   
out_requests: 0

region = sa-east-1      | avg=290   std=116   p95=500   p99=554   p99.9=632   p99.99=666   min=182   max=682  
region = us-west-1      | avg=243   std=104   p95=421   p99=462   p99.9=550   p99.99=638   min=140   max=640  
region = ap-southeast-1 | avg=301   std=115   p95=495   p99=550   p99.9=618   p99.99=695   min=186   max=743  
region = ca-central-1   | avg=190   std=114   p95=401   p99=442   p99.9=547   p99.99=603   min=78    max=668  
region = eu-west-1      | avg=253   std=107   p95=423   p99=462   p99.9=549   p99.99=578   min=140   max=613  
EPaxosMRV n = 5 f = 0 c = 32  | wait condition delay: (empty)
EPaxosMRV n = 5 f = 0 c = 32  | commit latency      : (empty)
EPaxosMRV n = 5 f = 0 c = 32  | execution latency   : avg=255   std=118   p95=451   p99=529   p99.9=597   p99.99=675   min=78    max=743  
EPaxosMRV n = 5 f = 0 c = 32  | execution delay     : avg=37    std=67    p95=187   p99=274   p99.9=343   p99.99=419   min=0     max=512  
EPaxosMRV n = 5 f = 0 c = 32  | fast path rate      : 65.9   
EPaxosMRV n = 5 f = 0 c = 32  | total orders        : 32000
EPaxosMRV n = 5 f = 0 c = 32  | throughput          : 1.1639
3:
  process metrics:
fast_path: 51979
stable: 511999
slow_path: 50421

  executor metrics:
execution_delay: avg=185   std=188   p95=531   p99=697   p99.9=1011  p99.99=1291  min=0     max=1626 
chain_size: avg=3     std=10    p95=4     p99=64    p99.9=95    p99.99=139   min=1     max=212  
out_requests: 0

4:
  process metrics:
slow_path: 49400
stable: 511999
fast_path: 53000

  executor metrics:
chain_size: avg=3     std=10    p95=4     p99=64    p99.9=95    p99.99=139   min=1     max=212  
execution_delay: avg=187   std=196   p95=555   p99=721   p99.9=1044  p99.99=1376  min=0     max=1776 
out_requests: 0

2:
  process metrics:
fast_path: 56727
slow_path: 45673
stable: 511999

  executor metrics:
execution_delay: avg=175   std=188   p95=527   p99=693   p99.9=1020  p99.99=1336  min=0     max=1728 
chain_size: avg=3     std=10    p95=4     p99=64    p99.9=95    p99.99=139   min=1     max=212  
out_requests: 0

5:
  process metrics:
stable: 511999
fast_path: 59048
slow_path: 43352

  executor metrics:
chain_size: avg=3     std=10    p95=4     p99=64    p99.9=95    p99.99=139   min=1     max=212  
execution_delay: avg=202   std=201   p95=565   p99=733   p99.9=1068  p99.99=1396  min=0     max=1774 
out_requests: 0

1:
  process metrics:
fast_path: 52521
stable: 511999
slow_path: 49879

  executor metrics:
chain_size: avg=3     std=10    p95=4     p99=64    p99.9=95    p99.99=139   min=1     max=212  
execution_delay: avg=176   std=188   p95=529   p99=696   p99.9=1022  p99.99=1337  min=0     max=1723 
out_requests: 0

region = ap-southeast-1 | avg=476   std=222   p95=819   p99=1005  p99.9=1314  p99.99=1586  min=186   max=1930 
region = eu-west-1      | avg=428   std=226   p95=772   p99=927   p99.9=1300  p99.99=1604  min=140   max=1896 
region = sa-east-1      | avg=476   std=227   p95=817   p99=1018  p99.9=1380  p99.99=1687  min=182   max=1873 
region = us-west-1      | avg=427   std=226   p95=771   p99=936   p99.9=1302  p99.99=1556  min=140   max=1889 
region = ca-central-1   | avg=411   std=254   p95=778   p99=933   p99.9=1282  p99.99=1643  min=78    max=1932 
EPaxosMRV n = 5 f = 0 c = 512 | wait condition delay: (empty)
EPaxosMRV n = 5 f = 0 c = 512 | commit latency      : (empty)
EPaxosMRV n = 5 f = 0 c = 512 | execution latency   : avg=444   std=233   p95=790   p99=970   p99.9=1319  p99.99=1624  min=78    max=1932 
EPaxosMRV n = 5 f = 0 c = 512 | execution delay     : avg=185   std=193   p95=543   p99=709   p99.9=1033  p99.99=1346  min=0     max=1776 
EPaxosMRV n = 5 f = 0 c = 512 | fast path rate      : 53.4   
EPaxosMRV n = 5 f = 0 c = 512 | total orders        : 512000
EPaxosMRV n = 5 f = 0 c = 512 | throughput          : 1.1050
4:
  process metrics:
slow_path: 87192
stable: 1023998
fast_path: 117608

  executor metrics:
execution_delay: avg=226   std=222   p95=624   p99=764   p99.9=1138  p99.99=1579  min=0     max=1861 
chain_size: avg=3     std=16    p95=1     p99=98    p99.9=176   p99.99=225   min=1     max=526  
out_requests: 0

2:
  process metrics:
slow_path: 108671
stable: 1023998
fast_path: 96129

  executor metrics:
execution_delay: avg=212   std=212   p95=590   p99=729   p99.9=1116  p99.99=1557  min=0     max=1802 
chain_size: avg=3     std=16    p95=1     p99=98    p99.9=176   p99.99=225   min=1     max=526  
out_requests: 0

5:
  process metrics:
fast_path: 114347
slow_path: 90453
stable: 1023998

  executor metrics:
execution_delay: avg=242   std=226   p95=634   p99=770   p99.9=1152  p99.99=1639  min=0     max=1859 
chain_size: avg=3     std=16    p95=1     p99=98    p99.9=176   p99.99=225   min=1     max=526  
out_requests: 0

1:
  process metrics:
stable: 1023998
fast_path: 111365
slow_path: 93435

  executor metrics:
chain_size: avg=3     std=16    p95=1     p99=98    p99.9=176   p99.99=225   min=1     max=526  
execution_delay: avg=213   std=213   p95=596   p99=737   p99.9=1118  p99.99=1555  min=0     max=1808 
out_requests: 0

3:
  process metrics:
slow_path: 94065
fast_path: 110735
stable: 1023998

  executor metrics:
execution_delay: avg=226   std=215   p95=593   p99=732   p99.9=1141  p99.99=1581  min=0     max=1817 
chain_size: avg=3     std=16    p95=1     p99=98    p99.9=176   p99.99=225   min=1     max=526  
out_requests: 0

region = us-west-1      | avg=468   std=253   p95=837   p99=952   p99.9=1440  p99.99=1848  min=140   max=1920 
region = ca-central-1   | avg=457   std=282   p95=840   p99=954   p99.9=1390  p99.99=1846  min=78    max=1959 
region = ap-southeast-1 | avg=512   std=246   p95=878   p99=1027  p99.9=1449  p99.99=1980  min=186   max=2059 
region = sa-east-1      | avg=512   std=249   p95=882   p99=1036  p99.9=1471  p99.99=2012  min=182   max=2057 
region = eu-west-1      | avg=467   std=252   p95=836   p99=952   p99.9=1398  p99.99=1840  min=140   max=1920 
EPaxosMRV n = 5 f = 0 c = 1024 | wait condition delay: (empty)
EPaxosMRV n = 5 f = 0 c = 1024 | commit latency      : (empty)
EPaxosMRV n = 5 f = 0 c = 1024 | execution latency   : avg=483   std=258   p95=852   p99=995   p99.9=1441  p99.99=1872  min=78    max=2059 
EPaxosMRV n = 5 f = 0 c = 1024 | execution delay     : avg=224   std=218   p95=607   p99=749   p99.9=1130  p99.99=1584  min=0     max=1861 
EPaxosMRV n = 5 f = 0 c = 1024 | fast path rate      : 53.7   
EPaxosMRV n = 5 f = 0 c = 1024 | total orders        : 1024000
EPaxosMRV n = 5 f = 0 c = 1024 | throughput          : 0.9778
CONFLICTS: 80
5:
  process metrics:
fast_path: 4153
stable: 31998
slow_path: 2247

  executor metrics:
chain_size: avg=1     std=1     p95=3     p99=5     p99.9=8     p99.99=10    min=1     max=11   
execution_delay: avg=51    std=77    p95=214   p99=311   p99.9=363   p99.99=422   min=0     max=462  
out_requests: 0

1:
  process metrics:
stable: 31998
slow_path: 2925
fast_path: 3475

  executor metrics:
chain_size: avg=1     std=1     p95=3     p99=5     p99.9=8     p99.99=10    min=1     max=11   
execution_delay: avg=44    std=70    p95=197   p99=267   p99.9=323   p99.99=392   min=0     max=411  
out_requests: 0

3:
  process metrics:
slow_path: 2788
fast_path: 3612
stable: 31998

  executor metrics:
chain_size: avg=1     std=1     p95=3     p99=5     p99.9=8     p99.99=10    min=1     max=11   
execution_delay: avg=41    std=66    p95=186   p99=259   p99.9=333   p99.99=434   min=0     max=474  
out_requests: 0

2:
  process metrics:
slow_path: 2154
stable: 31998
fast_path: 4246

  executor metrics:
chain_size: avg=1     std=1     p95=3     p99=5     p99.9=8     p99.99=10    min=1     max=11   
execution_delay: avg=45    std=71    p95=201   p99=274   p99.9=317   p99.99=381   min=0     max=450  
out_requests: 0

4:
  process metrics:
slow_path: 2910
fast_path: 3490
stable: 31998

  executor metrics:
execution_delay: avg=47    std=74    p95=208   p99=298   p99.9=349   p99.99=404   min=0     max=464  
chain_size: avg=1     std=1     p95=3     p99=5     p99.9=8     p99.99=10    min=1     max=11   
out_requests: 0

region = us-west-1      | avg=268   std=105   p95=428   p99=474   p99.9=539   p99.99=567   min=140   max=590  
region = ca-central-1   | avg=211   std=114   p95=406   p99=459   p99.9=535   p99.99=558   min=78    max=572  
region = sa-east-1      | avg=310   std=116   p95=510   p99=550   p99.9=619   p99.99=640   min=182   max=710  
region = eu-west-1      | avg=277   std=106   p95=430   p99=478   p99.9=540   p99.99=591   min=140   max=595  
region = ap-southeast-1 | avg=322   std=116   p95=509   p99=559   p99.9=646   p99.99=660   min=186   max=710  
EPaxosMRV n = 5 f = 0 c = 32  | wait condition delay: (empty)
EPaxosMRV n = 5 f = 0 c = 32  | commit latency      : (empty)
EPaxosMRV n = 5 f = 0 c = 32  | execution latency   : avg=278   std=118   p95=462   p99=533   p99.9=599   p99.99=659   min=78    max=710  
EPaxosMRV n = 5 f = 0 c = 32  | execution delay     : avg=46    std=72    p95=202   p99=278   p99.9=345   p99.99=404   min=0     max=474  
EPaxosMRV n = 5 f = 0 c = 32  | fast path rate      : 59.3   
EPaxosMRV n = 5 f = 0 c = 32  | total orders        : 32000
EPaxosMRV n = 5 f = 0 c = 32  | throughput          : 1.1287
4:
  process metrics:
stable: 511997
fast_path: 46745
slow_path: 55655

  executor metrics:
chain_size: avg=4     std=12    p95=9     p99=76    p99.9=94    p99.99=108   min=1     max=158  
execution_delay: avg=203   std=178   p95=520   p99=622   p99.9=772   p99.99=1120  min=0     max=1251 
out_requests: 0

5:
  process metrics:
fast_path: 52331
stable: 511997
slow_path: 50069

  executor metrics:
chain_size: avg=4     std=12    p95=9     p99=76    p99.9=94    p99.99=108   min=1     max=158  
execution_delay: avg=221   std=180   p95=526   p99=626   p99.9=793   p99.99=1125  min=0     max=1333 
out_requests: 0

3:
  process metrics:
slow_path: 54492
fast_path: 47908
stable: 511996

  executor metrics:
execution_delay: avg=204   std=169   p95=490   p99=586   p99.9=762   p99.99=1092  min=0     max=1168 
chain_size: avg=4     std=12    p95=9     p99=76    p99.9=94    p99.99=108   min=1     max=158  
out_requests: 0

1:
  process metrics:
slow_path: 54900
fast_path: 47500
stable: 511997

  executor metrics:
chain_size: avg=4     std=12    p95=9     p99=76    p99.9=94    p99.99=108   min=1     max=158  
execution_delay: avg=189   std=170   p95=492   p99=590   p99.9=755   p99.99=1085  min=0     max=1198 
out_requests: 0

2:
  process metrics:
stable: 511997
fast_path: 43093
slow_path: 59307

  executor metrics:
execution_delay: avg=188   std=169   p95=486   p99=585   p99.9=749   p99.99=1073  min=0     max=1192 
chain_size: avg=4     std=12    p95=9     p99=76    p99.9=94    p99.99=108   min=1     max=158  
out_requests: 0

region = eu-west-1      | avg=465   std=192   p95=721   p99=802   p99.9=976   p99.99=1286  min=140   max=1357 
region = us-west-1      | avg=465   std=192   p95=721   p99=801   p99.9=981   p99.99=1286  min=140   max=1314 
region = sa-east-1      | avg=497   std=180   p95=726   p99=847   p99.9=1102  p99.99=1294  min=182   max=1515 
region = ca-central-1   | avg=457   std=217   p95=723   p99=806   p99.9=1017  p99.99=1294  min=78    max=1407 
region = ap-southeast-1 | avg=497   std=179   p95=729   p99=860   p99.9=1128  p99.99=1278  min=186   max=1420 
EPaxosMRV n = 5 f = 0 c = 512 | wait condition delay: (empty)
EPaxosMRV n = 5 f = 0 c = 512 | commit latency      : (empty)
EPaxosMRV n = 5 f = 0 c = 512 | execution latency   : avg=476   std=193   p95=723   p99=824   p99.9=1074  p99.99=1294  min=78    max=1515 
EPaxosMRV n = 5 f = 0 c = 512 | execution delay     : avg=201   std=174   p95=504   p99=603   p99.9=766   p99.99=1098  min=0     max=1333 
EPaxosMRV n = 5 f = 0 c = 512 | fast path rate      : 46.4   
EPaxosMRV n = 5 f = 0 c = 512 | total orders        : 512000
EPaxosMRV n = 5 f = 0 c = 512 | throughput          : 1.0658
2:
  process metrics:
fast_path: 110152
stable: 1023997
slow_path: 94648

  executor metrics:
execution_delay: avg=225   std=196   p95=572   p99=678   p99.9=969   p99.99=1232  min=0     max=1396 
chain_size: avg=4     std=20    p95=3     p99=145   p99.9=181   p99.99=218   min=1     max=355  
out_requests: 0

1:
  process metrics:
stable: 1023997
slow_path: 98790
fast_path: 106010

  executor metrics:
chain_size: avg=4     std=20    p95=3     p99=145   p99.9=181   p99.99=218   min=1     max=355  
execution_delay: avg=226   std=197   p95=573   p99=680   p99.9=970   p99.99=1238  min=0     max=1406 
out_requests: 0

4:
  process metrics:
stable: 1023997
slow_path: 91159
fast_path: 113641

  executor metrics:
execution_delay: avg=240   std=204   p95=591   p99=709   p99.9=992   p99.99=1268  min=0     max=1434 
chain_size: avg=4     std=20    p95=3     p99=145   p99.9=181   p99.99=218   min=1     max=355  
out_requests: 0

5:
  process metrics:
fast_path: 80547
stable: 1023997
slow_path: 124253

  executor metrics:
execution_delay: avg=258   std=204   p95=597   p99=714   p99.9=1006  p99.99=1277  min=0     max=1516 
chain_size: avg=4     std=20    p95=3     p99=145   p99.9=181   p99.99=218   min=1     max=355  
out_requests: 0

3:
  process metrics:
stable: 1023998
fast_path: 99674
slow_path: 105126

  executor metrics:
chain_size: avg=4     std=20    p95=3     p99=145   p99.9=181   p99.99=218   min=1     max=355  
execution_delay: avg=242   std=197   p95=566   p99=679   p99.9=982   p99.99=1256  min=0     max=1486 
out_requests: 0

region = ca-central-1   | avg=492   std=241   p95=785   p99=892   p99.9=1260  p99.99=1459  min=78    max=1574 
region = eu-west-1      | avg=498   std=215   p95=780   p99=886   p99.9=1252  p99.99=1433  min=140   max=1546 
region = us-west-1      | avg=497   std=215   p95=779   p99=884   p99.9=1242  p99.99=1433  min=140   max=1536 
region = ap-southeast-1 | avg=536   std=206   p95=819   p99=974   p99.9=1282  p99.99=1654  min=186   max=1688 
region = sa-east-1      | avg=536   std=208   p95=819   p99=984   p99.9=1278  p99.99=1632  min=182   max=1698 
EPaxosMRV n = 5 f = 0 c = 1024 | wait condition delay: (empty)
EPaxosMRV n = 5 f = 0 c = 1024 | commit latency      : (empty)
EPaxosMRV n = 5 f = 0 c = 1024 | execution latency   : avg=512   std=218   p95=794   p99=928   p99.9=1257  p99.99=1560  min=78    max=1698 
EPaxosMRV n = 5 f = 0 c = 1024 | execution delay     : avg=238   std=200   p95=579   p99=694   p99.9=986   p99.99=1256  min=0     max=1516 
EPaxosMRV n = 5 f = 0 c = 1024 | fast path rate      : 49.8   
EPaxosMRV n = 5 f = 0 c = 1024 | total orders        : 1024000
EPaxosMRV n = 5 f = 0 c = 1024 | throughput          : 0.9449
CONFLICTS: 90
2:
  process metrics:
slow_path: 2377
fast_path: 4023
stable: 31998

  executor metrics:
execution_delay: avg=52    std=75    p95=208   p99=278   p99.9=340   p99.99=394   min=0     max=436  
chain_size: avg=1     std=1     p95=3     p99=5     p99.9=8     p99.99=10    min=1     max=14   
out_requests: 0

1:
  process metrics:
slow_path: 3323
fast_path: 3077
stable: 31998

  executor metrics:
chain_size: avg=1     std=1     p95=3     p99=5     p99.9=8     p99.99=10    min=1     max=14   
execution_delay: avg=51    std=74    p95=206   p99=276   p99.9=340   p99.99=398   min=0     max=442  
out_requests: 0

4:
  process metrics:
slow_path: 3358
stable: 31998
fast_path: 3042

  executor metrics:
chain_size: avg=1     std=1     p95=3     p99=5     p99.9=8     p99.99=10    min=1     max=14   
execution_delay: avg=56    std=79    p95=218   p99=315   p99.9=365   p99.99=448   min=0     max=495  
out_requests: 0

3:
  process metrics:
slow_path: 3224
stable: 31998
fast_path: 3176

  executor metrics:
execution_delay: avg=48    std=68    p95=195   p99=262   p99.9=331   p99.99=387   min=0     max=565  
chain_size: avg=1     std=1     p95=3     p99=5     p99.9=8     p99.99=10    min=1     max=14   
out_requests: 0

5:
  process metrics:
slow_path: 2438
stable: 31998
fast_path: 3962

  executor metrics:
chain_size: avg=1     std=1     p95=3     p99=5     p99.9=8     p99.99=10    min=1     max=14   
execution_delay: avg=60    std=82    p95=231   p99=323   p99.9=380   p99.99=451   min=0     max=493  
out_requests: 0

region = ap-southeast-1 | avg=343   std=111   p95=515   p99=565   p99.9=615   p99.99=751   min=186   max=756  
region = sa-east-1      | avg=330   std=114   p95=522   p99=563   p99.9=612   p99.99=647   min=182   max=672  
region = us-west-1      | avg=283   std=101   p95=433   p99=481   p99.9=526   p99.99=558   min=140   max=619  
region = eu-west-1      | avg=297   std=100   p95=435   p99=482   p99.9=544   p99.99=566   min=140   max=569  
region = ca-central-1   | avg=235   std=111   p95=416   p99=475   p99.9=554   p99.99=581   min=78    max=609  
EPaxosMRV n = 5 f = 0 c = 32  | wait condition delay: (empty)
EPaxosMRV n = 5 f = 0 c = 32  | commit latency      : (empty)
EPaxosMRV n = 5 f = 0 c = 32  | execution latency   : avg=298   std=114   p95=476   p99=539   p99.9=597   p99.99=647   min=78    max=756  
EPaxosMRV n = 5 f = 0 c = 32  | execution delay     : avg=53    std=76    p95=211   p99=289   p99.9=358   p99.99=425   min=0     max=565  
EPaxosMRV n = 5 f = 0 c = 32  | fast path rate      : 54.0   
EPaxosMRV n = 5 f = 0 c = 32  | total orders        : 32000
EPaxosMRV n = 5 f = 0 c = 32  | throughput          : 1.0918
2:
  process metrics:
stable: 511999
slow_path: 55844
fast_path: 46556

  executor metrics:
chain_size: avg=5     std=15    p95=36    p99=81    p99.9=97    p99.99=111   min=1     max=164  
execution_delay: avg=191   std=158   p95=467   p99=557   p99.9=693   p99.99=963   min=0     max=1210 
out_requests: 0

5:
  process metrics:
fast_path: 37427
stable: 511997
slow_path: 64973

  executor metrics:
chain_size: avg=5     std=15    p95=36    p99=81    p99.9=97    p99.99=111   min=1     max=164  
execution_delay: avg=226   std=162   p95=499   p99=591   p99.9=731   p99.99=1004  min=0     max=1267 
out_requests: 0

1:
  process metrics:
stable: 511999
fast_path: 30076
slow_path: 72324

  executor metrics:
execution_delay: avg=192   std=157   p95=464   p99=556   p99.9=686   p99.99=968   min=0     max=1216 
chain_size: avg=5     std=15    p95=36    p99=81    p99.9=97    p99.99=111   min=1     max=164  
out_requests: 0

3:
  process metrics:
slow_path: 60072
fast_path: 42328
stable: 511999

  executor metrics:
chain_size: avg=5     std=15    p95=36    p99=81    p99.9=97    p99.99=111   min=1     max=164  
execution_delay: avg=208   std=154   p95=464   p99=551   p99.9=700   p99.99=959   min=0     max=1176 
out_requests: 0

4:
  process metrics:
slow_path: 53094
fast_path: 49306
stable: 511999

  executor metrics:
execution_delay: avg=207   std=165   p95=497   p99=590   p99.9=717   p99.99=995   min=0     max=1269 
chain_size: avg=5     std=15    p95=36    p99=81    p99.9=97    p99.99=111   min=1     max=164  
out_requests: 0

region = sa-east-1      | avg=517   std=136   p95=685   p99=818   p99.9=999   p99.99=1193  min=182   max=1334 
region = us-west-1      | avg=485   std=151   p95=684   p99=763   p99.9=901   p99.99=1254  min=140   max=1294 
region = ap-southeast-1 | avg=518   std=137   p95=695   p99=828   p99.9=1039  p99.99=1204  min=186   max=1396 
region = eu-west-1      | avg=486   std=150   p95=683   p99=759   p99.9=926   p99.99=1246  min=140   max=1301 
region = ca-central-1   | avg=481   std=169   p95=691   p99=775   p99.9=904   p99.99=1218  min=78    max=1347 
EPaxosMRV n = 5 f = 0 c = 512 | wait condition delay: (empty)
EPaxosMRV n = 5 f = 0 c = 512 | commit latency      : (empty)
EPaxosMRV n = 5 f = 0 c = 512 | execution latency   : avg=498   std=150   p95=687   p99=787   p99.9=969   p99.99=1218  min=78    max=1396 
EPaxosMRV n = 5 f = 0 c = 512 | execution delay     : avg=205   std=160   p95=479   p99=571   p99.9=708   p99.99=973   min=0     max=1269 
EPaxosMRV n = 5 f = 0 c = 512 | fast path rate      : 40.2   
EPaxosMRV n = 5 f = 0 c = 512 | total orders        : 512000
EPaxosMRV n = 5 f = 0 c = 512 | throughput          : 1.0531
1:
  process metrics:
fast_path: 101688
stable: 1023998
slow_path: 103112

  executor metrics:
execution_delay: avg=228   std=171   p95=511   p99=597   p99.9=744   p99.99=946   min=0     max=1283 
chain_size: avg=6     std=26    p95=18    p99=159   p99.9=186   p99.99=220   min=1     max=322  
out_requests: 0

3:
  process metrics:
stable: 1023992
fast_path: 91803
slow_path: 112997

  executor metrics:
execution_delay: avg=248   std=168   p95=513   p99=590   p99.9=756   p99.99=976   min=0     max=1287 
chain_size: avg=6     std=26    p95=18    p99=159   p99.9=186   p99.99=220   min=1     max=322  
out_requests: 0

5:
  process metrics:
stable: 1023998
fast_path: 84331
slow_path: 120469

  executor metrics:
chain_size: avg=6     std=26    p95=18    p99=159   p99.9=186   p99.99=220   min=1     max=322  
execution_delay: avg=265   std=176   p95=548   p99=641   p99.9=777   p99.99=963   min=0     max=1275 
out_requests: 0

4:
  process metrics:
fast_path: 114265
slow_path: 90535
stable: 1023998

  executor metrics:
execution_delay: avg=244   std=178   p95=543   p99=636   p99.9=764   p99.99=959   min=0     max=1289 
chain_size: avg=6     std=26    p95=18    p99=159   p99.9=186   p99.99=220   min=1     max=322  
out_requests: 0

2:
  process metrics:
stable: 1023998
slow_path: 101060
fast_path: 103740

  executor metrics:
execution_delay: avg=227   std=171   p95=509   p99=594   p99.9=739   p99.99=949   min=0     max=1284 
chain_size: avg=6     std=26    p95=18    p99=159   p99.9=186   p99.99=220   min=1     max=322  
out_requests: 0

region = us-west-1      | avg=510   std=161   p95=720   p99=791   p99.9=968   p99.99=1184  min=140   max=1374 
region = eu-west-1      | avg=510   std=161   p95=720   p99=794   p99.9=968   p99.99=1177  min=140   max=1366 
region = ca-central-1   | avg=507   std=179   p95=722   p99=802   p99.9=974   p99.99=1224  min=78    max=1376 
region = sa-east-1      | avg=548   std=151   p95=741   p99=892   p99.9=1078  p99.99=1195  min=182   max=1483 
region = ap-southeast-1 | avg=548   std=150   p95=743   p99=899   p99.9=1078  p99.99=1173  min=186   max=1538 
EPaxosMRV n = 5 f = 0 c = 1024 | wait condition delay: (empty)
EPaxosMRV n = 5 f = 0 c = 1024 | commit latency      : (empty)
EPaxosMRV n = 5 f = 0 c = 1024 | execution latency   : avg=525   std=162   p95=726   p99=842   p99.9=1037  p99.99=1184  min=78    max=1538 
EPaxosMRV n = 5 f = 0 c = 1024 | execution delay     : avg=242   std=173   p95=527   p99=617   p99.9=758   p99.99=962   min=0     max=1289 
EPaxosMRV n = 5 f = 0 c = 1024 | fast path rate      : 48.4   
EPaxosMRV n = 5 f = 0 c = 1024 | total orders        : 1024000
EPaxosMRV n = 5 f = 0 c = 1024 | throughput          : 0.9546
CONFLICTS: 100
3:
  process metrics:
slow_path: 3620
fast_path: 2780
stable: 31992

  executor metrics:
chain_size: avg=1     std=1     p95=4     p99=6     p99.9=9     p99.99=11    min=1     max=12   
execution_delay: avg=55    std=72    p95=206   p99=271   p99.9=355   p99.99=414   min=0     max=483  
out_requests: 0

1:
  process metrics:
fast_path: 2695
stable: 31993
slow_path: 3705

  executor metrics:
execution_delay: avg=59    std=77    p95=216   p99=278   p99.9=335   p99.99=422   min=0     max=447  
chain_size: avg=1     std=1     p95=4     p99=6     p99.9=9     p99.99=11    min=1     max=12   
out_requests: 0

5:
  process metrics:
fast_path: 3519
slow_path: 2881
stable: 31995

  executor metrics:
execution_delay: avg=69    std=85    p95=240   p99=323   p99.9=379   p99.99=446   min=0     max=498  
chain_size: avg=1     std=1     p95=4     p99=6     p99.9=9     p99.99=11    min=1     max=12   
out_requests: 0

4:
  process metrics:
stable: 31993
fast_path: 2599
slow_path: 3801

  executor metrics:
chain_size: avg=1     std=1     p95=4     p99=6     p99.9=9     p99.99=11    min=1     max=12   
execution_delay: avg=64    std=82    p95=227   p99=320   p99.9=368   p99.99=435   min=0     max=500  
out_requests: 0

2:
  process metrics:
slow_path: 2755
fast_path: 3645
stable: 31993

  executor metrics:
chain_size: avg=1     std=1     p95=4     p99=6     p99.9=9     p99.99=11    min=1     max=12   
execution_delay: avg=59    std=78    p95=218   p99=281   p99.9=341   p99.99=406   min=0     max=441  
out_requests: 0

region = sa-east-1      | avg=353   std=106   p95=523   p99=569   p99.9=630   p99.99=677   min=182   max=706  
region = ap-southeast-1 | avg=365   std=102   p95=522   p99=565   p99.9=624   p99.99=669   min=186   max=683  
region = eu-west-1      | avg=318   std=89    p95=437   p99=488   p99.9=550   p99.99=564   min=140   max=573  
region = ca-central-1   | avg=258   std=102   p95=421   p99=473   p99.9=543   p99.99=578   min=78    max=588  
region = us-west-1      | avg=303   std=93    p95=433   p99=485   p99.9=562   p99.99=597   min=140   max=627  
EPaxosMRV n = 5 f = 0 c = 32  | wait condition delay: (empty)
EPaxosMRV n = 5 f = 0 c = 32  | commit latency      : (empty)
EPaxosMRV n = 5 f = 0 c = 32  | execution latency   : avg=319   std=106   p95=485   p99=542   p99.9=605   p99.99=669   min=78    max=706  
EPaxosMRV n = 5 f = 0 c = 32  | execution delay     : avg=61    std=79    p95=221   p99=294   p99.9=364   p99.99=433   min=0     max=500  
EPaxosMRV n = 5 f = 0 c = 32  | fast path rate      : 47.6   
EPaxosMRV n = 5 f = 0 c = 32  | total orders        : 32000
EPaxosMRV n = 5 f = 0 c = 32  | throughput          : 1.0666
2:
  process metrics:
fast_path: 44868
slow_path: 57532
stable: 511009

  executor metrics:
chain_size: avg=28    std=19    p95=63    p99=74    p99.9=86    p99.99=95    min=1     max=95   
execution_delay: avg=92    std=98    p95=263   p99=284   p99.9=289   p99.99=308   min=0     max=308  
out_requests: 0

1:
  process metrics:
slow_path: 84088
fast_path: 18312
stable: 511009

  executor metrics:
execution_delay: avg=92    std=93    p95=264   p99=283   p99.9=289   p99.99=314   min=0     max=314  
chain_size: avg=28    std=19    p95=63    p99=74    p99.9=86    p99.99=95    min=1     max=95   
out_requests: 0

3:
  process metrics:
fast_path: 15225
slow_path: 87175
stable: 511009

  executor metrics:
chain_size: avg=28    std=19    p95=63    p99=74    p99.9=86    p99.99=95    min=1     max=95   
execution_delay: avg=75    std=84    p95=216   p99=262   p99.9=287   p99.99=347   min=0     max=349  
out_requests: 0

4:
  process metrics:
stable: 511009
slow_path: 55646
fast_path: 46754

  executor metrics:
chain_size: avg=28    std=19    p95=63    p99=74    p99.9=86    p99.99=95    min=1     max=95   
execution_delay: avg=87    std=100   p95=275   p99=294   p99.9=294   p99.99=367   min=0     max=367  
out_requests: 0

5:
  process metrics:
slow_path: 75527
fast_path: 26873
stable: 511009

  executor metrics:
chain_size: avg=28    std=19    p95=63    p99=74    p99.9=85    p99.99=95    min=1     max=95   
execution_delay: avg=90    std=99    p95=270   p99=292   p99.9=357   p99.99=365   min=0     max=365  
out_requests: 0

region = ap-southeast-1 | avg=383   std=29    p95=466   p99=466   p99.9=533   p99.99=535   min=372   max=535  
region = sa-east-1      | avg=384   std=37    p95=467   p99=467   p99.9=539   p99.99=539   min=336   max=539  
region = eu-west-1      | avg=356   std=10    p95=372   p99=372   p99.9=397   p99.99=397   min=328   max=397  
region = us-west-1      | avg=356   std=10    p95=372   p99=372   p99.9=391   p99.99=397   min=328   max=397  
region = ca-central-1   | avg=356   std=21    p95=372   p99=372   p99.9=445   p99.99=445   min=280   max=445  
EPaxosMRV n = 5 f = 0 c = 512 | wait condition delay: (empty)
EPaxosMRV n = 5 f = 0 c = 512 | commit latency      : (empty)
EPaxosMRV n = 5 f = 0 c = 512 | execution latency   : avg=367   std=27    p95=425   p99=467   p99.9=535   p99.99=539   min=280   max=539  
EPaxosMRV n = 5 f = 0 c = 512 | execution delay     : avg=87    std=95    p95=264   p99=292   p99.9=294   p99.99=367   min=0     max=367  
EPaxosMRV n = 5 f = 0 c = 512 | fast path rate      : 29.7   
EPaxosMRV n = 5 f = 0 c = 512 | total orders        : 512000
EPaxosMRV n = 5 f = 0 c = 512 | throughput          : 1.2579
3:
  process metrics:
stable: 1022520
slow_path: 177165
fast_path: 27635

  executor metrics:
execution_delay: avg=93    std=84    p95=238   p99=287   p99.9=344   p99.99=347   min=0     max=347  
chain_size: avg=71    std=40    p95=132   p99=143   p99.9=159   p99.99=170   min=1     max=174  
out_requests: 0

5:
  process metrics:
stable: 1022520
slow_path: 165761
fast_path: 39039

  executor metrics:
chain_size: avg=71    std=40    p95=132   p99=143   p99.9=159   p99.99=170   min=1     max=174  
execution_delay: avg=140   std=119   p95=344   p99=344   p99.9=344   p99.99=388   min=0     max=388  
out_requests: 0

4:
  process metrics:
stable: 1022520
fast_path: 145106
slow_path: 59694

  executor metrics:
execution_delay: avg=135   std=124   p95=346   p99=346   p99.9=346   p99.99=390   min=0     max=390  
chain_size: avg=71    std=40    p95=132   p99=143   p99.9=159   p99.99=170   min=1     max=174  
out_requests: 0

1:
  process metrics:
stable: 1022520
fast_path: 104459
slow_path: 100341

  executor metrics:
chain_size: avg=71    std=40    p95=132   p99=143   p99.9=159   p99.99=170   min=1     max=174  
execution_delay: avg=128   std=113   p95=293   p99=293   p99.9=340   p99.99=340   min=0     max=341  
out_requests: 0

2:
  process metrics:
slow_path: 90161
fast_path: 114639
stable: 1022520

  executor metrics:
chain_size: avg=71    std=40    p95=132   p99=143   p99.9=159   p99.99=170   min=1     max=174  
execution_delay: avg=127   std=113   p95=287   p99=289   p99.9=341   p99.99=341   min=0     max=342  
out_requests: 0

region = ca-central-1   | avg=400   std=32    p95=424   p99=424   p99.9=468   p99.99=468   min=260   max=468  
region = sa-east-1      | avg=409   std=27    p95=425   p99=467   p99.9=539   p99.99=539   min=336   max=539  
region = ap-southeast-1 | avg=409   std=25    p95=424   p99=466   p99.9=533   p99.99=535   min=337   max=535  
region = us-west-1      | avg=400   std=30    p95=424   p99=424   p99.9=452   p99.99=452   min=280   max=452  
region = eu-west-1      | avg=400   std=30    p95=424   p99=424   p99.9=458   p99.99=458   min=287   max=458  
EPaxosMRV n = 5 f = 0 c = 1024 | wait condition delay: (empty)
EPaxosMRV n = 5 f = 0 c = 1024 | commit latency      : (empty)
EPaxosMRV n = 5 f = 0 c = 1024 | execution latency   : avg=403   std=29    p95=424   p99=466   p99.9=533   p99.99=539   min=260   max=539  
EPaxosMRV n = 5 f = 0 c = 1024 | execution delay     : avg=125   std=113   p95=293   p99=346   p99.9=346   p99.99=390   min=0     max=390  
EPaxosMRV n = 5 f = 0 c = 1024 | fast path rate      : 42.1   
EPaxosMRV n = 5 f = 0 c = 1024 | total orders        : 1024000
EPaxosMRV n = 5 f = 0 c = 1024 | throughput          : 1.1842
