POOL_SIZE: 1
CONFLICTS: 0
EPaxos   n = 5 f = 0 c = 32  | execution latency   : avg=145   std=39    p95=186   p99=186   p99.9=186   p99.99=186   min=78    max=186  
EPaxos   n = 5 f = 0 c = 32  | execution delay     : avg=0     std=0     p95=0     p99=0     p99.9=0     p99.99=0     min=0     max=0    
EPaxos   n = 5 f = 0 c = 32  | fast path rate      : 100.0  
EPaxos   n = 5 f = 0 c = 32  | total orders        : 32000
EPaxos   n = 5 f = 0 c = 32  | throughput          : 1645.2488
EPaxosMRV n = 5 f = 0 c = 32  | execution latency   : avg=145   std=39    p95=186   p99=186   p99.9=186   p99.99=186   min=78    max=186  
EPaxosMRV n = 5 f = 0 c = 32  | execution delay     : avg=0     std=0     p95=0     p99=0     p99.9=0     p99.99=0     min=0     max=0    
EPaxosMRV n = 5 f = 0 c = 32  | fast path rate      : 100.0  
EPaxosMRV n = 5 f = 0 c = 32  | total orders        : 32000
EPaxosMRV n = 5 f = 0 c = 32  | throughput          : 1358.5487
CONFLICTS: 2
EPaxos   n = 5 f = 0 c = 32  | execution latency   : avg=149   std=50    p95=186   p99=364   p99.9=500   p99.99=564   min=78    max=599  
EPaxos   n = 5 f = 0 c = 32  | execution delay     : avg=1     std=14    p95=0     p99=25    p99.9=217   p99.99=326   min=0     max=431  
EPaxos   n = 5 f = 0 c = 32  | fast path rate      : 98.6   
EPaxos   n = 5 f = 0 c = 32  | total orders        : 32000
EPaxos   n = 5 f = 0 c = 32  | throughput          : 1482.8088
EPaxosMRV n = 5 f = 0 c = 32  | execution latency   : avg=148   std=46    p95=186   p99=280   p99.9=442   p99.99=536   min=78    max=573  
EPaxosMRV n = 5 f = 0 c = 32  | execution delay     : avg=1     std=9     p95=0     p99=0     p99.9=161   p99.99=254   min=0     max=344  
EPaxosMRV n = 5 f = 0 c = 32  | fast path rate      : 98.8   
EPaxosMRV n = 5 f = 0 c = 32  | total orders        : 32000
EPaxosMRV n = 5 f = 0 c = 32  | throughput          : 1258.2717
CONFLICTS: 10
EPaxos   n = 5 f = 0 c = 32  | execution latency   : avg=182   std=122   p95=492   p99=683   p99.9=939   p99.99=1116  min=78    max=1148 
EPaxos   n = 5 f = 0 c = 32  | execution delay     : avg=18    std=73    p95=164   p99=382   p99.9=663   p99.99=844   min=0     max=942  
EPaxos   n = 5 f = 0 c = 32  | fast path rate      : 91.9   
EPaxos   n = 5 f = 0 c = 32  | total orders        : 32000
EPaxos   n = 5 f = 0 c = 32  | throughput          : 1335.8685
EPaxosMRV n = 5 f = 0 c = 32  | execution latency   : avg=168   std=86    p95=381   p99=514   p99.9=595   p99.99=665   min=78    max=715  
EPaxosMRV n = 5 f = 0 c = 32  | execution delay     : avg=9     std=40    p95=72    p99=224   p99.9=336   p99.99=430   min=0     max=533  
EPaxosMRV n = 5 f = 0 c = 32  | fast path rate      : 93.5   
EPaxosMRV n = 5 f = 0 c = 32  | total orders        : 32000
EPaxosMRV n = 5 f = 0 c = 32  | throughput          : 1171.8811
CONFLICTS: 30
EPaxos   n = 5 f = 0 c = 32  | execution latency   : avg=268   std=212   p95=723   p99=942   p99.9=1164  p99.99=1272  min=78    max=1294 
EPaxos   n = 5 f = 0 c = 32  | execution delay     : avg=66    std=144   p95=390   p99=659   p99.9=882   p99.99=1024  min=0     max=1104 
EPaxos   n = 5 f = 0 c = 32  | fast path rate      : 74.2   
EPaxos   n = 5 f = 0 c = 32  | total orders        : 32000
EPaxos   n = 5 f = 0 c = 32  | throughput          : 1041.3353
EPaxosMRV n = 5 f = 0 c = 32  | execution latency   : avg=241   std=162   p95=554   p99=714   p99.9=916   p99.99=962   min=78    max=971  
EPaxosMRV n = 5 f = 0 c = 32  | execution delay     : avg=45    std=96    p95=263   p99=410   p99.9=585   p99.99=714   min=0     max=789  
EPaxosMRV n = 5 f = 0 c = 32  | fast path rate      : 76.8   
EPaxosMRV n = 5 f = 0 c = 32  | total orders        : 32000
EPaxosMRV n = 5 f = 0 c = 32  | throughput          : 952.5553
CONFLICTS: 50
EPaxos   n = 5 f = 0 c = 32  | execution latency   : avg=329   std=211   p95=727   p99=908   p99.9=960   p99.99=1092  min=78    max=1092 
EPaxos   n = 5 f = 0 c = 32  | execution delay     : avg=89    std=140   p95=393   p99=561   p99.9=710   p99.99=778   min=0     max=902  
EPaxos   n = 5 f = 0 c = 32  | fast path rate      : 56.9   
EPaxos   n = 5 f = 0 c = 32  | total orders        : 32000
EPaxos   n = 5 f = 0 c = 32  | throughput          : 886.4750
EPaxosMRV n = 5 f = 0 c = 32  | execution latency   : avg=306   std=180   p95=588   p99=735   p99.9=901   p99.99=934   min=78    max=948  
EPaxosMRV n = 5 f = 0 c = 32  | execution delay     : avg=71    std=110   p95=305   p99=427   p99.9=578   p99.99=674   min=0     max=758  
EPaxosMRV n = 5 f = 0 c = 32  | fast path rate      : 58.6   
EPaxosMRV n = 5 f = 0 c = 32  | total orders        : 32000
EPaxosMRV n = 5 f = 0 c = 32  | throughput          : 794.3532
CONFLICTS: 60
EPaxos   n = 5 f = 0 c = 32  | execution latency   : avg=356   std=206   p95=731   p99=906   p99.9=1077  p99.99=1091  min=78    max=1091 
EPaxos   n = 5 f = 0 c = 32  | execution delay     : avg=96    std=139   p95=396   p99=571   p99.9=728   p99.99=789   min=0     max=909  
EPaxos   n = 5 f = 0 c = 32  | fast path rate      : 47.8   
EPaxos   n = 5 f = 0 c = 32  | total orders        : 32000
EPaxos   n = 5 f = 0 c = 32  | throughput          : 863.1965
EPaxosMRV n = 5 f = 0 c = 32  | execution latency   : avg=332   std=172   p95=573   p99=722   p99.9=892   p99.99=936   min=78    max=944  
EPaxosMRV n = 5 f = 0 c = 32  | execution delay     : avg=78    std=107   p95=292   p99=401   p99.9=571   p99.99=644   min=0     max=750  
EPaxosMRV n = 5 f = 0 c = 32  | fast path rate      : 49.2   
EPaxosMRV n = 5 f = 0 c = 32  | total orders        : 32000
EPaxosMRV n = 5 f = 0 c = 32  | throughput          : 768.4007
CONFLICTS: 70
EPaxos   n = 5 f = 0 c = 32  | execution latency   : avg=372   std=178   p95=632   p99=758   p99.9=922   p99.99=951   min=78    max=952  
EPaxos   n = 5 f = 0 c = 32  | execution delay     : avg=90    std=117   p95=342   p99=472   p99.9=591   p99.99=692   min=0     max=737  
EPaxos   n = 5 f = 0 c = 32  | fast path rate      : 36.4   
EPaxos   n = 5 f = 0 c = 32  | total orders        : 32000
EPaxos   n = 5 f = 0 c = 32  | throughput          : 840.9811
EPaxosMRV n = 5 f = 0 c = 32  | execution latency   : avg=361   std=162   p95=582   p99=707   p99.9=823   p99.99=858   min=78    max=858  
EPaxosMRV n = 5 f = 0 c = 32  | execution delay     : avg=90    std=108   p95=298   p99=396   p99.9=524   p99.99=586   min=0     max=645  
EPaxosMRV n = 5 f = 0 c = 32  | fast path rate      : 41.5   
EPaxosMRV n = 5 f = 0 c = 32  | total orders        : 32000
EPaxosMRV n = 5 f = 0 c = 32  | throughput          : 732.3534
CONFLICTS: 80
EPaxos   n = 5 f = 0 c = 32  | execution latency   : avg=378   std=142   p95=558   p99=706   p99.9=746   p99.99=783   min=78    max=814  
EPaxos   n = 5 f = 0 c = 32  | execution delay     : avg=80    std=93    p95=252   p99=368   p99.9=461   p99.99=556   min=0     max=628  
EPaxos   n = 5 f = 0 c = 32  | fast path rate      : 27.3   
EPaxos   n = 5 f = 0 c = 32  | total orders        : 32000
EPaxos   n = 5 f = 0 c = 32  | throughput          : 871.2457
EPaxosMRV n = 5 f = 0 c = 32  | execution latency   : avg=373   std=138   p95=558   p99=624   p99.9=740   p99.99=794   min=78    max=794  
EPaxosMRV n = 5 f = 0 c = 32  | execution delay     : avg=81    std=93    p95=252   p99=356   p99.9=450   p99.99=530   min=0     max=580  
EPaxosMRV n = 5 f = 0 c = 32  | fast path rate      : 30.7   
EPaxosMRV n = 5 f = 0 c = 32  | total orders        : 32000
EPaxosMRV n = 5 f = 0 c = 32  | throughput          : 744.3703
CONFLICTS: 90
EPaxos   n = 5 f = 0 c = 32  | execution latency   : avg=394   std=115   p95=554   p99=561   p99.9=706   p99.99=736   min=78    max=736  
EPaxos   n = 5 f = 0 c = 32  | execution delay     : avg=78    std=82    p95=216   p99=322   p99.9=379   p99.99=479   min=0     max=554  
EPaxos   n = 5 f = 0 c = 32  | fast path rate      : 18.6   
EPaxos   n = 5 f = 0 c = 32  | total orders        : 32000
EPaxos   n = 5 f = 0 c = 32  | throughput          : 882.4322
EPaxosMRV n = 5 f = 0 c = 32  | execution latency   : avg=387   std=109   p95=554   p99=567   p99.9=607   p99.99=664   min=78    max=736  
EPaxosMRV n = 5 f = 0 c = 32  | execution delay     : avg=79    std=85    p95=230   p99=316   p99.9=388   p99.99=453   min=0     max=479  
EPaxosMRV n = 5 f = 0 c = 32  | fast path rate      : 21.0   
EPaxosMRV n = 5 f = 0 c = 32  | total orders        : 32000
EPaxosMRV n = 5 f = 0 c = 32  | throughput          : 745.2089
CONFLICTS: 100
EPaxos   n = 5 f = 0 c = 32  | execution latency   : avg=366   std=27    p95=425   p99=467   p99.9=500   p99.99=533   min=299   max=533  
EPaxos   n = 5 f = 0 c = 32  | execution delay     : avg=61    std=84    p95=216   p99=277   p99.9=294   p99.99=294   min=0     max=294  
EPaxos   n = 5 f = 0 c = 32  | fast path rate      : 11.8   
EPaxos   n = 5 f = 0 c = 32  | total orders        : 32000
EPaxos   n = 5 f = 0 c = 32  | throughput          : 957.8406
EPaxosMRV n = 5 f = 0 c = 32  | execution latency   : avg=413   std=19    p95=424   p99=424   p99.9=500   p99.99=533   min=299   max=533  
EPaxosMRV n = 5 f = 0 c = 32  | execution delay     : avg=101   std=98    p95=268   p99=334   p99.9=346   p99.99=346   min=0     max=347  
EPaxosMRV n = 5 f = 0 c = 32  | fast path rate      : 16.7   
EPaxosMRV n = 5 f = 0 c = 32  | total orders        : 32000
EPaxosMRV n = 5 f = 0 c = 32  | throughput          : 782.4777
