| | eu-west-1 | us-west-1 | ap-southeast-1 | ca-central-1 | sa-east-1 |
|:---:|:---:|:---:|:---:|:---:|:---:|
| __eu-west-1__ | 0 | 141 | 186 | 72 | 183 |
| __us-west-1__ | 141 | 0 | 181 | 78 | 190 |
| __ap-southeast-1__ | 186 | 181 | 0 | 221 | 338 |
| __ca-central-1__ | 72 | 78 | 221 | 0 | 123 |
| __sa-east-1__ | 183 | 190 | 338 | 123 | 0 |

POOL_SIZE: 1
CONFLICTS: 0
5:
  process metrics:
fast_path: 6400
fast_path_reads: 636
stable: 31936

  executor metrics:
execution_delay: avg=0     std=0     p95=0     p99=0     p99.9=0     p99.99=0     min=0     max=0    
chain_size: avg=1     std=0     p95=1     p99=1     p99.9=1     p99.99=1     min=1     max=1    

4:
  process metrics:
stable: 31936
fast_path_reads: 648
fast_path: 6400

  executor metrics:
execution_delay: avg=0     std=0     p95=0     p99=0     p99.9=0     p99.99=0     min=0     max=0    
chain_size: avg=1     std=0     p95=1     p99=1     p99.9=1     p99.99=1     min=1     max=1    

1:
  process metrics:
fast_path: 6400
fast_path_reads: 629
stable: 31936

  executor metrics:
chain_size: avg=1     std=0     p95=1     p99=1     p99.9=1     p99.99=1     min=1     max=1    
execution_delay: avg=0     std=0     p95=0     p99=0     p99.9=0     p99.99=0     min=0     max=0    

2:
  process metrics:
stable: 31936
fast_path_reads: 639
fast_path: 6400

  executor metrics:
chain_size: avg=1     std=0     p95=1     p99=1     p99.9=1     p99.99=1     min=1     max=1    
execution_delay: avg=0     std=0     p95=0     p99=0     p99.9=0     p99.99=0     min=0     max=0    

3:
  process metrics:
stable: 31936
fast_path: 6400
fast_path_reads: 625

  executor metrics:
chain_size: avg=1     std=0     p95=1     p99=1     p99.9=1     p99.99=1     min=1     max=1    
execution_delay: avg=0     std=0     p95=0     p99=0     p99.9=0     p99.99=0     min=0     max=0    

region = ca-central-1   | avg=78    std=0     p95=78    p99=78    p99.9=78    p99.99=78    min=78    max=78   
region = sa-east-1      | avg=182   std=0     p95=182   p99=182   p99.9=182   p99.99=182   min=182   max=182  
region = us-west-1      | avg=140   std=0     p95=140   p99=140   p99.9=140   p99.99=140   min=140   max=140  
region = ap-southeast-1 | avg=186   std=0     p95=186   p99=186   p99.9=186   p99.99=186   min=186   max=186  
region = eu-west-1      | avg=140   std=0     p95=140   p99=140   p99.9=140   p99.99=140   min=140   max=140  
EPaxosMRV n = 5 f = 0 c = 32  | wait condition delay: (empty)
EPaxosMRV n = 5 f = 0 c = 32  | commit latency      : (empty)
EPaxosMRV n = 5 f = 0 c = 32  | execution latency   : avg=145   std=39    p95=186   p99=186   p99.9=186   p99.99=186   min=78    max=186  
EPaxosMRV n = 5 f = 0 c = 32  | execution delay     : avg=0     std=0     p95=0     p99=0     p99.9=0     p99.99=0     min=0     max=0    
EPaxosMRV n = 5 f = 0 c = 32  | fast path rate      : 100.0  
EPaxosMRV n = 5 f = 0 c = 32  | total orders        : 32000
EPaxosMRV n = 5 f = 0 c = 32  | throughput          : 1.3068
1:
  process metrics:
fast_path: 102400
fast_path_reads: 10359
stable: 510976

  executor metrics:
execution_delay: avg=0     std=0     p95=0     p99=0     p99.9=0     p99.99=0     min=0     max=0    
chain_size: avg=1     std=0     p95=1     p99=1     p99.9=1     p99.99=1     min=1     max=1    

3:
  process metrics:
fast_path: 102400
fast_path_reads: 10317
stable: 510976

  executor metrics:
chain_size: avg=1     std=0     p95=1     p99=1     p99.9=1     p99.99=1     min=1     max=1    
execution_delay: avg=0     std=0     p95=0     p99=0     p99.9=0     p99.99=0     min=0     max=0    

5:
  process metrics:
fast_path: 102400
fast_path_reads: 10327
stable: 510976

  executor metrics:
execution_delay: avg=0     std=0     p95=0     p99=0     p99.9=0     p99.99=0     min=0     max=0    
chain_size: avg=1     std=0     p95=1     p99=1     p99.9=1     p99.99=1     min=1     max=1    

4:
  process metrics:
stable: 510976
fast_path_reads: 10222
fast_path: 102400

  executor metrics:
chain_size: avg=1     std=0     p95=1     p99=1     p99.9=1     p99.99=1     min=1     max=1    
execution_delay: avg=0     std=0     p95=0     p99=0     p99.9=0     p99.99=0     min=0     max=0    

2:
  process metrics:
fast_path: 102400
fast_path_reads: 10115
stable: 510976

  executor metrics:
execution_delay: avg=0     std=0     p95=0     p99=0     p99.9=0     p99.99=0     min=0     max=0    
chain_size: avg=1     std=0     p95=1     p99=1     p99.9=1     p99.99=1     min=1     max=1    

region = us-west-1      | avg=140   std=0     p95=140   p99=140   p99.9=140   p99.99=140   min=140   max=140  
region = ap-southeast-1 | avg=186   std=0     p95=186   p99=186   p99.9=186   p99.99=186   min=186   max=186  
region = eu-west-1      | avg=140   std=0     p95=140   p99=140   p99.9=140   p99.99=140   min=140   max=140  
region = sa-east-1      | avg=182   std=0     p95=182   p99=182   p99.9=182   p99.99=182   min=182   max=182  
region = ca-central-1   | avg=78    std=0     p95=78    p99=78    p99.9=78    p99.99=78    min=78    max=78   
EPaxosMRV n = 5 f = 0 c = 512 | wait condition delay: (empty)
EPaxosMRV n = 5 f = 0 c = 512 | commit latency      : (empty)
EPaxosMRV n = 5 f = 0 c = 512 | execution latency   : avg=145   std=39    p95=186   p99=186   p99.9=186   p99.99=186   min=78    max=186  
EPaxosMRV n = 5 f = 0 c = 512 | execution delay     : avg=0     std=0     p95=0     p99=0     p99.9=0     p99.99=0     min=0     max=0    
EPaxosMRV n = 5 f = 0 c = 512 | fast path rate      : 100.0  
EPaxosMRV n = 5 f = 0 c = 512 | total orders        : 512000
EPaxosMRV n = 5 f = 0 c = 512 | throughput          : 1.3476
2:
  process metrics:
fast_path_reads: 20573
fast_path: 204800
stable: 1021952

  executor metrics:
execution_delay: avg=0     std=0     p95=0     p99=0     p99.9=0     p99.99=0     min=0     max=0    
chain_size: avg=1     std=0     p95=1     p99=1     p99.9=1     p99.99=1     min=1     max=1    

1:
  process metrics:
stable: 1021952
fast_path: 204800
fast_path_reads: 20455

  executor metrics:
chain_size: avg=1     std=0     p95=1     p99=1     p99.9=1     p99.99=1     min=1     max=1    
execution_delay: avg=0     std=0     p95=0     p99=0     p99.9=0     p99.99=0     min=0     max=0    

5:
  process metrics:
stable: 1021952
fast_path: 204800
fast_path_reads: 20509

  executor metrics:
chain_size: avg=1     std=0     p95=1     p99=1     p99.9=1     p99.99=1     min=1     max=1    
execution_delay: avg=0     std=0     p95=0     p99=0     p99.9=0     p99.99=0     min=0     max=0    

3:
  process metrics:
fast_path_reads: 20411
fast_path: 204800
stable: 1021952

  executor metrics:
chain_size: avg=1     std=0     p95=1     p99=1     p99.9=1     p99.99=1     min=1     max=1    
execution_delay: avg=0     std=0     p95=0     p99=0     p99.9=0     p99.99=0     min=0     max=0    

4:
  process metrics:
fast_path_reads: 20360
stable: 1021952
fast_path: 204800

  executor metrics:
execution_delay: avg=0     std=0     p95=0     p99=0     p99.9=0     p99.99=0     min=0     max=0    
chain_size: avg=1     std=0     p95=1     p99=1     p99.9=1     p99.99=1     min=1     max=1    

region = eu-west-1      | avg=140   std=0     p95=140   p99=140   p99.9=140   p99.99=140   min=140   max=140  
region = us-west-1      | avg=140   std=0     p95=140   p99=140   p99.9=140   p99.99=140   min=140   max=140  
region = ap-southeast-1 | avg=186   std=0     p95=186   p99=186   p99.9=186   p99.99=186   min=186   max=186  
region = ca-central-1   | avg=78    std=0     p95=78    p99=78    p99.9=78    p99.99=78    min=78    max=78   
region = sa-east-1      | avg=182   std=0     p95=182   p99=182   p99.9=182   p99.99=182   min=182   max=182  
EPaxosMRV n = 5 f = 0 c = 1024 | wait condition delay: (empty)
EPaxosMRV n = 5 f = 0 c = 1024 | commit latency      : (empty)
EPaxosMRV n = 5 f = 0 c = 1024 | execution latency   : avg=145   std=39    p95=186   p99=186   p99.9=186   p99.99=186   min=78    max=186  
EPaxosMRV n = 5 f = 0 c = 1024 | execution delay     : avg=0     std=0     p95=0     p99=0     p99.9=0     p99.99=0     min=0     max=0    
EPaxosMRV n = 5 f = 0 c = 1024 | fast path rate      : 100.0  
EPaxosMRV n = 5 f = 0 c = 1024 | total orders        : 1024000
EPaxosMRV n = 5 f = 0 c = 1024 | throughput          : 1.3467
CONFLICTS: 2
4:
  process metrics:
slow_path: 36
fast_path_reads: 596
stable: 31998
fast_path: 6364
slow_path_reads: 7

  executor metrics:
execution_delay: avg=0     std=8     p95=0     p99=0     p99.9=137   p99.99=251   min=0     max=309  
chain_size: avg=1     std=0     p95=1     p99=1     p99.9=1     p99.99=4     min=1     max=6    
out_requests: 0

5:
  process metrics:
fast_path: 6331
fast_path_reads: 623
slow_path: 69
stable: 31998
slow_path_reads: 15

  executor metrics:
chain_size: avg=1     std=0     p95=1     p99=1     p99.9=1     p99.99=4     min=1     max=6    
execution_delay: avg=0     std=7     p95=0     p99=0     p99.9=136   p99.99=264   min=0     max=307  
out_requests: 0

2:
  process metrics:
slow_path: 41
fast_path: 6359
fast_path_reads: 657
stable: 31997
slow_path_reads: 11

  executor metrics:
chain_size: avg=1     std=0     p95=1     p99=1     p99.9=1     p99.99=4     min=1     max=6    
execution_delay: avg=0     std=8     p95=0     p99=0     p99.9=151   p99.99=238   min=0     max=277  
out_requests: 0

3:
  process metrics:
fast_path_reads: 666
stable: 31997
fast_path: 6340
slow_path_reads: 15
slow_path: 60

  executor metrics:
execution_delay: avg=0     std=8     p95=0     p99=0     p99.9=143   p99.99=244   min=0     max=273  
chain_size: avg=1     std=0     p95=1     p99=1     p99.9=1     p99.99=4     min=1     max=6    
out_requests: 0

1:
  process metrics:
fast_path_reads: 662
fast_path: 6319
slow_path: 81
stable: 31997
slow_path_reads: 12

  executor metrics:
execution_delay: avg=0     std=7     p95=0     p99=0     p99.9=137   p99.99=237   min=0     max=291  
chain_size: avg=1     std=0     p95=1     p99=1     p99.9=1     p99.99=4     min=1     max=6    
out_requests: 0

region = us-west-1      | avg=142   std=18    p95=140   p99=178   p99.9=417   p99.99=431   min=140   max=431  
region = ap-southeast-1 | avg=189   std=24    p95=186   p99=372   p99.9=465   p99.99=511   min=186   max=519  
region = sa-east-1      | avg=184   std=22    p95=182   p99=364   p99.9=421   p99.99=563   min=182   max=563  
region = ca-central-1   | avg=79    std=15    p95=78    p99=78    p99.9=330   p99.99=407   min=78    max=422  
region = eu-west-1      | avg=142   std=20    p95=140   p99=280   p99.9=394   p99.99=431   min=140   max=431  
EPaxosMRV n = 5 f = 0 c = 32  | wait condition delay: (empty)
EPaxosMRV n = 5 f = 0 c = 32  | commit latency      : (empty)
EPaxosMRV n = 5 f = 0 c = 32  | execution latency   : avg=147   std=44    p95=186   p99=269   p99.9=421   p99.99=511   min=78    max=563  
EPaxosMRV n = 5 f = 0 c = 32  | execution delay     : avg=0     std=8     p95=0     p99=0     p99.9=140   p99.99=249   min=0     max=309  
EPaxosMRV n = 5 f = 0 c = 32  | fast path rate      : 99.1   
EPaxosMRV n = 5 f = 0 c = 32  | total orders        : 32000
EPaxosMRV n = 5 f = 0 c = 32  | throughput          : 1.2699
3:
  process metrics:
slow_path: 1716
fast_path_reads: 10045
fast_path: 100684
stable: 511998
slow_path_reads: 202

  executor metrics:
execution_delay: avg=7     std=66    p95=0     p99=257   p99.9=1002  p99.99=1406  min=0     max=1667 
chain_size: avg=1     std=2     p95=1     p99=1     p99.9=1     p99.99=37    min=1     max=511  
out_requests: 0

2:
  process metrics:
fast_path: 100871
fast_path_reads: 10097
slow_path: 1529
stable: 511998
slow_path_reads: 210

  executor metrics:
chain_size: avg=1     std=2     p95=1     p99=1     p99.9=1     p99.99=37    min=1     max=511  
execution_delay: avg=7     std=64    p95=0     p99=246   p99.9=973   p99.99=1401  min=0     max=1683 
out_requests: 0

1:
  process metrics:
fast_path: 100661
fast_path_reads: 9869
slow_path: 1739
stable: 511998
slow_path_reads: 222

  executor metrics:
execution_delay: avg=7     std=64    p95=0     p99=245   p99.9=968   p99.99=1405  min=0     max=1689 
chain_size: avg=1     std=2     p95=1     p99=1     p99.9=1     p99.99=37    min=1     max=511  
out_requests: 0

4:
  process metrics:
fast_path_reads: 10105
slow_path_reads: 194
slow_path: 1595
stable: 511998
fast_path: 100805

  executor metrics:
execution_delay: avg=7     std=66    p95=0     p99=264   p99.9=989   p99.99=1430  min=0     max=1742 
chain_size: avg=1     std=2     p95=1     p99=1     p99.9=1     p99.99=37    min=1     max=511  
out_requests: 0

5:
  process metrics:
stable: 511998
slow_path_reads: 205
fast_path_reads: 10109
fast_path: 100873
slow_path: 1527

  executor metrics:
chain_size: avg=1     std=2     p95=1     p99=1     p99.9=1     p99.99=37    min=1     max=511  
execution_delay: avg=7     std=68    p95=0     p99=286   p99.9=1023  p99.99=1439  min=0     max=1779 
out_requests: 0

region = us-west-1      | avg=151   std=86    p95=140   p99=584   p99.9=1279  p99.99=1673  min=140   max=1832 
region = ap-southeast-1 | avg=196   std=80    p95=186   p99=557   p99.9=1313  p99.99=1734  min=186   max=1952 
region = eu-west-1      | avg=150   std=84    p95=140   p99=560   p99.9=1267  p99.99=1663  min=140   max=1816 
region = sa-east-1      | avg=193   std=86    p95=182   p99=586   p99.9=1351  p99.99=1794  min=182   max=1976 
region = ca-central-1   | avg=89    std=88    p95=78    p99=524   p99.9=1286  p99.99=1725  min=78    max=1855 
EPaxosMRV n = 5 f = 0 c = 512 | wait condition delay: (empty)
EPaxosMRV n = 5 f = 0 c = 512 | commit latency      : (empty)
EPaxosMRV n = 5 f = 0 c = 512 | execution latency   : avg=156   std=93    p95=186   p99=563   p99.9=1297  p99.99=1692  min=78    max=1976 
EPaxosMRV n = 5 f = 0 c = 512 | execution delay     : avg=7     std=65    p95=0     p99=261   p99.9=989   p99.99=1427  min=0     max=1779 
EPaxosMRV n = 5 f = 0 c = 512 | fast path rate      : 98.4   
EPaxosMRV n = 5 f = 0 c = 512 | total orders        : 512000
EPaxosMRV n = 5 f = 0 c = 512 | throughput          : 1.1603
5:
  process metrics:
slow_path_reads: 448
fast_path: 201466
stable: 1023998
slow_path: 3334
fast_path_reads: 20043

  executor metrics:
chain_size: avg=1     std=4     p95=1     p99=1     p99.9=1     p99.99=2     min=1     max=2295 
execution_delay: avg=20    std=193   p95=0     p99=757   p99.9=2953  p99.99=3976  min=0     max=4340 
out_requests: 0

3:
  process metrics:
fast_path: 201126
stable: 1023998
fast_path_reads: 19762
slow_path: 3674
slow_path_reads: 403

  executor metrics:
chain_size: avg=1     std=4     p95=1     p99=1     p99.9=1     p99.99=2     min=1     max=2295 
execution_delay: avg=20    std=188   p95=0     p99=734   p99.9=2890  p99.99=3896  min=0     max=4215 
out_requests: 0

4:
  process metrics:
fast_path_reads: 19947
stable: 1023998
slow_path_reads: 417
fast_path: 201281
slow_path: 3519

  executor metrics:
execution_delay: avg=20    std=190   p95=0     p99=739   p99.9=2943  p99.99=3965  min=0     max=4281 
chain_size: avg=1     std=4     p95=1     p99=1     p99.9=1     p99.99=2     min=1     max=2295 
out_requests: 0

2:
  process metrics:
fast_path_reads: 20163
fast_path: 201575
slow_path_reads: 373
stable: 1023998
slow_path: 3225

  executor metrics:
execution_delay: avg=19    std=188   p95=0     p99=712   p99.9=2892  p99.99=3926  min=0     max=4271 
chain_size: avg=1     std=4     p95=1     p99=1     p99.9=1     p99.99=2     min=1     max=2295 
out_requests: 0

1:
  process metrics:
slow_path_reads: 383
stable: 1023998
fast_path_reads: 20047
slow_path: 3644
fast_path: 201156

  executor metrics:
chain_size: avg=1     std=4     p95=1     p99=1     p99.9=1     p99.99=2     min=1     max=2295 
execution_delay: avg=19    std=188   p95=0     p99=715   p99.9=2896  p99.99=3931  min=0     max=4264 
out_requests: 0

region = sa-east-1      | avg=204   std=198   p95=182   p99=979   p99.9=3152  p99.99=4340  min=182   max=4522 
region = eu-west-1      | avg=164   std=207   p95=140   p99=1127  p99.9=3108  p99.99=4221  min=140   max=4404 
region = ap-southeast-1 | avg=207   std=192   p95=186   p99=961   p99.9=3045  p99.99=4158  min=186   max=4401 
region = us-west-1      | avg=164   std=206   p95=140   p99=1122  p99.9=3120  p99.99=4261  min=140   max=4411 
region = ca-central-1   | avg=105   std=238   p95=78    p99=1198  p99.9=3495  p99.99=4304  min=78    max=4437 
EPaxosMRV n = 5 f = 0 c = 1024 | wait condition delay: (empty)
EPaxosMRV n = 5 f = 0 c = 1024 | commit latency      : (empty)
EPaxosMRV n = 5 f = 0 c = 1024 | execution latency   : avg=169   std=212   p95=186   p99=1056  p99.9=3226  p99.99=4264  min=78    max=4522 
EPaxosMRV n = 5 f = 0 c = 1024 | execution delay     : avg=20    std=189   p95=0     p99=736   p99.9=2911  p99.99=3940  min=0     max=4340 
EPaxosMRV n = 5 f = 0 c = 1024 | fast path rate      : 98.3   
EPaxosMRV n = 5 f = 0 c = 1024 | total orders        : 1024000
EPaxosMRV n = 5 f = 0 c = 1024 | throughput          : 0.7931
CONFLICTS: 10
4:
  process metrics:
fast_path_reads: 535
fast_path: 5991
slow_path: 409
slow_path_reads: 61
stable: 31998

  executor metrics:
chain_size: avg=1     std=1     p95=1     p99=1     p99.9=13    p99.99=21    min=1     max=25   
execution_delay: avg=9     std=41    p95=70    p99=234   p99.9=333   p99.99=386   min=0     max=432  
out_requests: 0

5:
  process metrics:
fast_path_reads: 553
slow_path: 385
stable: 31998
slow_path_reads: 65
fast_path: 6015

  executor metrics:
chain_size: avg=1     std=1     p95=1     p99=1     p99.9=13    p99.99=21    min=1     max=25   
execution_delay: avg=10    std=44    p95=96    p99=249   p99.9=344   p99.99=395   min=0     max=435  
out_requests: 0

1:
  process metrics:
fast_path_reads: 581
stable: 31998
fast_path: 5889
slow_path_reads: 67
slow_path: 511

  executor metrics:
chain_size: avg=1     std=1     p95=1     p99=1     p99.9=13    p99.99=21    min=1     max=25   
execution_delay: avg=8     std=36    p95=62    p99=209   p99.9=293   p99.99=342   min=0     max=384  
out_requests: 0

2:
  process metrics:
fast_path: 6025
slow_path: 375
fast_path_reads: 612
slow_path_reads: 76
stable: 31998

  executor metrics:
execution_delay: avg=8     std=37    p95=58    p99=213   p99.9=294   p99.99=338   min=0     max=451  
chain_size: avg=1     std=1     p95=1     p99=1     p99.9=13    p99.99=21    min=1     max=25   
out_requests: 0

3:
  process metrics:
fast_path: 5971
fast_path_reads: 591
slow_path_reads: 70
slow_path: 429
stable: 31997

  executor metrics:
chain_size: avg=1     std=1     p95=1     p99=1     p99.9=13    p99.99=21    min=1     max=25   
execution_delay: avg=8     std=36    p95=67    p99=199   p99.9=303   p99.99=371   min=0     max=414  
out_requests: 0

region = us-west-1      | avg=162   std=71    p95=365   p99=448   p99.9=555   p99.99=592   min=140   max=592  
region = ca-central-1   | avg=103   std=80    p95=341   p99=436   p99.9=512   p99.99=517   min=78    max=528  
region = ap-southeast-1 | avg=209   std=77    p95=426   p99=534   p99.9=599   p99.99=709   min=186   max=716  
region = eu-west-1      | avg=162   std=71    p95=367   p99=449   p99.9=526   p99.99=584   min=140   max=616  
region = sa-east-1      | avg=206   std=77    p95=411   p99=542   p99.9=614   p99.99=664   min=182   max=752  
EPaxosMRV n = 5 f = 0 c = 32  | wait condition delay: (empty)
EPaxosMRV n = 5 f = 0 c = 32  | commit latency      : (empty)
EPaxosMRV n = 5 f = 0 c = 32  | execution latency   : avg=168   std=85    p95=375   p99=505   p99.9=583   p99.99=676   min=78    max=752  
EPaxosMRV n = 5 f = 0 c = 32  | execution delay     : avg=9     std=39    p95=69    p99=219   p99.9=321   p99.99=384   min=0     max=451  
EPaxosMRV n = 5 f = 0 c = 32  | fast path rate      : 93.4   
EPaxosMRV n = 5 f = 0 c = 32  | total orders        : 32000
EPaxosMRV n = 5 f = 0 c = 32  | throughput          : 1.0997
3:
  process metrics:
slow_path: 9352
fast_path_reads: 9161
fast_path: 93048
stable: 511998
slow_path_reads: 1022

  executor metrics:
execution_delay: avg=60    std=238   p95=462   p99=1314  p99.9=2116  p99.99=2350  min=0     max=2428 
chain_size: avg=1     std=11    p95=1     p99=1     p99.9=1     p99.99=229   min=1     max=2096 
out_requests: 0

4:
  process metrics:
fast_path_reads: 9253
stable: 511998
slow_path: 9023
fast_path: 93377
slow_path_reads: 1124

  executor metrics:
chain_size: avg=1     std=11    p95=1     p99=1     p99.9=1     p99.99=229   min=1     max=2096 
execution_delay: avg=60    std=242   p95=465   p99=1349  p99.9=2134  p99.99=2368  min=0     max=2524 
out_requests: 0

5:
  process metrics:
slow_path_reads: 997
fast_path_reads: 9097
fast_path: 93558
slow_path: 8842
stable: 511998

  executor metrics:
chain_size: avg=1     std=11    p95=1     p99=1     p99.9=1     p99.99=229   min=1     max=2096 
execution_delay: avg=63    std=247   p95=488   p99=1360  p99.9=2162  p99.99=2410  min=0     max=2592 
out_requests: 0

2:
  process metrics:
fast_path: 93699
fast_path_reads: 9286
slow_path: 8701
slow_path_reads: 991
stable: 511998

  executor metrics:
chain_size: avg=1     std=11    p95=1     p99=1     p99.9=1     p99.99=229   min=1     max=2096 
execution_delay: avg=58    std=236   p95=447   p99=1315  p99.9=2105  p99.99=2326  min=0     max=2466 
out_requests: 0

1:
  process metrics:
fast_path: 93223
slow_path_reads: 1026
stable: 511998
fast_path_reads: 9407
slow_path: 9177

  executor metrics:
execution_delay: avg=58    std=236   p95=448   p99=1319  p99.9=2108  p99.99=2326  min=0     max=2471 
chain_size: avg=1     std=11    p95=1     p99=1     p99.9=1     p99.99=229   min=1     max=2096 
out_requests: 0

region = ap-southeast-1 | avg=260   std=268   p95=754   p99=1598  p99.9=2412  p99.99=2708  min=186   max=2728 
region = us-west-1      | avg=218   std=282   p95=764   p99=1678  p99.9=2398  p99.99=2606  min=140   max=2606 
region = sa-east-1      | avg=259   std=275   p95=784   p99=1644  p99.9=2456  p99.99=2774  min=182   max=2782 
region = eu-west-1      | avg=217   std=280   p95=744   p99=1665  p99.9=2388  p99.99=2606  min=140   max=2624 
region = ca-central-1   | avg=169   std=313   p95=862   p99=1742  p99.9=2430  p99.99=2602  min=78    max=2632 
EPaxosMRV n = 5 f = 0 c = 512 | wait condition delay: (empty)
EPaxosMRV n = 5 f = 0 c = 512 | commit latency      : (empty)
EPaxosMRV n = 5 f = 0 c = 512 | execution latency   : avg=225   std=286   p95=786   p99=1662  p99.9=2422  p99.99=2614  min=78    max=2782 
EPaxosMRV n = 5 f = 0 c = 512 | execution delay     : avg=60    std=240   p95=459   p99=1331  p99.9=2120  p99.99=2366  min=0     max=2592 
EPaxosMRV n = 5 f = 0 c = 512 | fast path rate      : 91.2   
EPaxosMRV n = 5 f = 0 c = 512 | total orders        : 512000
EPaxosMRV n = 5 f = 0 c = 512 | throughput          : 0.4220
4:
  process metrics:
slow_path: 16927
slow_path_reads: 2048
fast_path: 187873
fast_path_reads: 18167
stable: 1023996

  executor metrics:
chain_size: avg=1     std=17    p95=1     p99=1     p99.9=1     p99.99=93    min=1     max=4601 
execution_delay: avg=96    std=394   p95=661   p99=2306  p99.9=3073  p99.99=3362  min=0     max=3520 
out_requests: 0

2:
  process metrics:
stable: 1023995
fast_path: 187181
slow_path_reads: 1991
fast_path_reads: 18434
slow_path: 17619

  executor metrics:
execution_delay: avg=94    std=390   p95=624   p99=2278  p99.9=3031  p99.99=3307  min=0     max=3465 
chain_size: avg=1     std=17    p95=1     p99=1     p99.9=1     p99.99=93    min=1     max=4601 
out_requests: 0

1:
  process metrics:
slow_path: 18565
stable: 1023995
fast_path: 186235
fast_path_reads: 18465
slow_path_reads: 1970

  executor metrics:
execution_delay: avg=94    std=390   p95=630   p99=2281  p99.9=3031  p99.99=3309  min=0     max=3467 
chain_size: avg=1     std=17    p95=1     p99=1     p99.9=1     p99.99=93    min=1     max=4601 
out_requests: 0

3:
  process metrics:
slow_path: 17973
fast_path: 186827
slow_path_reads: 2054
fast_path_reads: 18485
stable: 1023995

  executor metrics:
execution_delay: avg=97    std=396   p95=672   p99=2328  p99.9=3084  p99.99=3314  min=0     max=3500 
chain_size: avg=1     std=17    p95=1     p99=1     p99.9=1     p99.99=93    min=1     max=4601 
out_requests: 0

5:
  process metrics:
slow_path_reads: 1968
fast_path_reads: 18551
slow_path: 16623
fast_path: 188177
stable: 1023997

  executor metrics:
chain_size: avg=1     std=17    p95=1     p99=1     p99.9=1     p99.99=93    min=1     max=4601 
execution_delay: avg=98    std=399   p95=694   p99=2346  p99.9=3087  p99.99=3360  min=0     max=3518 
out_requests: 0

region = ap-southeast-1 | avg=297   std=419   p95=955   p99=2594  p99.9=3355  p99.99=3686  min=186   max=3712 
region = sa-east-1      | avg=293   std=419   p95=952   p99=2574  p99.9=3401  p99.99=3688  min=182   max=3704 
region = eu-west-1      | avg=253   std=430   p95=1008  p99=2558  p99.9=3378  p99.99=3522  min=140   max=3550 
region = us-west-1      | avg=254   std=432   p95=1002  p99=2574  p99.9=3297  p99.99=3538  min=140   max=3547 
region = ca-central-1   | avg=206   std=478   p95=1117  p99=2763  p99.9=3440  p99.99=3598  min=78    max=3598 
EPaxosMRV n = 5 f = 0 c = 1024 | wait condition delay: (empty)
EPaxosMRV n = 5 f = 0 c = 1024 | commit latency      : (empty)
EPaxosMRV n = 5 f = 0 c = 1024 | execution latency   : avg=260   std=437   p95=1002  p99=2623  p99.9=3378  p99.99=3646  min=78    max=3712 
EPaxosMRV n = 5 f = 0 c = 1024 | execution delay     : avg=96    std=394   p95=653   p99=2305  p99.9=3069  p99.99=3324  min=0     max=3520 
EPaxosMRV n = 5 f = 0 c = 1024 | fast path rate      : 91.4   
EPaxosMRV n = 5 f = 0 c = 1024 | total orders        : 1024000
EPaxosMRV n = 5 f = 0 c = 1024 | throughput          : 0.2374
CONFLICTS: 30
2:
  process metrics:
fast_path_reads: 433
slow_path: 1327
fast_path: 5073
slow_path_reads: 203
stable: 31998

  executor metrics:
execution_delay: avg=39    std=87    p95=241   p99=368   p99.9=522   p99.99=593   min=0     max=612  
chain_size: avg=1     std=3     p95=1     p99=4     p99.9=48    p99.99=84    min=1     max=95   
out_requests: 0

5:
  process metrics:
slow_path: 1301
slow_path_reads: 184
stable: 31998
fast_path_reads: 423
fast_path: 5099

  executor metrics:
chain_size: avg=1     std=3     p95=1     p99=4     p99.9=48    p99.99=84    min=1     max=95   
execution_delay: avg=48    std=100   p95=283   p99=400   p99.9=548   p99.99=600   min=0     max=686  
out_requests: 0

1:
  process metrics:
slow_path_reads: 196
slow_path: 1537
fast_path_reads: 482
fast_path: 4863
stable: 31998

  executor metrics:
execution_delay: avg=39    std=87    p95=239   p99=371   p99.9=522   p99.99=592   min=0     max=634  
chain_size: avg=1     std=3     p95=1     p99=4     p99.9=48    p99.99=84    min=1     max=95   
out_requests: 0

4:
  process metrics:
slow_path_reads: 185
stable: 31998
fast_path_reads: 434
slow_path: 1545
fast_path: 4855

  executor metrics:
execution_delay: avg=43    std=93    p95=264   p99=399   p99.9=536   p99.99=598   min=0     max=614  
chain_size: avg=1     std=3     p95=1     p99=4     p99.9=48    p99.99=84    min=1     max=95   
out_requests: 0

3:
  process metrics:
fast_path_reads: 436
fast_path: 4899
slow_path_reads: 199
slow_path: 1501
stable: 31998

  executor metrics:
execution_delay: avg=44    std=92    p95=254   p99=380   p99.9=534   p99.99=612   min=0     max=726  
chain_size: avg=1     std=3     p95=1     p99=4     p99.9=48    p99.99=84    min=1     max=95   
out_requests: 0

region = eu-west-1      | avg=224   std=139   p95=497   p99=607   p99.9=772   p99.99=791   min=140   max=805  
region = ap-southeast-1 | avg=283   std=159   p95=568   p99=725   p99.9=888   p99.99=912   min=186   max=912  
region = us-west-1      | avg=225   std=138   p95=488   p99=619   p99.9=728   p99.99=762   min=140   max=762  
region = sa-east-1      | avg=277   std=157   p95=568   p99=736   p99.9=817   p99.99=868   min=182   max=868  
region = ca-central-1   | avg=180   std=165   p95=506   p99=649   p99.9=744   p99.99=770   min=78    max=770  
EPaxosMRV n = 5 f = 0 c = 32  | wait condition delay: (empty)
EPaxosMRV n = 5 f = 0 c = 32  | commit latency      : (empty)
EPaxosMRV n = 5 f = 0 c = 32  | execution latency   : avg=238   std=157   p95=549   p99=702   p99.9=775   p99.99=896   min=78    max=912  
EPaxosMRV n = 5 f = 0 c = 32  | execution delay     : avg=43    std=92    p95=257   p99=384   p99.9=533   p99.99=600   min=0     max=726  
EPaxosMRV n = 5 f = 0 c = 32  | fast path rate      : 77.5   
EPaxosMRV n = 5 f = 0 c = 32  | total orders        : 32000
EPaxosMRV n = 5 f = 0 c = 32  | throughput          : 0.9166
3:
  process metrics:
slow_path: 24298
fast_path: 78102
fast_path_reads: 7149
slow_path_reads: 3081
stable: 511996

  executor metrics:
chain_size: avg=1     std=25    p95=1     p99=1     p99.9=4     p99.99=1657  min=1     max=2492 
execution_delay: avg=133   std=287   p95=880   p99=1240  p99.9=1545  p99.99=1786  min=0     max=1826 
out_requests: 0

5:
  process metrics:
fast_path_reads: 7266
slow_path: 26935
slow_path_reads: 3044
fast_path: 75465
stable: 511997

  executor metrics:
execution_delay: avg=140   std=296   p95=909   p99=1260  p99.9=1583  p99.99=1782  min=0     max=1860 
chain_size: avg=1     std=25    p95=1     p99=1     p99.9=4     p99.99=1657  min=1     max=2492 
out_requests: 0

1:
  process metrics:
fast_path: 76810
slow_path: 25590
fast_path_reads: 7331
stable: 511997
slow_path_reads: 3060

  executor metrics:
execution_delay: avg=127   std=281   p95=840   p99=1198  p99.9=1509  p99.99=1731  min=0     max=1809 
chain_size: avg=1     std=25    p95=1     p99=1     p99.9=4     p99.99=1657  min=1     max=2492 
out_requests: 0

4:
  process metrics:
slow_path: 23573
fast_path: 78827
fast_path_reads: 7226
slow_path_reads: 3000
stable: 511997

  executor metrics:
execution_delay: avg=133   std=289   p95=859   p99=1234  p99.9=1544  p99.99=1784  min=0     max=1862 
chain_size: avg=1     std=25    p95=1     p99=1     p99.9=4     p99.99=1657  min=1     max=2492 
out_requests: 0

2:
  process metrics:
slow_path_reads: 3086
fast_path: 72745
stable: 511997
slow_path: 29655
fast_path_reads: 7295

  executor metrics:
chain_size: avg=1     std=25    p95=1     p99=1     p99.9=4     p99.99=1657  min=1     max=2492 
execution_delay: avg=126   std=280   p95=840   p99=1199  p99.9=1494  p99.99=1725  min=0     max=1803 
out_requests: 0

region = ap-southeast-1 | avg=379   std=352   p95=1270  p99=1641  p99.9=1996  p99.99=2012  min=186   max=2012 
region = eu-west-1      | avg=317   std=334   p95=1137  p99=1492  p99.9=1751  p99.99=1910  min=140   max=1910 
region = ca-central-1   | avg=282   std=375   p95=1214  p99=1550  p99.9=1862  p99.99=1940  min=78    max=1956 
region = us-west-1      | avg=317   std=334   p95=1134  p99=1493  p99.9=1770  p99.99=1910  min=140   max=1910 
region = sa-east-1      | avg=377   std=356   p95=1282  p99=1644  p99.9=2008  p99.99=2040  min=182   max=2046 
EPaxosMRV n = 5 f = 0 c = 512 | wait condition delay: (empty)
EPaxosMRV n = 5 f = 0 c = 512 | commit latency      : (empty)
EPaxosMRV n = 5 f = 0 c = 512 | execution latency   : avg=335   std=352   p95=1193  p99=1519  p99.9=1849  p99.99=2018  min=78    max=2046 
EPaxosMRV n = 5 f = 0 c = 512 | execution delay     : avg=132   std=287   p95=867   p99=1228  p99.9=1542  p99.99=1731  min=0     max=1862 
EPaxosMRV n = 5 f = 0 c = 512 | fast path rate      : 74.6   
EPaxosMRV n = 5 f = 0 c = 512 | total orders        : 512000
EPaxosMRV n = 5 f = 0 c = 512 | throughput          : 0.2157
2:
  process metrics:
slow_path: 53843
fast_path_reads: 14094
fast_path: 150957
slow_path_reads: 6293
stable: 1023998

  executor metrics:
execution_delay: avg=165   std=364   p95=1120  p99=1511  p99.9=1740  p99.99=1837  min=0     max=1913 
chain_size: avg=1     std=36    p95=1     p99=1     p99.9=2     p99.99=1061  min=1     max=4984 
out_requests: 0

5:
  process metrics:
fast_path: 158691
fast_path_reads: 14747
slow_path_reads: 5987
stable: 1023998
slow_path: 46109

  executor metrics:
execution_delay: avg=179   std=378   p95=1148  p99=1556  p99.9=1800  p99.99=1880  min=0     max=1926 
chain_size: avg=1     std=36    p95=1     p99=1     p99.9=2     p99.99=1061  min=1     max=4984 
out_requests: 0

4:
  process metrics:
slow_path: 44445
fast_path: 160355
stable: 1023998
fast_path_reads: 14439
slow_path_reads: 5994

  executor metrics:
execution_delay: avg=172   std=371   p95=1141  p99=1537  p99.9=1774  p99.99=1882  min=0     max=1931 
chain_size: avg=1     std=36    p95=1     p99=1     p99.9=2     p99.99=1061  min=1     max=4984 
out_requests: 0

1:
  process metrics:
slow_path: 50891
slow_path_reads: 6083
fast_path_reads: 14320
stable: 1023998
fast_path: 153909

  executor metrics:
chain_size: avg=1     std=36    p95=1     p99=1     p99.9=2     p99.99=1061  min=1     max=4984 
execution_delay: avg=166   std=365   p95=1128  p99=1513  p99.9=1747  p99.99=1848  min=0     max=1926 
out_requests: 0

3:
  process metrics:
stable: 1023998
slow_path: 59339
fast_path_reads: 14362
slow_path_reads: 6150
fast_path: 145461

  executor metrics:
chain_size: avg=1     std=36    p95=1     p99=1     p99.9=2     p99.99=1061  min=1     max=4984 
execution_delay: avg=172   std=369   p95=1126  p99=1522  p99.9=1732  p99.99=1838  min=0     max=1922 
out_requests: 0

region = eu-west-1      | avg=357   std=421   p95=1423  p99=1804  p99.9=1951  p99.99=2027  min=140   max=2027 
region = ca-central-1   | avg=323   std=463   p95=1502  p99=1844  p99.9=1974  p99.99=2009  min=78    max=2016 
region = ap-southeast-1 | avg=414   std=426   p95=1466  p99=1872  p99.9=2070  p99.99=2108  min=186   max=2162 
region = us-west-1      | avg=359   std=422   p95=1428  p99=1804  p99.9=1944  p99.99=2020  min=140   max=2020 
region = sa-east-1      | avg=412   std=428   p95=1476  p99=1860  p99.9=2042  p99.99=2072  min=182   max=2142 
EPaxosMRV n = 5 f = 0 c = 1024 | wait condition delay: (empty)
EPaxosMRV n = 5 f = 0 c = 1024 | commit latency      : (empty)
EPaxosMRV n = 5 f = 0 c = 1024 | execution latency   : avg=373   std=434   p95=1467  p99=1844  p99.9=2030  p99.99=2108  min=78    max=2162 
EPaxosMRV n = 5 f = 0 c = 1024 | execution delay     : avg=171   std=369   p95=1132  p99=1528  p99.9=1756  p99.99=1858  min=0     max=1931 
EPaxosMRV n = 5 f = 0 c = 1024 | fast path rate      : 75.1   
EPaxosMRV n = 5 f = 0 c = 1024 | total orders        : 1024000
EPaxosMRV n = 5 f = 0 c = 1024 | throughput          : 0.1513
CONFLICTS: 50
3:
  process metrics:
fast_path: 3789
slow_path_reads: 318
fast_path_reads: 345
slow_path: 2611
stable: 31997

  executor metrics:
execution_delay: avg=75    std=114   p95=320   p99=459   p99.9=618   p99.99=724   min=0     max=740  
chain_size: avg=2     std=6     p95=1     p99=26    p99.9=93    p99.99=134   min=1     max=137  
out_requests: 0

5:
  process metrics:
stable: 31996
fast_path: 3961
slow_path: 2439
slow_path_reads: 287
fast_path_reads: 313

  executor metrics:
chain_size: avg=2     std=6     p95=1     p99=26    p99.9=93    p99.99=134   min=1     max=137  
execution_delay: avg=84    std=125   p95=346   p99=524   p99.9=680   p99.99=750   min=0     max=757  
out_requests: 0

2:
  process metrics:
fast_path: 4077
slow_path_reads: 310
slow_path: 2323
stable: 31997
fast_path_reads: 353

  executor metrics:
chain_size: avg=2     std=6     p95=1     p99=26    p99.9=93    p99.99=134   min=1     max=137  
execution_delay: avg=66    std=110   p95=296   p99=441   p99.9=618   p99.99=683   min=0     max=695  
out_requests: 0

4:
  process metrics:
fast_path: 3716
slow_path: 2684
fast_path_reads: 289
slow_path_reads: 342
stable: 31997

  executor metrics:
chain_size: avg=2     std=6     p95=1     p99=26    p99.9=93    p99.99=134   min=1     max=137  
execution_delay: avg=74    std=118   p95=316   p99=466   p99.9=648   p99.99=740   min=0     max=752  
out_requests: 0

1:
  process metrics:
stable: 31997
fast_path: 3787
fast_path_reads: 284
slow_path: 2613
slow_path_reads: 295

  executor metrics:
chain_size: avg=2     std=6     p95=1     p99=26    p99.9=93    p99.99=134   min=1     max=137  
execution_delay: avg=66    std=109   p95=292   p99=447   p99.9=603   p99.99=687   min=0     max=742  
out_requests: 0

region = ap-southeast-1 | avg=350   std=180   p95=617   p99=801   p99.9=926   p99.99=990   min=186   max=990  
region = ca-central-1   | avg=252   std=189   p95=558   p99=734   p99.9=838   p99.99=896   min=78    max=896  
region = eu-west-1      | avg=284   std=159   p95=550   p99=729   p99.9=846   p99.99=882   min=140   max=896  
region = sa-east-1      | avg=354   std=187   p95=637   p99=888   p99.9=939   p99.99=986   min=182   max=986  
region = us-west-1      | avg=285   std=159   p95=550   p99=722   p99.9=796   p99.99=898   min=140   max=898  
EPaxosMRV n = 5 f = 0 c = 32  | wait condition delay: (empty)
EPaxosMRV n = 5 f = 0 c = 32  | commit latency      : (empty)
EPaxosMRV n = 5 f = 0 c = 32  | execution latency   : avg=305   std=180   p95=576   p99=756   p99.9=926   p99.99=990   min=78    max=990  
EPaxosMRV n = 5 f = 0 c = 32  | execution delay     : avg=73    std=115   p95=316   p99=459   p99.9=635   p99.99=738   min=0     max=757  
EPaxosMRV n = 5 f = 0 c = 32  | fast path rate      : 60.4   
EPaxosMRV n = 5 f = 0 c = 32  | total orders        : 32000
EPaxosMRV n = 5 f = 0 c = 32  | throughput          : 0.7579
2:
  process metrics:
fast_path: 62151
stable: 511999
fast_path_reads: 5139
slow_path_reads: 5186
slow_path: 40249

  executor metrics:
chain_size: avg=2     std=38    p95=1     p99=1     p99.9=80    p99.99=2345  min=1     max=2518 
execution_delay: avg=156   std=242   p95=715   p99=913   p99.9=1091  p99.99=1192  min=0     max=1192 
out_requests: 0

3:
  process metrics:
slow_path: 40488
fast_path_reads: 5169
fast_path: 61912
stable: 511999
slow_path_reads: 5118

  executor metrics:
chain_size: avg=2     std=38    p95=1     p99=1     p99.9=80    p99.99=2345  min=1     max=2518 
execution_delay: avg=169   std=249   p95=728   p99=922   p99.9=1088  p99.99=1162  min=0     max=1274 
out_requests: 0

1:
  process metrics:
stable: 511999
slow_path: 40807
fast_path: 61593
slow_path_reads: 5082
fast_path_reads: 5210

  executor metrics:
chain_size: avg=2     std=38    p95=1     p99=1     p99.9=80    p99.99=2345  min=1     max=2518 
execution_delay: avg=156   std=242   p95=715   p99=915   p99.9=1097  p99.99=1167  min=0     max=1192 
out_requests: 0

5:
  process metrics:
fast_path: 63482
fast_path_reads: 5235
slow_path: 38918
slow_path_reads: 5204
stable: 511999

  executor metrics:
chain_size: avg=2     std=38    p95=1     p99=1     p99.9=80    p99.99=2345  min=1     max=2518 
execution_delay: avg=176   std=254   p95=747   p99=938   p99.9=1140  p99.99=1226  min=0     max=1298 
out_requests: 0

4:
  process metrics:
fast_path_reads: 5180
fast_path: 69215
stable: 511999
slow_path: 33185
slow_path_reads: 4892

  executor metrics:
chain_size: avg=2     std=38    p95=1     p99=1     p99.9=80    p99.99=2345  min=1     max=2518 
execution_delay: avg=165   std=248   p95=744   p99=937   p99.9=1142  p99.99=1178  min=0     max=1242 
out_requests: 0

region = eu-west-1      | avg=374   std=291   p95=976   p99=1156  p99.9=1332  p99.99=1367  min=140   max=1367 
region = ca-central-1   | avg=344   std=321   p95=977   p99=1178  p99.9=1306  p99.99=1316  min=78    max=1398 
region = us-west-1      | avg=375   std=292   p95=968   p99=1160  p99.9=1332  p99.99=1367  min=140   max=1367 
region = ap-southeast-1 | avg=454   std=318   p95=1100  p99=1290  p99.9=1454  p99.99=1464  min=186   max=1470 
region = sa-east-1      | avg=450   std=317   p95=1096  p99=1284  p99.9=1472  p99.99=1480  min=182   max=1488 
EPaxosMRV n = 5 f = 0 c = 512 | wait condition delay: (empty)
EPaxosMRV n = 5 f = 0 c = 512 | commit latency      : (empty)
EPaxosMRV n = 5 f = 0 c = 512 | execution latency   : avg=399   std=311   p95=1055  p99=1268  p99.9=1450  p99.99=1472  min=78    max=1488 
EPaxosMRV n = 5 f = 0 c = 512 | execution delay     : avg=164   std=247   p95=730   p99=926   p99.9=1107  p99.99=1177  min=0     max=1298 
EPaxosMRV n = 5 f = 0 c = 512 | fast path rate      : 62.2   
EPaxosMRV n = 5 f = 0 c = 512 | total orders        : 512000
EPaxosMRV n = 5 f = 0 c = 512 | throughput          : 0.1973
4:
  process metrics:
fast_path: 126834
fast_path_reads: 10188
slow_path: 77966
slow_path_reads: 10107
stable: 1023996

  executor metrics:
chain_size: avg=2     std=55    p95=1     p99=1     p99.9=20    p99.99=3742  min=1     max=5092 
execution_delay: avg=185   std=288   p95=826   p99=1080  p99.9=1284  p99.99=1424  min=0     max=1502 
out_requests: 0

5:
  process metrics:
fast_path: 127478
stable: 1023996
fast_path_reads: 10634
slow_path: 77322
slow_path_reads: 9985

  executor metrics:
chain_size: avg=2     std=55    p95=1     p99=1     p99.9=20    p99.99=3742  min=1     max=5092 
execution_delay: avg=197   std=296   p95=881   p99=1106  p99.9=1294  p99.99=1476  min=0     max=1500 
out_requests: 0

2:
  process metrics:
slow_path_reads: 10156
stable: 1023996
slow_path: 79470
fast_path: 125330
fast_path_reads: 10441

  executor metrics:
chain_size: avg=2     std=55    p95=1     p99=1     p99.9=20    p99.99=3742  min=1     max=5092 
execution_delay: avg=177   std=283   p95=817   p99=1067  p99.9=1232  p99.99=1365  min=0     max=1443 
out_requests: 0

1:
  process metrics:
slow_path_reads: 10093
stable: 1023996
fast_path: 125088
slow_path: 79712
fast_path_reads: 10265

  executor metrics:
chain_size: avg=2     std=55    p95=1     p99=1     p99.9=20    p99.99=3742  min=1     max=5092 
execution_delay: avg=177   std=282   p95=812   p99=1068  p99.9=1238  p99.99=1378  min=0     max=1449 
out_requests: 0

3:
  process metrics:
fast_path_reads: 10095
slow_path_reads: 10144
slow_path: 99918
fast_path: 104882
stable: 1023996

  executor metrics:
chain_size: avg=2     std=55    p95=1     p99=1     p99.9=20    p99.99=3742  min=1     max=5092 
execution_delay: avg=187   std=285   p95=845   p99=1070  p99.9=1256  p99.99=1344  min=0     max=1442 
out_requests: 0

region = eu-west-1      | avg=400   std=334   p95=1112  p99=1313  p99.9=1518  p99.99=1518  min=140   max=1543 
region = sa-east-1      | avg=472   std=354   p95=1280  p99=1464  p99.9=1658  p99.99=1658  min=182   max=1658 
region = ap-southeast-1 | avg=470   std=348   p95=1269  p99=1468  p99.9=1628  p99.99=1628  min=186   max=1628 
region = ca-central-1   | avg=373   std=370   p95=1125  p99=1310  p99.9=1580  p99.99=1580  min=78    max=1580 
region = us-west-1      | avg=401   std=336   p95=1120  p99=1316  p99.9=1512  p99.99=1512  min=140   max=1554 
EPaxosMRV n = 5 f = 0 c = 1024 | wait condition delay: (empty)
EPaxosMRV n = 5 f = 0 c = 1024 | commit latency      : (empty)
EPaxosMRV n = 5 f = 0 c = 1024 | execution latency   : avg=423   std=351   p95=1144  p99=1352  p99.9=1580  p99.99=1658  min=78    max=1658 
EPaxosMRV n = 5 f = 0 c = 1024 | execution delay     : avg=184   std=287   p95=840   p99=1077  p99.9=1270  p99.99=1424  min=0     max=1502 
EPaxosMRV n = 5 f = 0 c = 1024 | fast path rate      : 59.5   
EPaxosMRV n = 5 f = 0 c = 1024 | total orders        : 1024000
EPaxosMRV n = 5 f = 0 c = 1024 | throughput          : 0.1322
CONFLICTS: 60
5:
  process metrics:
fast_path: 3436
stable: 31998
fast_path_reads: 255
slow_path: 2964
slow_path_reads: 374

  executor metrics:
execution_delay: avg=86    std=113   p95=324   p99=412   p99.9=566   p99.99=634   min=0     max=710  
chain_size: avg=2     std=7     p95=1     p99=39    p99.9=102   p99.99=133   min=1     max=140  
out_requests: 0

2:
  process metrics:
slow_path_reads: 375
slow_path: 2992
fast_path: 3408
fast_path_reads: 265
stable: 31998

  executor metrics:
chain_size: avg=2     std=7     p95=1     p99=39    p99.9=102   p99.99=133   min=1     max=140  
execution_delay: avg=64    std=97    p95=260   p99=386   p99.9=553   p99.99=594   min=0     max=654  
out_requests: 0

4:
  process metrics:
fast_path_reads: 259
fast_path: 3057
slow_path_reads: 377
slow_path: 3343
stable: 31998

  executor metrics:
chain_size: avg=2     std=7     p95=1     p99=39    p99.9=102   p99.99=133   min=1     max=140  
execution_delay: avg=74    std=105   p95=282   p99=408   p99.9=564   p99.99=636   min=0     max=666  
out_requests: 0

3:
  process metrics:
fast_path_reads: 265
stable: 31998
fast_path: 3084
slow_path_reads: 390
slow_path: 3316

  executor metrics:
execution_delay: avg=76    std=102   p95=279   p99=389   p99.9=560   p99.99=590   min=0     max=638  
chain_size: avg=2     std=7     p95=1     p99=39    p99.9=102   p99.99=133   min=1     max=140  
out_requests: 0

1:
  process metrics:
slow_path: 3209
fast_path_reads: 257
stable: 31998
fast_path: 3191
slow_path_reads: 404

  executor metrics:
execution_delay: avg=66    std=98    p95=261   p99=385   p99.9=558   p99.99=627   min=0     max=630  
chain_size: avg=2     std=7     p95=1     p99=39    p99.9=102   p99.99=133   min=1     max=140  
out_requests: 0

region = eu-west-1      | avg=302   std=145   p95=536   p99=627   p99.9=796   p99.99=838   min=140   max=856  
region = sa-east-1      | avg=378   std=175   p95=580   p99=744   p99.9=930   p99.99=930   min=182   max=930  
region = ap-southeast-1 | avg=379   std=174   p95=579   p99=740   p99.9=932   p99.99=936   min=186   max=936  
region = ca-central-1   | avg=268   std=170   p95=536   p99=624   p99.9=744   p99.99=746   min=78    max=746  
region = us-west-1      | avg=300   std=146   p95=538   p99=652   p99.9=796   p99.99=802   min=140   max=802  
EPaxosMRV n = 5 f = 0 c = 32  | wait condition delay: (empty)
EPaxosMRV n = 5 f = 0 c = 32  | commit latency      : (empty)
EPaxosMRV n = 5 f = 0 c = 32  | execution latency   : avg=325   std=169   p95=561   p99=720   p99.9=892   p99.99=936   min=78    max=936  
EPaxosMRV n = 5 f = 0 c = 32  | execution delay     : avg=73    std=104   p95=280   p99=400   p99.9=562   p99.99=627   min=0     max=710  
EPaxosMRV n = 5 f = 0 c = 32  | fast path rate      : 50.5   
EPaxosMRV n = 5 f = 0 c = 32  | total orders        : 32000
EPaxosMRV n = 5 f = 0 c = 32  | throughput          : 0.7370
4:
  process metrics:
slow_path: 40722
slow_path_reads: 6011
fast_path_reads: 4297
fast_path: 61678
stable: 511994

  executor metrics:
chain_size: avg=2     std=43    p95=1     p99=2     p99.9=406   p99.99=2399  min=1     max=2526 
execution_delay: avg=152   std=208   p95=613   p99=795   p99.9=942   p99.99=1018  min=0     max=1061 
out_requests: 0

5:
  process metrics:
fast_path_reads: 4142
slow_path: 49012
slow_path_reads: 6058
stable: 511991
fast_path: 53388

  executor metrics:
execution_delay: avg=167   std=215   p95=630   p99=815   p99.9=942   p99.99=1016  min=0     max=1113 
chain_size: avg=2     std=43    p95=1     p99=2     p99.9=406   p99.99=2399  min=1     max=2526 
out_requests: 0

2:
  process metrics:
fast_path: 56630
slow_path_reads: 6094
fast_path_reads: 4118
slow_path: 45770
stable: 511994

  executor metrics:
chain_size: avg=2     std=43    p95=1     p99=2     p99.9=406   p99.99=2399  min=1     max=2526 
execution_delay: avg=140   std=199   p95=580   p99=762   p99.9=911   p99.99=984   min=0     max=1038 
out_requests: 0

3:
  process metrics:
fast_path: 51342
slow_path: 51058
stable: 511994
fast_path_reads: 4075
slow_path_reads: 5952

  executor metrics:
chain_size: avg=2     std=43    p95=1     p99=2     p99.9=406   p99.99=2399  min=1     max=2526 
execution_delay: avg=155   std=203   p95=597   p99=765   p99.9=912   p99.99=958   min=0     max=1079 
out_requests: 0

1:
  process metrics:
stable: 511994
slow_path: 48596
fast_path_reads: 4065
fast_path: 53804
slow_path_reads: 6057

  executor metrics:
chain_size: avg=2     std=43    p95=1     p99=2     p99.9=406   p99.99=2399  min=1     max=2526 
execution_delay: avg=140   std=199   p95=579   p99=764   p99.9=911   p99.99=1022  min=0     max=1037 
out_requests: 0

region = eu-west-1      | avg=375   std=239   p95=877   p99=1001  p99.9=1162  p99.99=1162  min=140   max=1162 
region = ap-southeast-1 | avg=459   std=262   p95=928   p99=1100  p99.9=1265  p99.99=1275  min=186   max=1275 
region = ca-central-1   | avg=353   std=272   p95=907   p99=1020  p99.9=1108  p99.99=1139  min=78    max=1139 
region = us-west-1      | avg=376   std=240   p95=875   p99=996   p99.9=1165  p99.99=1165  min=140   max=1165 
region = sa-east-1      | avg=461   std=269   p95=994   p99=1114  p99.9=1295  p99.99=1295  min=182   max=1295 
EPaxosMRV n = 5 f = 0 c = 512 | wait condition delay: (empty)
EPaxosMRV n = 5 f = 0 c = 512 | commit latency      : (empty)
EPaxosMRV n = 5 f = 0 c = 512 | execution latency   : avg=405   std=261   p95=913   p99=1098  p99.9=1264  p99.99=1295  min=78    max=1295 
EPaxosMRV n = 5 f = 0 c = 512 | execution delay     : avg=151   std=205   p95=601   p99=777   p99.9=937   p99.99=1018  min=0     max=1113 
EPaxosMRV n = 5 f = 0 c = 512 | fast path rate      : 54.1   
EPaxosMRV n = 5 f = 0 c = 512 | total orders        : 512000
EPaxosMRV n = 5 f = 0 c = 512 | throughput          : 0.2260
5:
  process metrics:
slow_path_reads: 12223
stable: 1023997
fast_path_reads: 8397
slow_path: 110233
fast_path: 94567

  executor metrics:
chain_size: avg=2     std=67    p95=1     p99=1     p99.9=49    p99.99=4608  min=1     max=5094 
execution_delay: avg=197   std=259   p95=750   p99=930   p99.9=1110  p99.99=1152  min=0     max=1152 
out_requests: 0

1:
  process metrics:
fast_path: 109418
slow_path: 95382
fast_path_reads: 8470
slow_path_reads: 12110
stable: 1023997

  executor metrics:
execution_delay: avg=174   std=248   p95=742   p99=885   p99.9=1061  p99.99=1118  min=0     max=1134 
chain_size: avg=2     std=67    p95=1     p99=1     p99.9=49    p99.99=4608  min=1     max=5094 
out_requests: 0

3:
  process metrics:
fast_path_reads: 8191
fast_path: 85004
slow_path_reads: 12324
slow_path: 119796
stable: 1023997

  executor metrics:
chain_size: avg=2     std=67    p95=1     p99=1     p99.9=49    p99.99=4608  min=1     max=5094 
execution_delay: avg=187   std=250   p95=732   p99=904   p99.9=1054  p99.99=1076  min=0     max=1120 
out_requests: 0

2:
  process metrics:
slow_path_reads: 12330
slow_path: 117091
stable: 1023997
fast_path_reads: 8184
fast_path: 87709

  executor metrics:
execution_delay: avg=172   std=244   p95=733   p99=877   p99.9=1055  p99.99=1095  min=0     max=1127 
chain_size: avg=2     std=67    p95=1     p99=1     p99.9=49    p99.99=4608  min=1     max=5094 
out_requests: 0

4:
  process metrics:
slow_path: 74053
fast_path_reads: 8713
slow_path_reads: 11559
fast_path: 130747
stable: 1023997

  executor metrics:
chain_size: avg=2     std=67    p95=1     p99=1     p99.9=49    p99.99=4608  min=1     max=5094 
execution_delay: avg=184   std=253   p95=748   p99=912   p99.9=1112  p99.99=1154  min=0     max=1154 
out_requests: 0

region = sa-east-1      | avg=504   std=325   p95=1116  p99=1282  p99.9=1310  p99.99=1316  min=182   max=1330 
region = us-west-1      | avg=413   std=289   p95=977   p99=1138  p99.9=1186  p99.99=1217  min=140   max=1217 
region = eu-west-1      | avg=413   std=291   p95=977   p99=1143  p99.9=1194  p99.99=1231  min=140   max=1245 
region = ap-southeast-1 | avg=505   std=323   p95=1106  p99=1278  p99.9=1295  p99.99=1312  min=186   max=1312 
region = ca-central-1   | avg=390   std=322   p95=1014  p99=1192  p99.9=1232  p99.99=1256  min=78    max=1258 
EPaxosMRV n = 5 f = 0 c = 1024 | wait condition delay: (empty)
EPaxosMRV n = 5 f = 0 c = 1024 | commit latency      : (empty)
EPaxosMRV n = 5 f = 0 c = 1024 | execution latency   : avg=445   std=314   p95=1092  p99=1276  p99.9=1310  p99.99=1310  min=78    max=1330 
EPaxosMRV n = 5 f = 0 c = 1024 | execution delay     : avg=183   std=251   p95=744   p99=906   p99.9=1070  p99.99=1124  min=0     max=1154 
EPaxosMRV n = 5 f = 0 c = 1024 | fast path rate      : 49.6   
EPaxosMRV n = 5 f = 0 c = 1024 | total orders        : 1024000
EPaxosMRV n = 5 f = 0 c = 1024 | throughput          : 0.1452
CONFLICTS: 70
1:
  process metrics:
stable: 31999
slow_path: 3973
fast_path: 2427
slow_path_reads: 471
fast_path_reads: 180

  executor metrics:
execution_delay: avg=70    std=94    p95=252   p99=351   p99.9=513   p99.99=584   min=0     max=593  
chain_size: avg=2     std=8     p95=2     p99=52    p99.9=101   p99.99=132   min=1     max=146  
out_requests: 0

4:
  process metrics:
fast_path: 2417
fast_path_reads: 212
slow_path_reads: 440
slow_path: 3983
stable: 31999

  executor metrics:
execution_delay: avg=82    std=103   p95=286   p99=400   p99.9=544   p99.99=622   min=0     max=646  
chain_size: avg=2     std=8     p95=2     p99=52    p99.9=101   p99.99=132   min=1     max=146  
out_requests: 0

3:
  process metrics:
slow_path: 3790
slow_path_reads: 450
fast_path: 2610
stable: 31999
fast_path_reads: 182

  executor metrics:
chain_size: avg=2     std=8     p95=2     p99=52    p99.9=101   p99.99=132   min=1     max=146  
execution_delay: avg=81    std=95    p95=257   p99=364   p99.9=475   p99.99=568   min=0     max=590  
out_requests: 0

5:
  process metrics:
fast_path_reads: 204
slow_path_reads: 453
fast_path: 2703
stable: 31999
slow_path: 3697

  executor metrics:
chain_size: avg=2     std=8     p95=2     p99=52    p99.9=101   p99.99=132   min=1     max=146  
execution_delay: avg=96    std=110   p95=311   p99=399   p99.9=544   p99.99=620   min=0     max=722  
out_requests: 0

2:
  process metrics:
slow_path_reads: 440
fast_path: 2807
fast_path_reads: 208
stable: 31999
slow_path: 3593

  executor metrics:
execution_delay: avg=70    std=94    p95=258   p99=365   p99.9=488   p99.99=563   min=0     max=587  
chain_size: avg=2     std=8     p95=2     p99=52    p99.9=101   p99.99=132   min=1     max=146  
out_requests: 0

region = eu-west-1      | avg=326   std=130   p95=509   p99=587   p99.9=769   p99.99=795   min=140   max=810  
region = ca-central-1   | avg=300   std=157   p95=528   p99=590   p99.9=730   p99.99=778   min=78    max=778  
region = us-west-1      | avg=322   std=132   p95=507   p99=592   p99.9=730   p99.99=768   min=140   max=796  
region = ap-southeast-1 | avg=407   std=160   p95=575   p99=732   p99.9=904   p99.99=908   min=186   max=908  
region = sa-east-1      | avg=407   std=164   p95=579   p99=714   p99.9=904   p99.99=908   min=182   max=910  
EPaxosMRV n = 5 f = 0 c = 32  | wait condition delay: (empty)
EPaxosMRV n = 5 f = 0 c = 32  | commit latency      : (empty)
EPaxosMRV n = 5 f = 0 c = 32  | execution latency   : avg=352   std=156   p95=558   p99=695   p99.9=780   p99.99=908   min=78    max=910  
EPaxosMRV n = 5 f = 0 c = 32  | execution delay     : avg=80    std=100   p95=275   p99=377   p99.9=517   p99.99=595   min=0     max=722  
EPaxosMRV n = 5 f = 0 c = 32  | fast path rate      : 40.5   
EPaxosMRV n = 5 f = 0 c = 32  | total orders        : 32000
EPaxosMRV n = 5 f = 0 c = 32  | throughput          : 0.7090
1:
  process metrics:
fast_path: 48732
stable: 511999
fast_path_reads: 3186
slow_path: 53668
slow_path_reads: 7107

  executor metrics:
chain_size: avg=3     std=47    p95=1     p99=5     p99.9=671   p99.99=2425  min=1     max=2530 
execution_delay: avg=121   std=158   p95=442   p99=669   p99.9=788   p99.99=832   min=0     max=875  
out_requests: 0

2:
  process metrics:
stable: 511999
fast_path_reads: 3037
fast_path: 32406
slow_path: 69994
slow_path_reads: 7108

  executor metrics:
chain_size: avg=3     std=47    p95=1     p99=5     p99.9=671   p99.99=2425  min=1     max=2530 
execution_delay: avg=121   std=155   p95=442   p99=671   p99.9=774   p99.99=833   min=0     max=869  
out_requests: 0

4:
  process metrics:
fast_path_reads: 3188
slow_path: 50093
stable: 511999
fast_path: 52307
slow_path_reads: 7034

  executor metrics:
execution_delay: avg=135   std=163   p95=472   p99=674   p99.9=829   p99.99=884   min=0     max=928  
chain_size: avg=3     std=47    p95=1     p99=5     p99.9=671   p99.99=2425  min=1     max=2530 
out_requests: 0

5:
  process metrics:
fast_path_reads: 3109
slow_path_reads: 7058
fast_path: 41863
stable: 511998
slow_path: 60537

  executor metrics:
chain_size: avg=3     std=47    p95=1     p99=5     p99.9=671   p99.99=2425  min=1     max=2530 
execution_delay: avg=150   std=167   p95=492   p99=698   p99.9=866   p99.99=922   min=0     max=926  
out_requests: 0

3:
  process metrics:
stable: 511999
slow_path_reads: 7081
fast_path: 41617
slow_path: 60783
fast_path_reads: 2972

  executor metrics:
execution_delay: avg=142   std=163   p95=512   p99=706   p99.9=873   p99.99=899   min=0     max=912  
chain_size: avg=3     std=47    p95=1     p99=5     p99.9=671   p99.99=2425  min=1     max=2530 
out_requests: 0

region = ap-southeast-1 | avg=479   std=222   p95=906   p99=1078  p99.9=1089  p99.99=1106  min=186   max=1110 
region = eu-west-1      | avg=374   std=187   p95=735   p99=914   p99.9=970   p99.99=1003  min=140   max=1003 
region = us-west-1      | avg=374   std=187   p95=740   p99=907   p99.9=970   p99.99=996   min=140   max=997  
region = ca-central-1   | avg=357   std=216   p95=736   p99=907   p99.9=966   p99.99=1054  min=78    max=1054 
region = sa-east-1      | avg=474   std=220   p95=908   p99=1084  p99.9=1104  p99.99=1106  min=182   max=1106 
EPaxosMRV n = 5 f = 0 c = 512 | wait condition delay: (empty)
EPaxosMRV n = 5 f = 0 c = 512 | commit latency      : (empty)
EPaxosMRV n = 5 f = 0 c = 512 | execution latency   : avg=411   std=214   p95=778   p99=947   p99.9=1093  p99.99=1106  min=78    max=1110 
EPaxosMRV n = 5 f = 0 c = 512 | execution delay     : avg=134   std=162   p95=472   p99=682   p99.9=829   p99.99=902   min=0     max=928  
EPaxosMRV n = 5 f = 0 c = 512 | fast path rate      : 42.4   
EPaxosMRV n = 5 f = 0 c = 512 | total orders        : 512000
EPaxosMRV n = 5 f = 0 c = 512 | throughput          : 0.3401
4:
  process metrics:
slow_path: 83920
slow_path_reads: 13553
fast_path_reads: 6834
stable: 1023998
fast_path: 120880

  executor metrics:
chain_size: avg=3     std=82    p95=1     p99=2     p99.9=211   p99.99=4875  min=1     max=5089 
execution_delay: avg=175   std=212   p95=612   p99=776   p99.9=895   p99.99=973   min=0     max=983  
out_requests: 0

3:
  process metrics:
slow_path: 140168
slow_path_reads: 14305
stable: 1023998
fast_path: 64632
fast_path_reads: 6230

  executor metrics:
chain_size: avg=3     std=82    p95=1     p99=2     p99.9=211   p99.99=4875  min=1     max=5089 
execution_delay: avg=179   std=207   p95=604   p99=742   p99.9=872   p99.99=932   min=0     max=1066 
out_requests: 0

5:
  process metrics:
stable: 1023998
slow_path: 110209
fast_path: 94591
slow_path_reads: 13999
fast_path_reads: 6460

  executor metrics:
chain_size: avg=3     std=82    p95=1     p99=2     p99.9=211   p99.99=4875  min=1     max=5089 
execution_delay: avg=191   std=219   p95=645   p99=778   p99.9=928   p99.99=971   min=0     max=1009 
out_requests: 0

2:
  process metrics:
fast_path: 64175
fast_path_reads: 6174
slow_path_reads: 14334
slow_path: 140625
stable: 1023998

  executor metrics:
chain_size: avg=3     std=82    p95=1     p99=2     p99.9=211   p99.99=4875  min=1     max=5089 
execution_delay: avg=162   std=203   p95=578   p99=739   p99.9=869   p99.99=925   min=0     max=973  
out_requests: 0

1:
  process metrics:
fast_path_reads: 6505
fast_path: 95459
slow_path: 109341
stable: 1023998
slow_path_reads: 14112

  executor metrics:
execution_delay: avg=162   std=205   p95=585   p99=767   p99.9=873   p99.99=934   min=0     max=979  
chain_size: avg=3     std=82    p95=1     p99=2     p99.9=211   p99.99=4875  min=1     max=5089 
out_requests: 0

region = ap-southeast-1 | avg=519   std=271   p95=1084  p99=1101  p99.9=1135  p99.99=1252  min=186   max=1276 
region = ca-central-1   | avg=394   std=263   p95=900   p99=1012  p99.9=1051  p99.99=1081  min=78    max=1139 
region = sa-east-1      | avg=519   std=272   p95=1082  p99=1104  p99.9=1136  p99.99=1191  min=182   max=1237 
region = eu-west-1      | avg=415   std=237   p95=873   p99=980   p99.9=1074  p99.99=1119  min=140   max=1119 
region = us-west-1      | avg=415   std=237   p95=872   p99=983   p99.9=1091  p99.99=1120  min=140   max=1120 
EPaxosMRV n = 5 f = 0 c = 1024 | wait condition delay: (empty)
EPaxosMRV n = 5 f = 0 c = 1024 | commit latency      : (empty)
EPaxosMRV n = 5 f = 0 c = 1024 | execution latency   : avg=452   std=262   p95=923   p99=1094  p99.9=1135  p99.99=1191  min=78    max=1276 
EPaxosMRV n = 5 f = 0 c = 1024 | execution delay     : avg=174   std=209   p95=601   p99=764   p99.9=895   p99.99=954   min=0     max=1066 
EPaxosMRV n = 5 f = 0 c = 1024 | fast path rate      : 42.9   
EPaxosMRV n = 5 f = 0 c = 1024 | total orders        : 1024000
EPaxosMRV n = 5 f = 0 c = 1024 | throughput          : 0.1627
CONFLICTS: 80
3:
  process metrics:
fast_path: 2104
stable: 31998
slow_path: 4296
slow_path_reads: 517
fast_path_reads: 144

  executor metrics:
chain_size: avg=3     std=10    p95=4     p99=60    p99.9=103   p99.99=129   min=1     max=136  
execution_delay: avg=89    std=94    p95=265   p99=359   p99.9=455   p99.99=550   min=0     max=572  
out_requests: 0

5:
  process metrics:
stable: 31998
fast_path_reads: 105
slow_path_reads: 493
slow_path: 4205
fast_path: 2195

  executor metrics:
execution_delay: avg=106   std=106   p95=302   p99=385   p99.9=455   p99.99=535   min=0     max=575  
chain_size: avg=3     std=10    p95=4     p99=60    p99.9=103   p99.99=129   min=1     max=136  
out_requests: 0

2:
  process metrics:
slow_path_reads: 469
fast_path_reads: 119
fast_path: 2365
slow_path: 4035
stable: 31998

  executor metrics:
execution_delay: avg=81    std=95    p95=264   p99=350   p99.9=414   p99.99=476   min=0     max=476  
chain_size: avg=3     std=10    p95=4     p99=60    p99.9=103   p99.99=129   min=1     max=136  
out_requests: 0

4:
  process metrics:
fast_path_reads: 133
stable: 31998
fast_path: 1718
slow_path: 4682
slow_path_reads: 507

  executor metrics:
execution_delay: avg=91    std=102   p95=288   p99=377   p99.9=447   p99.99=494   min=0     max=527  
chain_size: avg=3     std=10    p95=4     p99=60    p99.9=103   p99.99=129   min=1     max=136  
out_requests: 0

1:
  process metrics:
fast_path: 1770
fast_path_reads: 125
slow_path: 4630
stable: 31998
slow_path_reads: 537

  executor metrics:
execution_delay: avg=81    std=94    p95=263   p99=337   p99.9=408   p99.99=473   min=0     max=474  
chain_size: avg=3     std=10    p95=4     p99=60    p99.9=103   p99.99=129   min=1     max=136  
out_requests: 0

region = ap-southeast-1 | avg=426   std=141   p95=589   p99=692   p99.9=758   p99.99=780   min=186   max=780  
region = sa-east-1      | avg=430   std=143   p95=590   p99=657   p99.9=740   p99.99=757   min=182   max=761  
region = ca-central-1   | avg=334   std=141   p95=504   p99=575   p99.9=603   p99.99=605   min=78    max=612  
region = us-west-1      | avg=351   std=117   p95=494   p99=575   p99.9=616   p99.99=644   min=140   max=659  
region = eu-west-1      | avg=354   std=115   p95=493   p99=572   p99.9=609   p99.99=612   min=140   max=622  
EPaxosMRV n = 5 f = 0 c = 32  | wait condition delay: (empty)
EPaxosMRV n = 5 f = 0 c = 32  | commit latency      : (empty)
EPaxosMRV n = 5 f = 0 c = 32  | execution latency   : avg=379   std=138   p95=561   p99=622   p99.9=738   p99.99=775   min=78    max=780  
EPaxosMRV n = 5 f = 0 c = 32  | execution delay     : avg=90    std=99    p95=278   p99=363   p99.9=447   p99.99=523   min=0     max=575  
EPaxosMRV n = 5 f = 0 c = 32  | fast path rate      : 31.7   
EPaxosMRV n = 5 f = 0 c = 32  | total orders        : 32000
EPaxosMRV n = 5 f = 0 c = 32  | throughput          : 0.6872
