POOL_SIZE: 1
CONFLICTS: 30
FPaxos     n = 5 f = 1 c = 32  | operations success  : 31931
FPaxos     n = 5 f = 1 c = 32  | operations failure  : 69
FPaxos     n = 5 f = 1 c = 32  | percentage of fail operations : 3200000.0
FPaxos     n = 5 f = 1 c = 32  | execution latency   : avg=188   std=71    p95=258   p99=258   p99.9=258   p99.99=258   min=72    max=258  
FPaxos     n = 5 f = 1 c = 32  | fast path rate      : 0.0    
FPaxos     n = 5 f = 1 c = 32  | total orders        : 32000
FPaxos     n = 5 f = 1 c = 32  | throughput          : 5328.9745
EPaxos     n = 5 f = 0 c = 32  | operations success  : 31934
EPaxos     n = 5 f = 0 c = 32  | operations failure  : 65
EPaxos     n = 5 f = 0 c = 32  | percentage of fail operations : 3199900.0
EPaxos     n = 5 f = 0 c = 32  | execution latency   : avg=268   std=213   p95=722   p99=966   p99.9=1147  p99.99=1286  min=78    max=1320 
EPaxos     n = 5 f = 0 c = 32  | execution delay     : avg=68    std=147   p95=394   p99=677   p99.9=893   p99.99=989   min=0     max=1106 
EPaxos     n = 5 f = 0 c = 32  | fast path rate      : 75.5   
EPaxos     n = 5 f = 0 c = 32  | total orders        : 32000
EPaxos     n = 5 f = 0 c = 32  | throughput          : 1383.8198
EPaxosMRV  n = 5 f = 0 c = 32  | operations success  : 31931
EPaxosMRV  n = 5 f = 0 c = 32  | operations failure  : 68
EPaxosMRV  n = 5 f = 0 c = 32  | percentage of fail operations : 3199900.0
EPaxosMRV  n = 5 f = 0 c = 32  | execution latency   : avg=244   std=184   p95=592   p99=885   p99.9=1112  p99.99=1150  min=78    max=1243 
EPaxosMRV  n = 5 f = 0 c = 32  | execution delay     : avg=49    std=117   p95=299   p99=566   p99.9=819   p99.99=930   min=0     max=972  
EPaxosMRV  n = 5 f = 0 c = 32  | fast path rate      : 77.3   
EPaxosMRV  n = 5 f = 0 c = 32  | total orders        : 32000
EPaxosMRV  n = 5 f = 0 c = 32  | throughput          : 1171.8955
CONFLICTS: 50
FPaxos     n = 5 f = 1 c = 32  | operations success  : 31927
FPaxos     n = 5 f = 1 c = 32  | operations failure  : 73
FPaxos     n = 5 f = 1 c = 32  | percentage of fail operations : 3200000.0
FPaxos     n = 5 f = 1 c = 32  | execution latency   : avg=188   std=71    p95=258   p99=258   p99.9=258   p99.99=258   min=72    max=258  
FPaxos     n = 5 f = 1 c = 32  | fast path rate      : 0.0    
FPaxos     n = 5 f = 1 c = 32  | total orders        : 32000
FPaxos     n = 5 f = 1 c = 32  | throughput          : 3121.4666
EPaxos     n = 5 f = 0 c = 32  | operations success  : 31924
EPaxos     n = 5 f = 0 c = 32  | operations failure  : 75
EPaxos     n = 5 f = 0 c = 32  | percentage of fail operations : 3199900.0
EPaxos     n = 5 f = 0 c = 32  | execution latency   : avg=334   std=222   p95=736   p99=930   p99.9=1117  p99.99=1286  min=78    max=1286 
EPaxos     n = 5 f = 0 c = 32  | execution delay     : avg=95    std=154   p95=426   p99=628   p99.9=861   p99.99=1003  min=0     max=1130 
EPaxos     n = 5 f = 0 c = 32  | fast path rate      : 58.0   
EPaxos     n = 5 f = 0 c = 32  | total orders        : 32000
EPaxos     n = 5 f = 0 c = 32  | throughput          : 1090.7032
EPaxosMRV  n = 5 f = 0 c = 32  | operations success  : 31924
EPaxosMRV  n = 5 f = 0 c = 32  | operations failure  : 74
EPaxosMRV  n = 5 f = 0 c = 32  | percentage of fail operations : 3199800.0
EPaxosMRV  n = 5 f = 0 c = 32  | execution latency   : avg=308   std=209   p95=723   p99=908   p99.9=1082  p99.99=1108  min=78    max=1108 
EPaxosMRV  n = 5 f = 0 c = 32  | execution delay     : avg=79    std=137   p95=383   p99=562   p99.9=736   p99.99=896   min=0     max=948  
EPaxosMRV  n = 5 f = 0 c = 32  | fast path rate      : 61.9   
EPaxosMRV  n = 5 f = 0 c = 32  | total orders        : 32000
EPaxosMRV  n = 5 f = 0 c = 32  | throughput          : 848.0417
CONFLICTS: 60
FPaxos     n = 5 f = 1 c = 32  | operations success  : 31934
FPaxos     n = 5 f = 1 c = 32  | operations failure  : 66
FPaxos     n = 5 f = 1 c = 32  | percentage of fail operations : 3200000.0
FPaxos     n = 5 f = 1 c = 32  | execution latency   : avg=188   std=71    p95=258   p99=258   p99.9=258   p99.99=258   min=72    max=258  
FPaxos     n = 5 f = 1 c = 32  | fast path rate      : 0.0    
FPaxos     n = 5 f = 1 c = 32  | total orders        : 32000
FPaxos     n = 5 f = 1 c = 32  | throughput          : 4749.6424
EPaxos     n = 5 f = 0 c = 32  | operations success  : 31936
EPaxos     n = 5 f = 0 c = 32  | operations failure  : 63
EPaxos     n = 5 f = 0 c = 32  | percentage of fail operations : 3199900.0
EPaxos     n = 5 f = 0 c = 32  | execution latency   : avg=354   std=199   p95=714   p99=862   p99.9=930   p99.99=966   min=78    max=975  
EPaxos     n = 5 f = 0 c = 32  | execution delay     : avg=96    std=133   p95=377   p99=536   p99.9=658   p99.99=738   min=0     max=756  
EPaxos     n = 5 f = 0 c = 32  | fast path rate      : 48.6   
EPaxos     n = 5 f = 0 c = 32  | total orders        : 32000
EPaxos     n = 5 f = 0 c = 32  | throughput          : 937.3651
EPaxosMRV  n = 5 f = 0 c = 32  | operations success  : 31910
EPaxosMRV  n = 5 f = 0 c = 32  | operations failure  : 89
EPaxosMRV  n = 5 f = 0 c = 32  | percentage of fail operations : 3199900.0
EPaxosMRV  n = 5 f = 0 c = 32  | execution latency   : avg=332   std=202   p95=710   p99=888   p99.9=976   p99.99=1081  min=78    max=1090 
EPaxosMRV  n = 5 f = 0 c = 32  | execution delay     : avg=85    std=131   p95=366   p99=556   p99.9=716   p99.99=827   min=0     max=906  
EPaxosMRV  n = 5 f = 0 c = 32  | fast path rate      : 53.6   
EPaxosMRV  n = 5 f = 0 c = 32  | total orders        : 32000
EPaxosMRV  n = 5 f = 0 c = 32  | throughput          : 866.8569
CONFLICTS: 100
FPaxos     n = 5 f = 1 c = 32  | operations success  : 32000
FPaxos     n = 5 f = 1 c = 32  | operations failure  : 0
FPaxos     n = 5 f = 1 c = 32  | percentage of fail operations : 3200000.0
FPaxos     n = 5 f = 1 c = 32  | execution latency   : avg=188   std=71    p95=258   p99=258   p99.9=258   p99.99=258   min=72    max=258  
FPaxos     n = 5 f = 1 c = 32  | fast path rate      : 0.0    
FPaxos     n = 5 f = 1 c = 32  | total orders        : 32000
FPaxos     n = 5 f = 1 c = 32  | throughput          : 4640.0289
EPaxos     n = 5 f = 0 c = 32  | operations success  : 31974
EPaxos     n = 5 f = 0 c = 32  | operations failure  : 0
EPaxos     n = 5 f = 0 c = 32  | percentage of fail operations : 3197400.0
EPaxos     n = 5 f = 0 c = 32  | execution latency   : avg=367   std=25    p95=425   p99=467   p99.9=500   p99.99=533   min=299   max=533  
EPaxos     n = 5 f = 0 c = 32  | execution delay     : avg=58    std=81    p95=216   p99=277   p99.9=294   p99.99=294   min=0     max=347  
EPaxos     n = 5 f = 0 c = 32  | fast path rate      : 8.4    
EPaxos     n = 5 f = 0 c = 32  | total orders        : 32000
EPaxos     n = 5 f = 0 c = 32  | throughput          : 1276.4450
EPaxosMRV  n = 5 f = 0 c = 32  | operations success  : 31979
EPaxosMRV  n = 5 f = 0 c = 32  | operations failure  : 19
EPaxosMRV  n = 5 f = 0 c = 32  | percentage of fail operations : 3199800.0
EPaxosMRV  n = 5 f = 0 c = 32  | execution latency   : avg=393   std=119   p95=554   p99=591   p99.9=718   p99.99=743   min=78    max=821  
EPaxosMRV  n = 5 f = 0 c = 32  | execution delay     : avg=77    std=84    p95=224   p99=324   p99.9=421   p99.99=562   min=0     max=578  
EPaxosMRV  n = 5 f = 0 c = 32  | fast path rate      : 18.7   
EPaxosMRV  n = 5 f = 0 c = 32  | total orders        : 32000
EPaxosMRV  n = 5 f = 0 c = 32  | throughput          : 791.4236
